CRITICAL - 2023-07-14 07:57:46 --> syntax error, unexpected end of file
#0 C:\xampp\htdocs\edsa\system\View\View.php(222): CodeIgniter\View\View->CodeIgniter\View\{closure}()
#1 C:\xampp\htdocs\edsa\system\Common.php(1217): CodeIgniter\View\View->render('mutasi/mutasi', Array, true)
#2 C:\xampp\htdocs\edsa\app\Controllers\MutasiController.php(34): view('mutasi/mutasi', Array)
#3 C:\xampp\htdocs\edsa\system\CodeIgniter.php(936): App\Controllers\MutasiController->index()
#4 C:\xampp\htdocs\edsa\system\CodeIgniter.php(432): CodeIgniter\CodeIgniter->runController(Object(App\Controllers\MutasiController))
#5 C:\xampp\htdocs\edsa\system\CodeIgniter.php(333): CodeIgniter\CodeIgniter->handleRequest(NULL, Object(Config\Cache), false)
#6 C:\xampp\htdocs\edsa\public\index.php(44): CodeIgniter\CodeIgniter->run()
#7 C:\xampp\htdocs\edsa\system\Commands\Server\rewrite.php(45): require_once('C:\\xampp\\htdocs...')
#8 {main}
CRITICAL - 2023-07-14 07:57:49 --> syntax error, unexpected end of file
#0 C:\xampp\htdocs\edsa\system\View\View.php(222): CodeIgniter\View\View->CodeIgniter\View\{closure}()
#1 C:\xampp\htdocs\edsa\system\Common.php(1217): CodeIgniter\View\View->render('mutasi/mutasi', Array, true)
#2 C:\xampp\htdocs\edsa\app\Controllers\MutasiController.php(34): view('mutasi/mutasi', Array)
#3 C:\xampp\htdocs\edsa\system\CodeIgniter.php(936): App\Controllers\MutasiController->index()
#4 C:\xampp\htdocs\edsa\system\CodeIgniter.php(432): CodeIgniter\CodeIgniter->runController(Object(App\Controllers\MutasiController))
#5 C:\xampp\htdocs\edsa\system\CodeIgniter.php(333): CodeIgniter\CodeIgniter->handleRequest(NULL, Object(Config\Cache), false)
#6 C:\xampp\htdocs\edsa\public\index.php(44): CodeIgniter\CodeIgniter->run()
#7 C:\xampp\htdocs\edsa\system\Commands\Server\rewrite.php(45): require_once('C:\\xampp\\htdocs...')
#8 {main}
CRITICAL - 2023-07-14 07:57:49 --> syntax error, unexpected end of file
#0 C:\xampp\htdocs\edsa\system\View\View.php(222): CodeIgniter\View\View->CodeIgniter\View\{closure}()
#1 C:\xampp\htdocs\edsa\system\Common.php(1217): CodeIgniter\View\View->render('mutasi/mutasi', Array, true)
#2 C:\xampp\htdocs\edsa\app\Controllers\MutasiController.php(34): view('mutasi/mutasi', Array)
#3 C:\xampp\htdocs\edsa\system\CodeIgniter.php(936): App\Controllers\MutasiController->index()
#4 C:\xampp\htdocs\edsa\system\CodeIgniter.php(432): CodeIgniter\CodeIgniter->runController(Object(App\Controllers\MutasiController))
#5 C:\xampp\htdocs\edsa\system\CodeIgniter.php(333): CodeIgniter\CodeIgniter->handleRequest(NULL, Object(Config\Cache), false)
#6 C:\xampp\htdocs\edsa\public\index.php(44): CodeIgniter\CodeIgniter->run()
#7 C:\xampp\htdocs\edsa\system\Commands\Server\rewrite.php(45): require_once('C:\\xampp\\htdocs...')
#8 {main}
CRITICAL - 2023-07-14 07:57:50 --> syntax error, unexpected end of file
#0 C:\xampp\htdocs\edsa\system\View\View.php(222): CodeIgniter\View\View->CodeIgniter\View\{closure}()
#1 C:\xampp\htdocs\edsa\system\Common.php(1217): CodeIgniter\View\View->render('mutasi/mutasi', Array, true)
#2 C:\xampp\htdocs\edsa\app\Controllers\MutasiController.php(34): view('mutasi/mutasi', Array)
#3 C:\xampp\htdocs\edsa\system\CodeIgniter.php(936): App\Controllers\MutasiController->index()
#4 C:\xampp\htdocs\edsa\system\CodeIgniter.php(432): CodeIgniter\CodeIgniter->runController(Object(App\Controllers\MutasiController))
#5 C:\xampp\htdocs\edsa\system\CodeIgniter.php(333): CodeIgniter\CodeIgniter->handleRequest(NULL, Object(Config\Cache), false)
#6 C:\xampp\htdocs\edsa\public\index.php(44): CodeIgniter\CodeIgniter->run()
#7 C:\xampp\htdocs\edsa\system\Commands\Server\rewrite.php(45): require_once('C:\\xampp\\htdocs...')
#8 {main}
ERROR - 2023-07-14 08:51:58 --> mysqli_sql_exception: Column 'id_anggota' cannot be null in C:\xampp\htdocs\edsa\system\Database\MySQLi\Connection.php:314
Stack trace:
#0 C:\xampp\htdocs\edsa\system\Database\MySQLi\Connection.php(314): mysqli->query('INSERT INTO `tb...')
#1 C:\xampp\htdocs\edsa\system\Database\BaseConnection.php(713): CodeIgniter\Database\MySQLi\Connection->execute('INSERT INTO `tb...')
#2 C:\xampp\htdocs\edsa\system\Database\BaseConnection.php(641): CodeIgniter\Database\BaseConnection->simpleQuery('INSERT INTO `tb...')
#3 C:\xampp\htdocs\edsa\system\Database\BaseBuilder.php(2263): CodeIgniter\Database\BaseConnection->query('INSERT INTO `tb...', Array, false)
#4 C:\xampp\htdocs\edsa\system\Model.php(278): CodeIgniter\Database\BaseBuilder->insert()
#5 C:\xampp\htdocs\edsa\system\BaseModel.php(758): CodeIgniter\Model->doInsert(Array)
#6 C:\xampp\htdocs\edsa\system\Model.php(705): CodeIgniter\BaseModel->insert(Array, false)
#7 C:\xampp\htdocs\edsa\system\BaseModel.php(667): CodeIgniter\Model->insert(Array, false)
#8 C:\xampp\htdocs\edsa\app\Controllers\UnitController.php(46): CodeIgniter\BaseModel->save(Array)
#9 C:\xampp\htdocs\edsa\system\CodeIgniter.php(936): App\Controllers\UnitController->save()
#10 C:\xampp\htdocs\edsa\system\CodeIgniter.php(432): CodeIgniter\CodeIgniter->runController(Object(App\Controllers\UnitController))
#11 C:\xampp\htdocs\edsa\system\CodeIgniter.php(333): CodeIgniter\CodeIgniter->handleRequest(NULL, Object(Config\Cache), false)
#12 C:\xampp\htdocs\edsa\public\index.php(44): CodeIgniter\CodeIgniter->run()
#13 C:\xampp\htdocs\edsa\system\Commands\Server\rewrite.php(45): require_once('C:\\xampp\\htdocs...')
#14 {main}
ERROR - 2023-07-14 08:52:48 --> mysqli_sql_exception: Column 'id_anggota' cannot be null in C:\xampp\htdocs\edsa\system\Database\MySQLi\Connection.php:314
Stack trace:
#0 C:\xampp\htdocs\edsa\system\Database\MySQLi\Connection.php(314): mysqli->query('INSERT INTO `tb...')
#1 C:\xampp\htdocs\edsa\system\Database\BaseConnection.php(713): CodeIgniter\Database\MySQLi\Connection->execute('INSERT INTO `tb...')
#2 C:\xampp\htdocs\edsa\system\Database\BaseConnection.php(641): CodeIgniter\Database\BaseConnection->simpleQuery('INSERT INTO `tb...')
#3 C:\xampp\htdocs\edsa\system\Database\BaseBuilder.php(2263): CodeIgniter\Database\BaseConnection->query('INSERT INTO `tb...', Array, false)
#4 C:\xampp\htdocs\edsa\system\Model.php(278): CodeIgniter\Database\BaseBuilder->insert()
#5 C:\xampp\htdocs\edsa\system\BaseModel.php(758): CodeIgniter\Model->doInsert(Array)
#6 C:\xampp\htdocs\edsa\system\Model.php(705): CodeIgniter\BaseModel->insert(Array, false)
#7 C:\xampp\htdocs\edsa\system\BaseModel.php(667): CodeIgniter\Model->insert(Array, false)
#8 C:\xampp\htdocs\edsa\app\Controllers\UnitController.php(46): CodeIgniter\BaseModel->save(Array)
#9 C:\xampp\htdocs\edsa\system\CodeIgniter.php(936): App\Controllers\UnitController->save()
#10 C:\xampp\htdocs\edsa\system\CodeIgniter.php(432): CodeIgniter\CodeIgniter->runController(Object(App\Controllers\UnitController))
#11 C:\xampp\htdocs\edsa\system\CodeIgniter.php(333): CodeIgniter\CodeIgniter->handleRequest(NULL, Object(Config\Cache), false)
#12 C:\xampp\htdocs\edsa\public\index.php(44): CodeIgniter\CodeIgniter->run()
#13 C:\xampp\htdocs\edsa\system\Commands\Server\rewrite.php(45): require_once('C:\\xampp\\htdocs...')
#14 {main}
CRITICAL - 2023-07-14 09:38:35 --> Undefined array key "jam_masuk"
#0 C:\xampp\htdocs\edsa\app\Views\shift\shift.php(91): CodeIgniter\Debug\Exceptions->errorHandler(2, 'Undefined array...', 'C:\\xampp\\htdocs...', 91)
#1 C:\xampp\htdocs\edsa\system\View\View.php(220): include('C:\\xampp\\htdocs...')
#2 C:\xampp\htdocs\edsa\system\View\View.php(222): CodeIgniter\View\View->CodeIgniter\View\{closure}()
#3 C:\xampp\htdocs\edsa\system\Common.php(1217): CodeIgniter\View\View->render('shift/shift', Array, true)
#4 C:\xampp\htdocs\edsa\app\Controllers\ShiftController.php(26): view('shift/shift', Array)
#5 C:\xampp\htdocs\edsa\system\CodeIgniter.php(936): App\Controllers\ShiftController->index()
#6 C:\xampp\htdocs\edsa\system\CodeIgniter.php(432): CodeIgniter\CodeIgniter->runController(Object(App\Controllers\ShiftController))
#7 C:\xampp\htdocs\edsa\system\CodeIgniter.php(333): CodeIgniter\CodeIgniter->handleRequest(NULL, Object(Config\Cache), false)
#8 C:\xampp\htdocs\edsa\public\index.php(44): CodeIgniter\CodeIgniter->run()
#9 C:\xampp\htdocs\edsa\system\Commands\Server\rewrite.php(45): require_once('C:\\xampp\\htdocs...')
#10 {main}
