CRITICAL - 2023-07-26 07:37:08 --> syntax error, unexpected single-quoted string "id_anggota", expecting "]"
#0 D:\edsa update 25 juli 2023\edsa\system\Autoloader\Autoloader.php(265): CodeIgniter\Autoloader\Autoloader->includeFile('D:\\edsa update ...')
#1 D:\edsa update 25 juli 2023\edsa\system\Autoloader\Autoloader.php(228): CodeIgniter\Autoloader\Autoloader->loadInNamespace('App\\Controllers...')
#2 [internal function]: CodeIgniter\Autoloader\Autoloader->loadClass('App\\Controllers...')
#3 D:\edsa update 25 juli 2023\edsa\system\CodeIgniter.php(893): class_exists('\\App\\Controller...', true)
#4 D:\edsa update 25 juli 2023\edsa\system\CodeIgniter.php(417): CodeIgniter\CodeIgniter->startController()
#5 D:\edsa update 25 juli 2023\edsa\system\CodeIgniter.php(333): CodeIgniter\CodeIgniter->handleRequest(NULL, Object(Config\Cache), false)
#6 D:\edsa update 25 juli 2023\edsa\public\index.php(44): CodeIgniter\CodeIgniter->run()
#7 D:\edsa update 25 juli 2023\edsa\system\Commands\Server\rewrite.php(45): require_once('D:\\edsa update ...')
#8 {main}
CRITICAL - 2023-07-26 07:37:09 --> syntax error, unexpected single-quoted string "id_anggota", expecting "]"
#0 D:\edsa update 25 juli 2023\edsa\system\Autoloader\Autoloader.php(265): CodeIgniter\Autoloader\Autoloader->includeFile('D:\\edsa update ...')
#1 D:\edsa update 25 juli 2023\edsa\system\Autoloader\Autoloader.php(228): CodeIgniter\Autoloader\Autoloader->loadInNamespace('App\\Controllers...')
#2 [internal function]: CodeIgniter\Autoloader\Autoloader->loadClass('App\\Controllers...')
#3 D:\edsa update 25 juli 2023\edsa\system\CodeIgniter.php(893): class_exists('\\App\\Controller...', true)
#4 D:\edsa update 25 juli 2023\edsa\system\CodeIgniter.php(417): CodeIgniter\CodeIgniter->startController()
#5 D:\edsa update 25 juli 2023\edsa\system\CodeIgniter.php(333): CodeIgniter\CodeIgniter->handleRequest(NULL, Object(Config\Cache), false)
#6 D:\edsa update 25 juli 2023\edsa\public\index.php(44): CodeIgniter\CodeIgniter->run()
#7 D:\edsa update 25 juli 2023\edsa\system\Commands\Server\rewrite.php(45): require_once('D:\\edsa update ...')
#8 {main}
CRITICAL - 2023-07-26 07:39:46 --> Undefined array key "nm_regu"
#0 D:\edsa update 25 juli 2023\edsa\app\Controllers\LoginController.php(54): CodeIgniter\Debug\Exceptions->errorHandler(2, 'Undefined array...', 'D:\\edsa update ...', 54)
#1 D:\edsa update 25 juli 2023\edsa\system\CodeIgniter.php(936): App\Controllers\LoginController->login()
#2 D:\edsa update 25 juli 2023\edsa\system\CodeIgniter.php(432): CodeIgniter\CodeIgniter->runController(Object(App\Controllers\LoginController))
#3 D:\edsa update 25 juli 2023\edsa\system\CodeIgniter.php(333): CodeIgniter\CodeIgniter->handleRequest(NULL, Object(Config\Cache), false)
#4 D:\edsa update 25 juli 2023\edsa\public\index.php(44): CodeIgniter\CodeIgniter->run()
#5 D:\edsa update 25 juli 2023\edsa\system\Commands\Server\rewrite.php(45): require_once('D:\\edsa update ...')
#6 {main}
CRITICAL - 2023-07-26 07:40:15 --> Undefined array key "nm_regu"
#0 D:\edsa update 25 juli 2023\edsa\app\Controllers\LoginController.php(54): CodeIgniter\Debug\Exceptions->errorHandler(2, 'Undefined array...', 'D:\\edsa update ...', 54)
#1 D:\edsa update 25 juli 2023\edsa\system\CodeIgniter.php(936): App\Controllers\LoginController->login()
#2 D:\edsa update 25 juli 2023\edsa\system\CodeIgniter.php(432): CodeIgniter\CodeIgniter->runController(Object(App\Controllers\LoginController))
#3 D:\edsa update 25 juli 2023\edsa\system\CodeIgniter.php(333): CodeIgniter\CodeIgniter->handleRequest(NULL, Object(Config\Cache), false)
#4 D:\edsa update 25 juli 2023\edsa\public\index.php(44): CodeIgniter\CodeIgniter->run()
#5 D:\edsa update 25 juli 2023\edsa\system\Commands\Server\rewrite.php(45): require_once('D:\\edsa update ...')
#6 {main}
CRITICAL - 2023-07-26 07:44:57 --> Undefined array key "nm_regu"
#0 D:\edsa update 25 juli 2023\edsa\app\Controllers\LoginController.php(54): CodeIgniter\Debug\Exceptions->errorHandler(2, 'Undefined array...', 'D:\\edsa update ...', 54)
#1 D:\edsa update 25 juli 2023\edsa\system\CodeIgniter.php(936): App\Controllers\LoginController->login()
#2 D:\edsa update 25 juli 2023\edsa\system\CodeIgniter.php(432): CodeIgniter\CodeIgniter->runController(Object(App\Controllers\LoginController))
#3 D:\edsa update 25 juli 2023\edsa\system\CodeIgniter.php(333): CodeIgniter\CodeIgniter->handleRequest(NULL, Object(Config\Cache), false)
#4 D:\edsa update 25 juli 2023\edsa\public\index.php(44): CodeIgniter\CodeIgniter->run()
#5 D:\edsa update 25 juli 2023\edsa\system\Commands\Server\rewrite.php(45): require_once('D:\\edsa update ...')
#6 {main}
CRITICAL - 2023-07-26 07:46:16 --> Undefined array key "nm_regu"
#0 D:\edsa update 25 juli 2023\edsa\app\Controllers\LoginController.php(54): CodeIgniter\Debug\Exceptions->errorHandler(2, 'Undefined array...', 'D:\\edsa update ...', 54)
#1 D:\edsa update 25 juli 2023\edsa\system\CodeIgniter.php(936): App\Controllers\LoginController->login()
#2 D:\edsa update 25 juli 2023\edsa\system\CodeIgniter.php(432): CodeIgniter\CodeIgniter->runController(Object(App\Controllers\LoginController))
#3 D:\edsa update 25 juli 2023\edsa\system\CodeIgniter.php(333): CodeIgniter\CodeIgniter->handleRequest(NULL, Object(Config\Cache), false)
#4 D:\edsa update 25 juli 2023\edsa\public\index.php(44): CodeIgniter\CodeIgniter->run()
#5 D:\edsa update 25 juli 2023\edsa\system\Commands\Server\rewrite.php(45): require_once('D:\\edsa update ...')
#6 {main}
ERROR - 2023-07-26 07:53:22 --> mysqli_sql_exception: Cannot add or update a child row: a foreign key constraint fails (`ciedsa`.`tb_mutasi`, CONSTRAINT `tb_mutasi_ibfk_3` FOREIGN KEY (`id_anggota`) REFERENCES `tb_anggota` (`id`) ON DELETE CASCADE ON UPDATE CASCADE) in D:\edsa update 25 juli 2023\edsa\system\Database\MySQLi\Connection.php:314
Stack trace:
#0 D:\edsa update 25 juli 2023\edsa\system\Database\MySQLi\Connection.php(314): mysqli->query('INSERT INTO `tb...')
#1 D:\edsa update 25 juli 2023\edsa\system\Database\BaseConnection.php(713): CodeIgniter\Database\MySQLi\Connection->execute('INSERT INTO `tb...')
#2 D:\edsa update 25 juli 2023\edsa\system\Database\BaseConnection.php(641): CodeIgniter\Database\BaseConnection->simpleQuery('INSERT INTO `tb...')
#3 D:\edsa update 25 juli 2023\edsa\system\Database\BaseBuilder.php(2263): CodeIgniter\Database\BaseConnection->query('INSERT INTO `tb...', Array, false)
#4 D:\edsa update 25 juli 2023\edsa\app\Models\Mutasi.php(55): CodeIgniter\Database\BaseBuilder->insert(Array)
#5 D:\edsa update 25 juli 2023\edsa\app\Controllers\MutasiController.php(139): App\Models\Mutasi->addMutasi(Array)
#6 D:\edsa update 25 juli 2023\edsa\system\CodeIgniter.php(936): App\Controllers\MutasiController->save()
#7 D:\edsa update 25 juli 2023\edsa\system\CodeIgniter.php(432): CodeIgniter\CodeIgniter->runController(Object(App\Controllers\MutasiController))
#8 D:\edsa update 25 juli 2023\edsa\system\CodeIgniter.php(333): CodeIgniter\CodeIgniter->handleRequest(NULL, Object(Config\Cache), false)
#9 D:\edsa update 25 juli 2023\edsa\public\index.php(44): CodeIgniter\CodeIgniter->run()
#10 D:\edsa update 25 juli 2023\edsa\system\Commands\Server\rewrite.php(45): require_once('D:\\edsa update ...')
#11 {main}
CRITICAL - 2023-07-26 07:57:42 --> Call to undefined function defaul_timezone_set()
#0 D:\edsa update 25 juli 2023\edsa\system\View\View.php(220): include()
#1 D:\edsa update 25 juli 2023\edsa\system\View\View.php(222): CodeIgniter\View\View->CodeIgniter\View\{closure}()
#2 D:\edsa update 25 juli 2023\edsa\system\Common.php(1217): CodeIgniter\View\View->render('mutasi/tambah_m...', Array, true)
#3 D:\edsa update 25 juli 2023\edsa\app\Controllers\MutasiController.php(53): view('mutasi/tambah_m...', Array)
#4 D:\edsa update 25 juli 2023\edsa\system\CodeIgniter.php(936): App\Controllers\MutasiController->create()
#5 D:\edsa update 25 juli 2023\edsa\system\CodeIgniter.php(432): CodeIgniter\CodeIgniter->runController(Object(App\Controllers\MutasiController))
#6 D:\edsa update 25 juli 2023\edsa\system\CodeIgniter.php(333): CodeIgniter\CodeIgniter->handleRequest(NULL, Object(Config\Cache), false)
#7 D:\edsa update 25 juli 2023\edsa\public\index.php(44): CodeIgniter\CodeIgniter->run()
#8 D:\edsa update 25 juli 2023\edsa\system\Commands\Server\rewrite.php(45): require_once('D:\\edsa update ...')
#9 {main}
