CRITICAL - 2023-07-22 12:12:31 --> CodeIgniter\Database\BaseResult::getResult(): Argument #1 ($type) must be of type string, null given, called in C:\xampp\htdocs\edsa\system\Model.php on line 214
#0 C:\xampp\htdocs\edsa\system\Model.php(214): CodeIgniter\Database\BaseResult->getResult(NULL)
#1 C:\xampp\htdocs\edsa\system\BaseModel.php(583): CodeIgniter\Model->doFindAll(0, 0)
#2 C:\xampp\htdocs\edsa\app\Controllers\AkunController.php(35): CodeIgniter\BaseModel->findAll()
#3 C:\xampp\htdocs\edsa\system\CodeIgniter.php(936): App\Controllers\AkunController->create()
#4 C:\xampp\htdocs\edsa\system\CodeIgniter.php(432): CodeIgniter\CodeIgniter->runController(Object(App\Controllers\AkunController))
#5 C:\xampp\htdocs\edsa\system\CodeIgniter.php(333): CodeIgniter\CodeIgniter->handleRequest(NULL, Object(Config\Cache), false)
#6 C:\xampp\htdocs\edsa\public\index.php(44): CodeIgniter\CodeIgniter->run()
#7 C:\xampp\htdocs\edsa\system\Commands\Server\rewrite.php(45): require_once('C:\\xampp\\htdocs...')
#8 {main}
CRITICAL - 2023-07-22 12:13:03 --> CodeIgniter\Database\BaseResult::getResult(): Argument #1 ($type) must be of type string, null given, called in C:\xampp\htdocs\edsa\system\Model.php on line 214
#0 C:\xampp\htdocs\edsa\system\Model.php(214): CodeIgniter\Database\BaseResult->getResult(NULL)
#1 C:\xampp\htdocs\edsa\system\BaseModel.php(583): CodeIgniter\Model->doFindAll(0, 0)
#2 C:\xampp\htdocs\edsa\app\Controllers\AkunController.php(35): CodeIgniter\BaseModel->findAll()
#3 C:\xampp\htdocs\edsa\system\CodeIgniter.php(936): App\Controllers\AkunController->create()
#4 C:\xampp\htdocs\edsa\system\CodeIgniter.php(432): CodeIgniter\CodeIgniter->runController(Object(App\Controllers\AkunController))
#5 C:\xampp\htdocs\edsa\system\CodeIgniter.php(333): CodeIgniter\CodeIgniter->handleRequest(NULL, Object(Config\Cache), false)
#6 C:\xampp\htdocs\edsa\public\index.php(44): CodeIgniter\CodeIgniter->run()
#7 C:\xampp\htdocs\edsa\system\Commands\Server\rewrite.php(45): require_once('C:\\xampp\\htdocs...')
#8 {main}
CRITICAL - 2023-07-22 12:14:28 --> CodeIgniter\Database\BaseResult::getResult(): Argument #1 ($type) must be of type string, null given, called in C:\xampp\htdocs\edsa\system\Model.php on line 214
#0 C:\xampp\htdocs\edsa\system\Model.php(214): CodeIgniter\Database\BaseResult->getResult(NULL)
#1 C:\xampp\htdocs\edsa\system\BaseModel.php(583): CodeIgniter\Model->doFindAll(0, 0)
#2 C:\xampp\htdocs\edsa\app\Controllers\AkunController.php(31): CodeIgniter\BaseModel->findAll()
#3 C:\xampp\htdocs\edsa\system\CodeIgniter.php(936): App\Controllers\AkunController->create()
#4 C:\xampp\htdocs\edsa\system\CodeIgniter.php(432): CodeIgniter\CodeIgniter->runController(Object(App\Controllers\AkunController))
#5 C:\xampp\htdocs\edsa\system\CodeIgniter.php(333): CodeIgniter\CodeIgniter->handleRequest(NULL, Object(Config\Cache), false)
#6 C:\xampp\htdocs\edsa\public\index.php(44): CodeIgniter\CodeIgniter->run()
#7 C:\xampp\htdocs\edsa\system\Commands\Server\rewrite.php(45): require_once('C:\\xampp\\htdocs...')
#8 {main}
CRITICAL - 2023-07-22 12:14:29 --> CodeIgniter\Database\BaseResult::getResult(): Argument #1 ($type) must be of type string, null given, called in C:\xampp\htdocs\edsa\system\Model.php on line 214
#0 C:\xampp\htdocs\edsa\system\Model.php(214): CodeIgniter\Database\BaseResult->getResult(NULL)
#1 C:\xampp\htdocs\edsa\system\BaseModel.php(583): CodeIgniter\Model->doFindAll(0, 0)
#2 C:\xampp\htdocs\edsa\app\Controllers\AkunController.php(31): CodeIgniter\BaseModel->findAll()
#3 C:\xampp\htdocs\edsa\system\CodeIgniter.php(936): App\Controllers\AkunController->create()
#4 C:\xampp\htdocs\edsa\system\CodeIgniter.php(432): CodeIgniter\CodeIgniter->runController(Object(App\Controllers\AkunController))
#5 C:\xampp\htdocs\edsa\system\CodeIgniter.php(333): CodeIgniter\CodeIgniter->handleRequest(NULL, Object(Config\Cache), false)
#6 C:\xampp\htdocs\edsa\public\index.php(44): CodeIgniter\CodeIgniter->run()
#7 C:\xampp\htdocs\edsa\system\Commands\Server\rewrite.php(45): require_once('C:\\xampp\\htdocs...')
#8 {main}
CRITICAL - 2023-07-22 12:14:29 --> CodeIgniter\Database\BaseResult::getResult(): Argument #1 ($type) must be of type string, null given, called in C:\xampp\htdocs\edsa\system\Model.php on line 214
#0 C:\xampp\htdocs\edsa\system\Model.php(214): CodeIgniter\Database\BaseResult->getResult(NULL)
#1 C:\xampp\htdocs\edsa\system\BaseModel.php(583): CodeIgniter\Model->doFindAll(0, 0)
#2 C:\xampp\htdocs\edsa\app\Controllers\AkunController.php(31): CodeIgniter\BaseModel->findAll()
#3 C:\xampp\htdocs\edsa\system\CodeIgniter.php(936): App\Controllers\AkunController->create()
#4 C:\xampp\htdocs\edsa\system\CodeIgniter.php(432): CodeIgniter\CodeIgniter->runController(Object(App\Controllers\AkunController))
#5 C:\xampp\htdocs\edsa\system\CodeIgniter.php(333): CodeIgniter\CodeIgniter->handleRequest(NULL, Object(Config\Cache), false)
#6 C:\xampp\htdocs\edsa\public\index.php(44): CodeIgniter\CodeIgniter->run()
#7 C:\xampp\htdocs\edsa\system\Commands\Server\rewrite.php(45): require_once('C:\\xampp\\htdocs...')
#8 {main}
CRITICAL - 2023-07-22 12:14:29 --> CodeIgniter\Database\BaseResult::getResult(): Argument #1 ($type) must be of type string, null given, called in C:\xampp\htdocs\edsa\system\Model.php on line 214
#0 C:\xampp\htdocs\edsa\system\Model.php(214): CodeIgniter\Database\BaseResult->getResult(NULL)
#1 C:\xampp\htdocs\edsa\system\BaseModel.php(583): CodeIgniter\Model->doFindAll(0, 0)
#2 C:\xampp\htdocs\edsa\app\Controllers\AkunController.php(31): CodeIgniter\BaseModel->findAll()
#3 C:\xampp\htdocs\edsa\system\CodeIgniter.php(936): App\Controllers\AkunController->create()
#4 C:\xampp\htdocs\edsa\system\CodeIgniter.php(432): CodeIgniter\CodeIgniter->runController(Object(App\Controllers\AkunController))
#5 C:\xampp\htdocs\edsa\system\CodeIgniter.php(333): CodeIgniter\CodeIgniter->handleRequest(NULL, Object(Config\Cache), false)
#6 C:\xampp\htdocs\edsa\public\index.php(44): CodeIgniter\CodeIgniter->run()
#7 C:\xampp\htdocs\edsa\system\Commands\Server\rewrite.php(45): require_once('C:\\xampp\\htdocs...')
#8 {main}
CRITICAL - 2023-07-22 12:14:29 --> CodeIgniter\Database\BaseResult::getResult(): Argument #1 ($type) must be of type string, null given, called in C:\xampp\htdocs\edsa\system\Model.php on line 214
#0 C:\xampp\htdocs\edsa\system\Model.php(214): CodeIgniter\Database\BaseResult->getResult(NULL)
#1 C:\xampp\htdocs\edsa\system\BaseModel.php(583): CodeIgniter\Model->doFindAll(0, 0)
#2 C:\xampp\htdocs\edsa\app\Controllers\AkunController.php(31): CodeIgniter\BaseModel->findAll()
#3 C:\xampp\htdocs\edsa\system\CodeIgniter.php(936): App\Controllers\AkunController->create()
#4 C:\xampp\htdocs\edsa\system\CodeIgniter.php(432): CodeIgniter\CodeIgniter->runController(Object(App\Controllers\AkunController))
#5 C:\xampp\htdocs\edsa\system\CodeIgniter.php(333): CodeIgniter\CodeIgniter->handleRequest(NULL, Object(Config\Cache), false)
#6 C:\xampp\htdocs\edsa\public\index.php(44): CodeIgniter\CodeIgniter->run()
#7 C:\xampp\htdocs\edsa\system\Commands\Server\rewrite.php(45): require_once('C:\\xampp\\htdocs...')
#8 {main}
CRITICAL - 2023-07-22 12:14:30 --> CodeIgniter\Database\BaseResult::getResult(): Argument #1 ($type) must be of type string, null given, called in C:\xampp\htdocs\edsa\system\Model.php on line 214
#0 C:\xampp\htdocs\edsa\system\Model.php(214): CodeIgniter\Database\BaseResult->getResult(NULL)
#1 C:\xampp\htdocs\edsa\system\BaseModel.php(583): CodeIgniter\Model->doFindAll(0, 0)
#2 C:\xampp\htdocs\edsa\app\Controllers\AkunController.php(31): CodeIgniter\BaseModel->findAll()
#3 C:\xampp\htdocs\edsa\system\CodeIgniter.php(936): App\Controllers\AkunController->create()
#4 C:\xampp\htdocs\edsa\system\CodeIgniter.php(432): CodeIgniter\CodeIgniter->runController(Object(App\Controllers\AkunController))
#5 C:\xampp\htdocs\edsa\system\CodeIgniter.php(333): CodeIgniter\CodeIgniter->handleRequest(NULL, Object(Config\Cache), false)
#6 C:\xampp\htdocs\edsa\public\index.php(44): CodeIgniter\CodeIgniter->run()
#7 C:\xampp\htdocs\edsa\system\Commands\Server\rewrite.php(45): require_once('C:\\xampp\\htdocs...')
#8 {main}
CRITICAL - 2023-07-22 12:16:32 --> Undefined variable $anggota
#0 C:\xampp\htdocs\edsa\app\Views\dataakun\tambah_dataakun.php(44): CodeIgniter\Debug\Exceptions->errorHandler(2, 'Undefined varia...', 'C:\\xampp\\htdocs...', 44)
#1 C:\xampp\htdocs\edsa\system\View\View.php(220): include('C:\\xampp\\htdocs...')
#2 C:\xampp\htdocs\edsa\system\View\View.php(222): CodeIgniter\View\View->CodeIgniter\View\{closure}()
#3 C:\xampp\htdocs\edsa\system\Common.php(1217): CodeIgniter\View\View->render('dataakun/tambah...', Array, true)
#4 C:\xampp\htdocs\edsa\app\Controllers\AkunController.php(36): view('dataakun/tambah...', Array, Array)
#5 C:\xampp\htdocs\edsa\system\CodeIgniter.php(936): App\Controllers\AkunController->create()
#6 C:\xampp\htdocs\edsa\system\CodeIgniter.php(432): CodeIgniter\CodeIgniter->runController(Object(App\Controllers\AkunController))
#7 C:\xampp\htdocs\edsa\system\CodeIgniter.php(333): CodeIgniter\CodeIgniter->handleRequest(NULL, Object(Config\Cache), false)
#8 C:\xampp\htdocs\edsa\public\index.php(44): CodeIgniter\CodeIgniter->run()
#9 C:\xampp\htdocs\edsa\system\Commands\Server\rewrite.php(45): require_once('C:\\xampp\\htdocs...')
#10 {main}
CRITICAL - 2023-07-22 12:17:14 --> Undefined variable $anggota
#0 C:\xampp\htdocs\edsa\app\Views\dataakun\tambah_dataakun.php(44): CodeIgniter\Debug\Exceptions->errorHandler(2, 'Undefined varia...', 'C:\\xampp\\htdocs...', 44)
#1 C:\xampp\htdocs\edsa\system\View\View.php(220): include('C:\\xampp\\htdocs...')
#2 C:\xampp\htdocs\edsa\system\View\View.php(222): CodeIgniter\View\View->CodeIgniter\View\{closure}()
#3 C:\xampp\htdocs\edsa\system\Common.php(1217): CodeIgniter\View\View->render('dataakun/tambah...', Array, true)
#4 C:\xampp\htdocs\edsa\app\Controllers\AkunController.php(36): view('dataakun/tambah...', Array, Array)
#5 C:\xampp\htdocs\edsa\system\CodeIgniter.php(936): App\Controllers\AkunController->create()
#6 C:\xampp\htdocs\edsa\system\CodeIgniter.php(432): CodeIgniter\CodeIgniter->runController(Object(App\Controllers\AkunController))
#7 C:\xampp\htdocs\edsa\system\CodeIgniter.php(333): CodeIgniter\CodeIgniter->handleRequest(NULL, Object(Config\Cache), false)
#8 C:\xampp\htdocs\edsa\public\index.php(44): CodeIgniter\CodeIgniter->run()
#9 C:\xampp\htdocs\edsa\system\Commands\Server\rewrite.php(45): require_once('C:\\xampp\\htdocs...')
#10 {main}
CRITICAL - 2023-07-22 12:17:28 --> Undefined variable $anggota
#0 C:\xampp\htdocs\edsa\app\Views\dataakun\tambah_dataakun.php(44): CodeIgniter\Debug\Exceptions->errorHandler(2, 'Undefined varia...', 'C:\\xampp\\htdocs...', 44)
#1 C:\xampp\htdocs\edsa\system\View\View.php(220): include('C:\\xampp\\htdocs...')
#2 C:\xampp\htdocs\edsa\system\View\View.php(222): CodeIgniter\View\View->CodeIgniter\View\{closure}()
#3 C:\xampp\htdocs\edsa\system\Common.php(1217): CodeIgniter\View\View->render('dataakun/tambah...', Array, true)
#4 C:\xampp\htdocs\edsa\app\Controllers\AkunController.php(36): view('dataakun/tambah...', Array, Array)
#5 C:\xampp\htdocs\edsa\system\CodeIgniter.php(936): App\Controllers\AkunController->create()
#6 C:\xampp\htdocs\edsa\system\CodeIgniter.php(432): CodeIgniter\CodeIgniter->runController(Object(App\Controllers\AkunController))
#7 C:\xampp\htdocs\edsa\system\CodeIgniter.php(333): CodeIgniter\CodeIgniter->handleRequest(NULL, Object(Config\Cache), false)
#8 C:\xampp\htdocs\edsa\public\index.php(44): CodeIgniter\CodeIgniter->run()
#9 C:\xampp\htdocs\edsa\system\Commands\Server\rewrite.php(45): require_once('C:\\xampp\\htdocs...')
#10 {main}
CRITICAL - 2023-07-22 12:18:13 --> syntax error, unexpected token ";", expecting "]"
#0 C:\xampp\htdocs\edsa\system\Autoloader\Autoloader.php(265): CodeIgniter\Autoloader\Autoloader->includeFile('C:\\xampp\\htdocs...')
#1 C:\xampp\htdocs\edsa\system\Autoloader\Autoloader.php(228): CodeIgniter\Autoloader\Autoloader->loadInNamespace('App\\Controllers...')
#2 [internal function]: CodeIgniter\Autoloader\Autoloader->loadClass('App\\Controllers...')
#3 C:\xampp\htdocs\edsa\system\CodeIgniter.php(893): class_exists('\\App\\Controller...', true)
#4 C:\xampp\htdocs\edsa\system\CodeIgniter.php(417): CodeIgniter\CodeIgniter->startController()
#5 C:\xampp\htdocs\edsa\system\CodeIgniter.php(333): CodeIgniter\CodeIgniter->handleRequest(NULL, Object(Config\Cache), false)
#6 C:\xampp\htdocs\edsa\public\index.php(44): CodeIgniter\CodeIgniter->run()
#7 C:\xampp\htdocs\edsa\system\Commands\Server\rewrite.php(45): require_once('C:\\xampp\\htdocs...')
#8 {main}
CRITICAL - 2023-07-22 12:18:23 --> Undefined variable $anggota
#0 C:\xampp\htdocs\edsa\app\Controllers\AkunController.php(37): CodeIgniter\Debug\Exceptions->errorHandler(2, 'Undefined varia...', 'C:\\xampp\\htdocs...', 37)
#1 C:\xampp\htdocs\edsa\system\CodeIgniter.php(936): App\Controllers\AkunController->create()
#2 C:\xampp\htdocs\edsa\system\CodeIgniter.php(432): CodeIgniter\CodeIgniter->runController(Object(App\Controllers\AkunController))
#3 C:\xampp\htdocs\edsa\system\CodeIgniter.php(333): CodeIgniter\CodeIgniter->handleRequest(NULL, Object(Config\Cache), false)
#4 C:\xampp\htdocs\edsa\public\index.php(44): CodeIgniter\CodeIgniter->run()
#5 C:\xampp\htdocs\edsa\system\Commands\Server\rewrite.php(45): require_once('C:\\xampp\\htdocs...')
#6 {main}
CRITICAL - 2023-07-22 12:18:36 --> Attempt to read property "nm_anggota" on array
#0 C:\xampp\htdocs\edsa\app\Views\dataakun\tambah_dataakun.php(44): CodeIgniter\Debug\Exceptions->errorHandler(2, 'Attempt to read...', 'C:\\xampp\\htdocs...', 44)
#1 C:\xampp\htdocs\edsa\system\View\View.php(220): include('C:\\xampp\\htdocs...')
#2 C:\xampp\htdocs\edsa\system\View\View.php(222): CodeIgniter\View\View->CodeIgniter\View\{closure}()
#3 C:\xampp\htdocs\edsa\system\Common.php(1217): CodeIgniter\View\View->render('dataakun/tambah...', Array, true)
#4 C:\xampp\htdocs\edsa\app\Controllers\AkunController.php(37): view('dataakun/tambah...', Array)
#5 C:\xampp\htdocs\edsa\system\CodeIgniter.php(936): App\Controllers\AkunController->create()
#6 C:\xampp\htdocs\edsa\system\CodeIgniter.php(432): CodeIgniter\CodeIgniter->runController(Object(App\Controllers\AkunController))
#7 C:\xampp\htdocs\edsa\system\CodeIgniter.php(333): CodeIgniter\CodeIgniter->handleRequest(NULL, Object(Config\Cache), false)
#8 C:\xampp\htdocs\edsa\public\index.php(44): CodeIgniter\CodeIgniter->run()
#9 C:\xampp\htdocs\edsa\system\Commands\Server\rewrite.php(45): require_once('C:\\xampp\\htdocs...')
#10 {main}
CRITICAL - 2023-07-22 12:18:45 --> Undefined array key "nm_anggota"
#0 C:\xampp\htdocs\edsa\app\Views\dataakun\tambah_dataakun.php(44): CodeIgniter\Debug\Exceptions->errorHandler(2, 'Undefined array...', 'C:\\xampp\\htdocs...', 44)
#1 C:\xampp\htdocs\edsa\system\View\View.php(220): include('C:\\xampp\\htdocs...')
#2 C:\xampp\htdocs\edsa\system\View\View.php(222): CodeIgniter\View\View->CodeIgniter\View\{closure}()
#3 C:\xampp\htdocs\edsa\system\Common.php(1217): CodeIgniter\View\View->render('dataakun/tambah...', Array, true)
#4 C:\xampp\htdocs\edsa\app\Controllers\AkunController.php(37): view('dataakun/tambah...', Array)
#5 C:\xampp\htdocs\edsa\system\CodeIgniter.php(936): App\Controllers\AkunController->create()
#6 C:\xampp\htdocs\edsa\system\CodeIgniter.php(432): CodeIgniter\CodeIgniter->runController(Object(App\Controllers\AkunController))
#7 C:\xampp\htdocs\edsa\system\CodeIgniter.php(333): CodeIgniter\CodeIgniter->handleRequest(NULL, Object(Config\Cache), false)
#8 C:\xampp\htdocs\edsa\public\index.php(44): CodeIgniter\CodeIgniter->run()
#9 C:\xampp\htdocs\edsa\system\Commands\Server\rewrite.php(45): require_once('C:\\xampp\\htdocs...')
#10 {main}
CRITICAL - 2023-07-22 12:20:00 --> Undefined array key "nm_anggota"
#0 C:\xampp\htdocs\edsa\app\Views\dataakun\tambah_dataakun.php(44): CodeIgniter\Debug\Exceptions->errorHandler(2, 'Undefined array...', 'C:\\xampp\\htdocs...', 44)
#1 C:\xampp\htdocs\edsa\system\View\View.php(220): include('C:\\xampp\\htdocs...')
#2 C:\xampp\htdocs\edsa\system\View\View.php(222): CodeIgniter\View\View->CodeIgniter\View\{closure}()
#3 C:\xampp\htdocs\edsa\system\Common.php(1217): CodeIgniter\View\View->render('dataakun/tambah...', Array, true)
#4 C:\xampp\htdocs\edsa\app\Controllers\AkunController.php(37): view('dataakun/tambah...', Array)
#5 C:\xampp\htdocs\edsa\system\CodeIgniter.php(936): App\Controllers\AkunController->create()
#6 C:\xampp\htdocs\edsa\system\CodeIgniter.php(432): CodeIgniter\CodeIgniter->runController(Object(App\Controllers\AkunController))
#7 C:\xampp\htdocs\edsa\system\CodeIgniter.php(333): CodeIgniter\CodeIgniter->handleRequest(NULL, Object(Config\Cache), false)
#8 C:\xampp\htdocs\edsa\public\index.php(44): CodeIgniter\CodeIgniter->run()
#9 C:\xampp\htdocs\edsa\system\Commands\Server\rewrite.php(45): require_once('C:\\xampp\\htdocs...')
#10 {main}
CRITICAL - 2023-07-22 12:21:25 --> Undefined array key "nm_anggota"
#0 C:\xampp\htdocs\edsa\app\Views\dataakun\tambah_dataakun.php(44): CodeIgniter\Debug\Exceptions->errorHandler(2, 'Undefined array...', 'C:\\xampp\\htdocs...', 44)
#1 C:\xampp\htdocs\edsa\system\View\View.php(220): include('C:\\xampp\\htdocs...')
#2 C:\xampp\htdocs\edsa\system\View\View.php(222): CodeIgniter\View\View->CodeIgniter\View\{closure}()
#3 C:\xampp\htdocs\edsa\system\Common.php(1217): CodeIgniter\View\View->render('dataakun/tambah...', Array, true)
#4 C:\xampp\htdocs\edsa\app\Controllers\AkunController.php(37): view('dataakun/tambah...', Array)
#5 C:\xampp\htdocs\edsa\system\CodeIgniter.php(936): App\Controllers\AkunController->create()
#6 C:\xampp\htdocs\edsa\system\CodeIgniter.php(432): CodeIgniter\CodeIgniter->runController(Object(App\Controllers\AkunController))
#7 C:\xampp\htdocs\edsa\system\CodeIgniter.php(333): CodeIgniter\CodeIgniter->handleRequest(NULL, Object(Config\Cache), false)
#8 C:\xampp\htdocs\edsa\public\index.php(44): CodeIgniter\CodeIgniter->run()
#9 C:\xampp\htdocs\edsa\system\Commands\Server\rewrite.php(45): require_once('C:\\xampp\\htdocs...')
#10 {main}
CRITICAL - 2023-07-22 12:21:44 --> CodeIgniter\Database\BaseResult::getResult(): Argument #1 ($type) must be of type string, null given, called in C:\xampp\htdocs\edsa\system\Model.php on line 214
#0 C:\xampp\htdocs\edsa\system\Model.php(214): CodeIgniter\Database\BaseResult->getResult(NULL)
#1 C:\xampp\htdocs\edsa\system\BaseModel.php(583): CodeIgniter\Model->doFindAll(0, 0)
#2 C:\xampp\htdocs\edsa\app\Controllers\AkunController.php(35): CodeIgniter\BaseModel->findAll()
#3 C:\xampp\htdocs\edsa\system\CodeIgniter.php(936): App\Controllers\AkunController->create()
#4 C:\xampp\htdocs\edsa\system\CodeIgniter.php(432): CodeIgniter\CodeIgniter->runController(Object(App\Controllers\AkunController))
#5 C:\xampp\htdocs\edsa\system\CodeIgniter.php(333): CodeIgniter\CodeIgniter->handleRequest(NULL, Object(Config\Cache), false)
#6 C:\xampp\htdocs\edsa\public\index.php(44): CodeIgniter\CodeIgniter->run()
#7 C:\xampp\htdocs\edsa\system\Commands\Server\rewrite.php(45): require_once('C:\\xampp\\htdocs...')
#8 {main}
CRITICAL - 2023-07-22 12:23:01 --> Undefined array key "nm_anggota"
#0 C:\xampp\htdocs\edsa\app\Views\dataakun\tambah_dataakun.php(44): CodeIgniter\Debug\Exceptions->errorHandler(2, 'Undefined array...', 'C:\\xampp\\htdocs...', 44)
#1 C:\xampp\htdocs\edsa\system\View\View.php(220): include('C:\\xampp\\htdocs...')
#2 C:\xampp\htdocs\edsa\system\View\View.php(222): CodeIgniter\View\View->CodeIgniter\View\{closure}()
#3 C:\xampp\htdocs\edsa\system\Common.php(1217): CodeIgniter\View\View->render('dataakun/tambah...', Array, true)
#4 C:\xampp\htdocs\edsa\app\Controllers\AkunController.php(37): view('dataakun/tambah...', Array)
#5 C:\xampp\htdocs\edsa\system\CodeIgniter.php(936): App\Controllers\AkunController->create()
#6 C:\xampp\htdocs\edsa\system\CodeIgniter.php(432): CodeIgniter\CodeIgniter->runController(Object(App\Controllers\AkunController))
#7 C:\xampp\htdocs\edsa\system\CodeIgniter.php(333): CodeIgniter\CodeIgniter->handleRequest(NULL, Object(Config\Cache), false)
#8 C:\xampp\htdocs\edsa\public\index.php(44): CodeIgniter\CodeIgniter->run()
#9 C:\xampp\htdocs\edsa\system\Commands\Server\rewrite.php(45): require_once('C:\\xampp\\htdocs...')
#10 {main}
CRITICAL - 2023-07-22 12:23:12 --> Undefined array key "nm_anggota"
#0 C:\xampp\htdocs\edsa\app\Views\dataakun\tambah_dataakun.php(44): CodeIgniter\Debug\Exceptions->errorHandler(2, 'Undefined array...', 'C:\\xampp\\htdocs...', 44)
#1 C:\xampp\htdocs\edsa\system\View\View.php(220): include('C:\\xampp\\htdocs...')
#2 C:\xampp\htdocs\edsa\system\View\View.php(222): CodeIgniter\View\View->CodeIgniter\View\{closure}()
#3 C:\xampp\htdocs\edsa\system\Common.php(1217): CodeIgniter\View\View->render('dataakun/tambah...', Array, true)
#4 C:\xampp\htdocs\edsa\app\Controllers\AkunController.php(37): view('dataakun/tambah...', Array)
#5 C:\xampp\htdocs\edsa\system\CodeIgniter.php(936): App\Controllers\AkunController->create()
#6 C:\xampp\htdocs\edsa\system\CodeIgniter.php(432): CodeIgniter\CodeIgniter->runController(Object(App\Controllers\AkunController))
#7 C:\xampp\htdocs\edsa\system\CodeIgniter.php(333): CodeIgniter\CodeIgniter->handleRequest(NULL, Object(Config\Cache), false)
#8 C:\xampp\htdocs\edsa\public\index.php(44): CodeIgniter\CodeIgniter->run()
#9 C:\xampp\htdocs\edsa\system\Commands\Server\rewrite.php(45): require_once('C:\\xampp\\htdocs...')
#10 {main}
CRITICAL - 2023-07-22 12:23:13 --> Undefined array key "nm_anggota"
#0 C:\xampp\htdocs\edsa\app\Views\dataakun\tambah_dataakun.php(44): CodeIgniter\Debug\Exceptions->errorHandler(2, 'Undefined array...', 'C:\\xampp\\htdocs...', 44)
#1 C:\xampp\htdocs\edsa\system\View\View.php(220): include('C:\\xampp\\htdocs...')
#2 C:\xampp\htdocs\edsa\system\View\View.php(222): CodeIgniter\View\View->CodeIgniter\View\{closure}()
#3 C:\xampp\htdocs\edsa\system\Common.php(1217): CodeIgniter\View\View->render('dataakun/tambah...', Array, true)
#4 C:\xampp\htdocs\edsa\app\Controllers\AkunController.php(37): view('dataakun/tambah...', Array)
#5 C:\xampp\htdocs\edsa\system\CodeIgniter.php(936): App\Controllers\AkunController->create()
#6 C:\xampp\htdocs\edsa\system\CodeIgniter.php(432): CodeIgniter\CodeIgniter->runController(Object(App\Controllers\AkunController))
#7 C:\xampp\htdocs\edsa\system\CodeIgniter.php(333): CodeIgniter\CodeIgniter->handleRequest(NULL, Object(Config\Cache), false)
#8 C:\xampp\htdocs\edsa\public\index.php(44): CodeIgniter\CodeIgniter->run()
#9 C:\xampp\htdocs\edsa\system\Commands\Server\rewrite.php(45): require_once('C:\\xampp\\htdocs...')
#10 {main}
CRITICAL - 2023-07-22 12:23:23 --> Undefined array key "nm_anggota"
#0 C:\xampp\htdocs\edsa\app\Views\dataakun\tambah_dataakun.php(44): CodeIgniter\Debug\Exceptions->errorHandler(2, 'Undefined array...', 'C:\\xampp\\htdocs...', 44)
#1 C:\xampp\htdocs\edsa\system\View\View.php(220): include('C:\\xampp\\htdocs...')
#2 C:\xampp\htdocs\edsa\system\View\View.php(222): CodeIgniter\View\View->CodeIgniter\View\{closure}()
#3 C:\xampp\htdocs\edsa\system\Common.php(1217): CodeIgniter\View\View->render('dataakun/tambah...', Array, true)
#4 C:\xampp\htdocs\edsa\app\Controllers\AkunController.php(37): view('dataakun/tambah...', Array)
#5 C:\xampp\htdocs\edsa\system\CodeIgniter.php(936): App\Controllers\AkunController->create()
#6 C:\xampp\htdocs\edsa\system\CodeIgniter.php(432): CodeIgniter\CodeIgniter->runController(Object(App\Controllers\AkunController))
#7 C:\xampp\htdocs\edsa\system\CodeIgniter.php(333): CodeIgniter\CodeIgniter->handleRequest(NULL, Object(Config\Cache), false)
#8 C:\xampp\htdocs\edsa\public\index.php(44): CodeIgniter\CodeIgniter->run()
#9 C:\xampp\htdocs\edsa\system\Commands\Server\rewrite.php(45): require_once('C:\\xampp\\htdocs...')
#10 {main}
CRITICAL - 2023-07-22 12:24:58 --> Call to undefined method CodeIgniter\Database\MySQLi\Result::getResul()
#0 C:\xampp\htdocs\edsa\system\CodeIgniter.php(936): App\Controllers\AkunController->create()
#1 C:\xampp\htdocs\edsa\system\CodeIgniter.php(432): CodeIgniter\CodeIgniter->runController(Object(App\Controllers\AkunController))
#2 C:\xampp\htdocs\edsa\system\CodeIgniter.php(333): CodeIgniter\CodeIgniter->handleRequest(NULL, Object(Config\Cache), false)
#3 C:\xampp\htdocs\edsa\public\index.php(44): CodeIgniter\CodeIgniter->run()
#4 C:\xampp\htdocs\edsa\system\Commands\Server\rewrite.php(45): require_once('C:\\xampp\\htdocs...')
#5 {main}
CRITICAL - 2023-07-22 12:30:11 --> Undefined array key "nm_anggota"
#0 C:\xampp\htdocs\edsa\app\Views\dataakun\tambah_dataakun.php(44): CodeIgniter\Debug\Exceptions->errorHandler(2, 'Undefined array...', 'C:\\xampp\\htdocs...', 44)
#1 C:\xampp\htdocs\edsa\system\View\View.php(220): include('C:\\xampp\\htdocs...')
#2 C:\xampp\htdocs\edsa\system\View\View.php(222): CodeIgniter\View\View->CodeIgniter\View\{closure}()
#3 C:\xampp\htdocs\edsa\system\Common.php(1217): CodeIgniter\View\View->render('dataakun/tambah...', Array, true)
#4 C:\xampp\htdocs\edsa\app\Controllers\AkunController.php(37): view('dataakun/tambah...', Array)
#5 C:\xampp\htdocs\edsa\system\CodeIgniter.php(936): App\Controllers\AkunController->create()
#6 C:\xampp\htdocs\edsa\system\CodeIgniter.php(432): CodeIgniter\CodeIgniter->runController(Object(App\Controllers\AkunController))
#7 C:\xampp\htdocs\edsa\system\CodeIgniter.php(333): CodeIgniter\CodeIgniter->handleRequest(NULL, Object(Config\Cache), false)
#8 C:\xampp\htdocs\edsa\public\index.php(44): CodeIgniter\CodeIgniter->run()
#9 C:\xampp\htdocs\edsa\system\Commands\Server\rewrite.php(45): require_once('C:\\xampp\\htdocs...')
#10 {main}
CRITICAL - 2023-07-22 12:31:50 --> syntax error, unexpected token ";", expecting "]"
#0 C:\xampp\htdocs\edsa\system\Autoloader\Autoloader.php(265): CodeIgniter\Autoloader\Autoloader->includeFile('C:\\xampp\\htdocs...')
#1 C:\xampp\htdocs\edsa\system\Autoloader\Autoloader.php(228): CodeIgniter\Autoloader\Autoloader->loadInNamespace('App\\Controllers...')
#2 [internal function]: CodeIgniter\Autoloader\Autoloader->loadClass('App\\Controllers...')
#3 C:\xampp\htdocs\edsa\system\CodeIgniter.php(893): class_exists('\\App\\Controller...', true)
#4 C:\xampp\htdocs\edsa\system\CodeIgniter.php(417): CodeIgniter\CodeIgniter->startController()
#5 C:\xampp\htdocs\edsa\system\CodeIgniter.php(333): CodeIgniter\CodeIgniter->handleRequest(NULL, Object(Config\Cache), false)
#6 C:\xampp\htdocs\edsa\public\index.php(44): CodeIgniter\CodeIgniter->run()
#7 C:\xampp\htdocs\edsa\system\Commands\Server\rewrite.php(45): require_once('C:\\xampp\\htdocs...')
#8 {main}
CRITICAL - 2023-07-22 12:31:58 --> CodeIgniter\Database\BaseResult::getResult(): Argument #1 ($type) must be of type string, null given, called in C:\xampp\htdocs\edsa\system\Model.php on line 214
#0 C:\xampp\htdocs\edsa\system\Model.php(214): CodeIgniter\Database\BaseResult->getResult(NULL)
#1 C:\xampp\htdocs\edsa\system\BaseModel.php(583): CodeIgniter\Model->doFindAll(0, 0)
#2 C:\xampp\htdocs\edsa\app\Controllers\AkunController.php(35): CodeIgniter\BaseModel->findAll()
#3 C:\xampp\htdocs\edsa\system\CodeIgniter.php(936): App\Controllers\AkunController->create()
#4 C:\xampp\htdocs\edsa\system\CodeIgniter.php(432): CodeIgniter\CodeIgniter->runController(Object(App\Controllers\AkunController))
#5 C:\xampp\htdocs\edsa\system\CodeIgniter.php(333): CodeIgniter\CodeIgniter->handleRequest(NULL, Object(Config\Cache), false)
#6 C:\xampp\htdocs\edsa\public\index.php(44): CodeIgniter\CodeIgniter->run()
#7 C:\xampp\htdocs\edsa\system\Commands\Server\rewrite.php(45): require_once('C:\\xampp\\htdocs...')
#8 {main}
CRITICAL - 2023-07-22 12:32:47 --> CodeIgniter\Database\BaseResult::getResult(): Argument #1 ($type) must be of type string, null given, called in C:\xampp\htdocs\edsa\system\Model.php on line 214
#0 C:\xampp\htdocs\edsa\system\Model.php(214): CodeIgniter\Database\BaseResult->getResult(NULL)
#1 C:\xampp\htdocs\edsa\system\BaseModel.php(583): CodeIgniter\Model->doFindAll(0, 0)
#2 C:\xampp\htdocs\edsa\app\Controllers\AkunController.php(35): CodeIgniter\BaseModel->findAll()
#3 C:\xampp\htdocs\edsa\system\CodeIgniter.php(936): App\Controllers\AkunController->create()
#4 C:\xampp\htdocs\edsa\system\CodeIgniter.php(432): CodeIgniter\CodeIgniter->runController(Object(App\Controllers\AkunController))
#5 C:\xampp\htdocs\edsa\system\CodeIgniter.php(333): CodeIgniter\CodeIgniter->handleRequest(NULL, Object(Config\Cache), false)
#6 C:\xampp\htdocs\edsa\public\index.php(44): CodeIgniter\CodeIgniter->run()
#7 C:\xampp\htdocs\edsa\system\Commands\Server\rewrite.php(45): require_once('C:\\xampp\\htdocs...')
#8 {main}
CRITICAL - 2023-07-22 12:32:48 --> CodeIgniter\Database\BaseResult::getResult(): Argument #1 ($type) must be of type string, null given, called in C:\xampp\htdocs\edsa\system\Model.php on line 214
#0 C:\xampp\htdocs\edsa\system\Model.php(214): CodeIgniter\Database\BaseResult->getResult(NULL)
#1 C:\xampp\htdocs\edsa\system\BaseModel.php(583): CodeIgniter\Model->doFindAll(0, 0)
#2 C:\xampp\htdocs\edsa\app\Controllers\AkunController.php(35): CodeIgniter\BaseModel->findAll()
#3 C:\xampp\htdocs\edsa\system\CodeIgniter.php(936): App\Controllers\AkunController->create()
#4 C:\xampp\htdocs\edsa\system\CodeIgniter.php(432): CodeIgniter\CodeIgniter->runController(Object(App\Controllers\AkunController))
#5 C:\xampp\htdocs\edsa\system\CodeIgniter.php(333): CodeIgniter\CodeIgniter->handleRequest(NULL, Object(Config\Cache), false)
#6 C:\xampp\htdocs\edsa\public\index.php(44): CodeIgniter\CodeIgniter->run()
#7 C:\xampp\htdocs\edsa\system\Commands\Server\rewrite.php(45): require_once('C:\\xampp\\htdocs...')
#8 {main}
CRITICAL - 2023-07-22 12:32:48 --> CodeIgniter\Database\BaseResult::getResult(): Argument #1 ($type) must be of type string, null given, called in C:\xampp\htdocs\edsa\system\Model.php on line 214
#0 C:\xampp\htdocs\edsa\system\Model.php(214): CodeIgniter\Database\BaseResult->getResult(NULL)
#1 C:\xampp\htdocs\edsa\system\BaseModel.php(583): CodeIgniter\Model->doFindAll(0, 0)
#2 C:\xampp\htdocs\edsa\app\Controllers\AkunController.php(35): CodeIgniter\BaseModel->findAll()
#3 C:\xampp\htdocs\edsa\system\CodeIgniter.php(936): App\Controllers\AkunController->create()
#4 C:\xampp\htdocs\edsa\system\CodeIgniter.php(432): CodeIgniter\CodeIgniter->runController(Object(App\Controllers\AkunController))
#5 C:\xampp\htdocs\edsa\system\CodeIgniter.php(333): CodeIgniter\CodeIgniter->handleRequest(NULL, Object(Config\Cache), false)
#6 C:\xampp\htdocs\edsa\public\index.php(44): CodeIgniter\CodeIgniter->run()
#7 C:\xampp\htdocs\edsa\system\Commands\Server\rewrite.php(45): require_once('C:\\xampp\\htdocs...')
#8 {main}
CRITICAL - 2023-07-22 12:32:48 --> CodeIgniter\Database\BaseResult::getResult(): Argument #1 ($type) must be of type string, null given, called in C:\xampp\htdocs\edsa\system\Model.php on line 214
#0 C:\xampp\htdocs\edsa\system\Model.php(214): CodeIgniter\Database\BaseResult->getResult(NULL)
#1 C:\xampp\htdocs\edsa\system\BaseModel.php(583): CodeIgniter\Model->doFindAll(0, 0)
#2 C:\xampp\htdocs\edsa\app\Controllers\AkunController.php(35): CodeIgniter\BaseModel->findAll()
#3 C:\xampp\htdocs\edsa\system\CodeIgniter.php(936): App\Controllers\AkunController->create()
#4 C:\xampp\htdocs\edsa\system\CodeIgniter.php(432): CodeIgniter\CodeIgniter->runController(Object(App\Controllers\AkunController))
#5 C:\xampp\htdocs\edsa\system\CodeIgniter.php(333): CodeIgniter\CodeIgniter->handleRequest(NULL, Object(Config\Cache), false)
#6 C:\xampp\htdocs\edsa\public\index.php(44): CodeIgniter\CodeIgniter->run()
#7 C:\xampp\htdocs\edsa\system\Commands\Server\rewrite.php(45): require_once('C:\\xampp\\htdocs...')
#8 {main}
CRITICAL - 2023-07-22 12:32:48 --> CodeIgniter\Database\BaseResult::getResult(): Argument #1 ($type) must be of type string, null given, called in C:\xampp\htdocs\edsa\system\Model.php on line 214
#0 C:\xampp\htdocs\edsa\system\Model.php(214): CodeIgniter\Database\BaseResult->getResult(NULL)
#1 C:\xampp\htdocs\edsa\system\BaseModel.php(583): CodeIgniter\Model->doFindAll(0, 0)
#2 C:\xampp\htdocs\edsa\app\Controllers\AkunController.php(35): CodeIgniter\BaseModel->findAll()
#3 C:\xampp\htdocs\edsa\system\CodeIgniter.php(936): App\Controllers\AkunController->create()
#4 C:\xampp\htdocs\edsa\system\CodeIgniter.php(432): CodeIgniter\CodeIgniter->runController(Object(App\Controllers\AkunController))
#5 C:\xampp\htdocs\edsa\system\CodeIgniter.php(333): CodeIgniter\CodeIgniter->handleRequest(NULL, Object(Config\Cache), false)
#6 C:\xampp\htdocs\edsa\public\index.php(44): CodeIgniter\CodeIgniter->run()
#7 C:\xampp\htdocs\edsa\system\Commands\Server\rewrite.php(45): require_once('C:\\xampp\\htdocs...')
#8 {main}
CRITICAL - 2023-07-22 12:33:31 --> Call to a member function render() on string
#0 C:\xampp\htdocs\edsa\system\CodeIgniter.php(936): App\Controllers\AkunController->create()
#1 C:\xampp\htdocs\edsa\system\CodeIgniter.php(432): CodeIgniter\CodeIgniter->runController(Object(App\Controllers\AkunController))
#2 C:\xampp\htdocs\edsa\system\CodeIgniter.php(333): CodeIgniter\CodeIgniter->handleRequest(NULL, Object(Config\Cache), false)
#3 C:\xampp\htdocs\edsa\public\index.php(44): CodeIgniter\CodeIgniter->run()
#4 C:\xampp\htdocs\edsa\system\Commands\Server\rewrite.php(45): require_once('C:\\xampp\\htdocs...')
#5 {main}
CRITICAL - 2023-07-22 12:33:42 --> Undefined array key "nm_anggota"
#0 C:\xampp\htdocs\edsa\app\Views\dataakun\tambah_dataakun.php(44): CodeIgniter\Debug\Exceptions->errorHandler(2, 'Undefined array...', 'C:\\xampp\\htdocs...', 44)
#1 C:\xampp\htdocs\edsa\system\View\View.php(220): include('C:\\xampp\\htdocs...')
#2 C:\xampp\htdocs\edsa\system\View\View.php(222): CodeIgniter\View\View->CodeIgniter\View\{closure}()
#3 C:\xampp\htdocs\edsa\system\Common.php(1217): CodeIgniter\View\View->render('dataakun/tambah...', Array, true)
#4 C:\xampp\htdocs\edsa\app\Controllers\AkunController.php(38): view('dataakun/tambah...', Array)
#5 C:\xampp\htdocs\edsa\system\CodeIgniter.php(936): App\Controllers\AkunController->create()
#6 C:\xampp\htdocs\edsa\system\CodeIgniter.php(432): CodeIgniter\CodeIgniter->runController(Object(App\Controllers\AkunController))
#7 C:\xampp\htdocs\edsa\system\CodeIgniter.php(333): CodeIgniter\CodeIgniter->handleRequest(NULL, Object(Config\Cache), false)
#8 C:\xampp\htdocs\edsa\public\index.php(44): CodeIgniter\CodeIgniter->run()
#9 C:\xampp\htdocs\edsa\system\Commands\Server\rewrite.php(45): require_once('C:\\xampp\\htdocs...')
#10 {main}
CRITICAL - 2023-07-22 12:34:34 --> CodeIgniter\Database\BaseResult::getResult(): Argument #1 ($type) must be of type string, null given, called in C:\xampp\htdocs\edsa\system\Model.php on line 214
#0 C:\xampp\htdocs\edsa\system\Model.php(214): CodeIgniter\Database\BaseResult->getResult(NULL)
#1 C:\xampp\htdocs\edsa\system\BaseModel.php(583): CodeIgniter\Model->doFindAll(0, 0)
#2 C:\xampp\htdocs\edsa\app\Controllers\AkunController.php(35): CodeIgniter\BaseModel->findAll()
#3 C:\xampp\htdocs\edsa\system\CodeIgniter.php(936): App\Controllers\AkunController->create()
#4 C:\xampp\htdocs\edsa\system\CodeIgniter.php(432): CodeIgniter\CodeIgniter->runController(Object(App\Controllers\AkunController))
#5 C:\xampp\htdocs\edsa\system\CodeIgniter.php(333): CodeIgniter\CodeIgniter->handleRequest(NULL, Object(Config\Cache), false)
#6 C:\xampp\htdocs\edsa\public\index.php(44): CodeIgniter\CodeIgniter->run()
#7 C:\xampp\htdocs\edsa\system\Commands\Server\rewrite.php(45): require_once('C:\\xampp\\htdocs...')
#8 {main}
CRITICAL - 2023-07-22 12:34:57 --> Undefined array key "nm_anggota"
#0 C:\xampp\htdocs\edsa\app\Views\dataakun\tambah_dataakun.php(44): CodeIgniter\Debug\Exceptions->errorHandler(2, 'Undefined array...', 'C:\\xampp\\htdocs...', 44)
#1 C:\xampp\htdocs\edsa\system\View\View.php(220): include('C:\\xampp\\htdocs...')
#2 C:\xampp\htdocs\edsa\system\View\View.php(222): CodeIgniter\View\View->CodeIgniter\View\{closure}()
#3 C:\xampp\htdocs\edsa\system\Common.php(1217): CodeIgniter\View\View->render('dataakun/tambah...', Array, true)
#4 C:\xampp\htdocs\edsa\app\Controllers\AkunController.php(38): view('dataakun/tambah...', Array)
#5 C:\xampp\htdocs\edsa\system\CodeIgniter.php(936): App\Controllers\AkunController->create()
#6 C:\xampp\htdocs\edsa\system\CodeIgniter.php(432): CodeIgniter\CodeIgniter->runController(Object(App\Controllers\AkunController))
#7 C:\xampp\htdocs\edsa\system\CodeIgniter.php(333): CodeIgniter\CodeIgniter->handleRequest(NULL, Object(Config\Cache), false)
#8 C:\xampp\htdocs\edsa\public\index.php(44): CodeIgniter\CodeIgniter->run()
#9 C:\xampp\htdocs\edsa\system\Commands\Server\rewrite.php(45): require_once('C:\\xampp\\htdocs...')
#10 {main}
CRITICAL - 2023-07-22 12:35:29 --> Attempt to read property "nm_anggota" on array
#0 C:\xampp\htdocs\edsa\app\Views\dataakun\tambah_dataakun.php(44): CodeIgniter\Debug\Exceptions->errorHandler(2, 'Attempt to read...', 'C:\\xampp\\htdocs...', 44)
#1 C:\xampp\htdocs\edsa\system\View\View.php(220): include('C:\\xampp\\htdocs...')
#2 C:\xampp\htdocs\edsa\system\View\View.php(222): CodeIgniter\View\View->CodeIgniter\View\{closure}()
#3 C:\xampp\htdocs\edsa\system\Common.php(1217): CodeIgniter\View\View->render('dataakun/tambah...', Array, true)
#4 C:\xampp\htdocs\edsa\app\Controllers\AkunController.php(38): view('dataakun/tambah...', Array)
#5 C:\xampp\htdocs\edsa\system\CodeIgniter.php(936): App\Controllers\AkunController->create()
#6 C:\xampp\htdocs\edsa\system\CodeIgniter.php(432): CodeIgniter\CodeIgniter->runController(Object(App\Controllers\AkunController))
#7 C:\xampp\htdocs\edsa\system\CodeIgniter.php(333): CodeIgniter\CodeIgniter->handleRequest(NULL, Object(Config\Cache), false)
#8 C:\xampp\htdocs\edsa\public\index.php(44): CodeIgniter\CodeIgniter->run()
#9 C:\xampp\htdocs\edsa\system\Commands\Server\rewrite.php(45): require_once('C:\\xampp\\htdocs...')
#10 {main}
CRITICAL - 2023-07-22 12:35:52 --> Undefined array key "nm_anggota"
#0 C:\xampp\htdocs\edsa\app\Views\dataakun\tambah_dataakun.php(44): CodeIgniter\Debug\Exceptions->errorHandler(2, 'Undefined array...', 'C:\\xampp\\htdocs...', 44)
#1 C:\xampp\htdocs\edsa\system\View\View.php(220): include('C:\\xampp\\htdocs...')
#2 C:\xampp\htdocs\edsa\system\View\View.php(222): CodeIgniter\View\View->CodeIgniter\View\{closure}()
#3 C:\xampp\htdocs\edsa\system\Common.php(1217): CodeIgniter\View\View->render('dataakun/tambah...', Array, true)
#4 C:\xampp\htdocs\edsa\app\Controllers\AkunController.php(38): view('dataakun/tambah...', Array)
#5 C:\xampp\htdocs\edsa\system\CodeIgniter.php(936): App\Controllers\AkunController->create()
#6 C:\xampp\htdocs\edsa\system\CodeIgniter.php(432): CodeIgniter\CodeIgniter->runController(Object(App\Controllers\AkunController))
#7 C:\xampp\htdocs\edsa\system\CodeIgniter.php(333): CodeIgniter\CodeIgniter->handleRequest(NULL, Object(Config\Cache), false)
#8 C:\xampp\htdocs\edsa\public\index.php(44): CodeIgniter\CodeIgniter->run()
#9 C:\xampp\htdocs\edsa\system\Commands\Server\rewrite.php(45): require_once('C:\\xampp\\htdocs...')
#10 {main}
CRITICAL - 2023-07-22 12:35:52 --> Undefined array key "nm_anggota"
#0 C:\xampp\htdocs\edsa\app\Views\dataakun\tambah_dataakun.php(44): CodeIgniter\Debug\Exceptions->errorHandler(2, 'Undefined array...', 'C:\\xampp\\htdocs...', 44)
#1 C:\xampp\htdocs\edsa\system\View\View.php(220): include('C:\\xampp\\htdocs...')
#2 C:\xampp\htdocs\edsa\system\View\View.php(222): CodeIgniter\View\View->CodeIgniter\View\{closure}()
#3 C:\xampp\htdocs\edsa\system\Common.php(1217): CodeIgniter\View\View->render('dataakun/tambah...', Array, true)
#4 C:\xampp\htdocs\edsa\app\Controllers\AkunController.php(38): view('dataakun/tambah...', Array)
#5 C:\xampp\htdocs\edsa\system\CodeIgniter.php(936): App\Controllers\AkunController->create()
#6 C:\xampp\htdocs\edsa\system\CodeIgniter.php(432): CodeIgniter\CodeIgniter->runController(Object(App\Controllers\AkunController))
#7 C:\xampp\htdocs\edsa\system\CodeIgniter.php(333): CodeIgniter\CodeIgniter->handleRequest(NULL, Object(Config\Cache), false)
#8 C:\xampp\htdocs\edsa\public\index.php(44): CodeIgniter\CodeIgniter->run()
#9 C:\xampp\htdocs\edsa\system\Commands\Server\rewrite.php(45): require_once('C:\\xampp\\htdocs...')
#10 {main}
CRITICAL - 2023-07-22 12:35:52 --> Undefined array key "nm_anggota"
#0 C:\xampp\htdocs\edsa\app\Views\dataakun\tambah_dataakun.php(44): CodeIgniter\Debug\Exceptions->errorHandler(2, 'Undefined array...', 'C:\\xampp\\htdocs...', 44)
#1 C:\xampp\htdocs\edsa\system\View\View.php(220): include('C:\\xampp\\htdocs...')
#2 C:\xampp\htdocs\edsa\system\View\View.php(222): CodeIgniter\View\View->CodeIgniter\View\{closure}()
#3 C:\xampp\htdocs\edsa\system\Common.php(1217): CodeIgniter\View\View->render('dataakun/tambah...', Array, true)
#4 C:\xampp\htdocs\edsa\app\Controllers\AkunController.php(38): view('dataakun/tambah...', Array)
#5 C:\xampp\htdocs\edsa\system\CodeIgniter.php(936): App\Controllers\AkunController->create()
#6 C:\xampp\htdocs\edsa\system\CodeIgniter.php(432): CodeIgniter\CodeIgniter->runController(Object(App\Controllers\AkunController))
#7 C:\xampp\htdocs\edsa\system\CodeIgniter.php(333): CodeIgniter\CodeIgniter->handleRequest(NULL, Object(Config\Cache), false)
#8 C:\xampp\htdocs\edsa\public\index.php(44): CodeIgniter\CodeIgniter->run()
#9 C:\xampp\htdocs\edsa\system\Commands\Server\rewrite.php(45): require_once('C:\\xampp\\htdocs...')
#10 {main}
CRITICAL - 2023-07-22 12:35:53 --> Undefined array key "nm_anggota"
#0 C:\xampp\htdocs\edsa\app\Views\dataakun\tambah_dataakun.php(44): CodeIgniter\Debug\Exceptions->errorHandler(2, 'Undefined array...', 'C:\\xampp\\htdocs...', 44)
#1 C:\xampp\htdocs\edsa\system\View\View.php(220): include('C:\\xampp\\htdocs...')
#2 C:\xampp\htdocs\edsa\system\View\View.php(222): CodeIgniter\View\View->CodeIgniter\View\{closure}()
#3 C:\xampp\htdocs\edsa\system\Common.php(1217): CodeIgniter\View\View->render('dataakun/tambah...', Array, true)
#4 C:\xampp\htdocs\edsa\app\Controllers\AkunController.php(38): view('dataakun/tambah...', Array)
#5 C:\xampp\htdocs\edsa\system\CodeIgniter.php(936): App\Controllers\AkunController->create()
#6 C:\xampp\htdocs\edsa\system\CodeIgniter.php(432): CodeIgniter\CodeIgniter->runController(Object(App\Controllers\AkunController))
#7 C:\xampp\htdocs\edsa\system\CodeIgniter.php(333): CodeIgniter\CodeIgniter->handleRequest(NULL, Object(Config\Cache), false)
#8 C:\xampp\htdocs\edsa\public\index.php(44): CodeIgniter\CodeIgniter->run()
#9 C:\xampp\htdocs\edsa\system\Commands\Server\rewrite.php(45): require_once('C:\\xampp\\htdocs...')
#10 {main}
CRITICAL - 2023-07-22 12:35:53 --> Undefined array key "nm_anggota"
#0 C:\xampp\htdocs\edsa\app\Views\dataakun\tambah_dataakun.php(44): CodeIgniter\Debug\Exceptions->errorHandler(2, 'Undefined array...', 'C:\\xampp\\htdocs...', 44)
#1 C:\xampp\htdocs\edsa\system\View\View.php(220): include('C:\\xampp\\htdocs...')
#2 C:\xampp\htdocs\edsa\system\View\View.php(222): CodeIgniter\View\View->CodeIgniter\View\{closure}()
#3 C:\xampp\htdocs\edsa\system\Common.php(1217): CodeIgniter\View\View->render('dataakun/tambah...', Array, true)
#4 C:\xampp\htdocs\edsa\app\Controllers\AkunController.php(38): view('dataakun/tambah...', Array)
#5 C:\xampp\htdocs\edsa\system\CodeIgniter.php(936): App\Controllers\AkunController->create()
#6 C:\xampp\htdocs\edsa\system\CodeIgniter.php(432): CodeIgniter\CodeIgniter->runController(Object(App\Controllers\AkunController))
#7 C:\xampp\htdocs\edsa\system\CodeIgniter.php(333): CodeIgniter\CodeIgniter->handleRequest(NULL, Object(Config\Cache), false)
#8 C:\xampp\htdocs\edsa\public\index.php(44): CodeIgniter\CodeIgniter->run()
#9 C:\xampp\htdocs\edsa\system\Commands\Server\rewrite.php(45): require_once('C:\\xampp\\htdocs...')
#10 {main}
CRITICAL - 2023-07-22 12:35:53 --> Undefined array key "nm_anggota"
#0 C:\xampp\htdocs\edsa\app\Views\dataakun\tambah_dataakun.php(44): CodeIgniter\Debug\Exceptions->errorHandler(2, 'Undefined array...', 'C:\\xampp\\htdocs...', 44)
#1 C:\xampp\htdocs\edsa\system\View\View.php(220): include('C:\\xampp\\htdocs...')
#2 C:\xampp\htdocs\edsa\system\View\View.php(222): CodeIgniter\View\View->CodeIgniter\View\{closure}()
#3 C:\xampp\htdocs\edsa\system\Common.php(1217): CodeIgniter\View\View->render('dataakun/tambah...', Array, true)
#4 C:\xampp\htdocs\edsa\app\Controllers\AkunController.php(38): view('dataakun/tambah...', Array)
#5 C:\xampp\htdocs\edsa\system\CodeIgniter.php(936): App\Controllers\AkunController->create()
#6 C:\xampp\htdocs\edsa\system\CodeIgniter.php(432): CodeIgniter\CodeIgniter->runController(Object(App\Controllers\AkunController))
#7 C:\xampp\htdocs\edsa\system\CodeIgniter.php(333): CodeIgniter\CodeIgniter->handleRequest(NULL, Object(Config\Cache), false)
#8 C:\xampp\htdocs\edsa\public\index.php(44): CodeIgniter\CodeIgniter->run()
#9 C:\xampp\htdocs\edsa\system\Commands\Server\rewrite.php(45): require_once('C:\\xampp\\htdocs...')
#10 {main}
CRITICAL - 2023-07-22 12:35:53 --> Undefined array key "nm_anggota"
#0 C:\xampp\htdocs\edsa\app\Views\dataakun\tambah_dataakun.php(44): CodeIgniter\Debug\Exceptions->errorHandler(2, 'Undefined array...', 'C:\\xampp\\htdocs...', 44)
#1 C:\xampp\htdocs\edsa\system\View\View.php(220): include('C:\\xampp\\htdocs...')
#2 C:\xampp\htdocs\edsa\system\View\View.php(222): CodeIgniter\View\View->CodeIgniter\View\{closure}()
#3 C:\xampp\htdocs\edsa\system\Common.php(1217): CodeIgniter\View\View->render('dataakun/tambah...', Array, true)
#4 C:\xampp\htdocs\edsa\app\Controllers\AkunController.php(38): view('dataakun/tambah...', Array)
#5 C:\xampp\htdocs\edsa\system\CodeIgniter.php(936): App\Controllers\AkunController->create()
#6 C:\xampp\htdocs\edsa\system\CodeIgniter.php(432): CodeIgniter\CodeIgniter->runController(Object(App\Controllers\AkunController))
#7 C:\xampp\htdocs\edsa\system\CodeIgniter.php(333): CodeIgniter\CodeIgniter->handleRequest(NULL, Object(Config\Cache), false)
#8 C:\xampp\htdocs\edsa\public\index.php(44): CodeIgniter\CodeIgniter->run()
#9 C:\xampp\htdocs\edsa\system\Commands\Server\rewrite.php(45): require_once('C:\\xampp\\htdocs...')
#10 {main}
CRITICAL - 2023-07-22 12:35:53 --> Undefined array key "nm_anggota"
#0 C:\xampp\htdocs\edsa\app\Views\dataakun\tambah_dataakun.php(44): CodeIgniter\Debug\Exceptions->errorHandler(2, 'Undefined array...', 'C:\\xampp\\htdocs...', 44)
#1 C:\xampp\htdocs\edsa\system\View\View.php(220): include('C:\\xampp\\htdocs...')
#2 C:\xampp\htdocs\edsa\system\View\View.php(222): CodeIgniter\View\View->CodeIgniter\View\{closure}()
#3 C:\xampp\htdocs\edsa\system\Common.php(1217): CodeIgniter\View\View->render('dataakun/tambah...', Array, true)
#4 C:\xampp\htdocs\edsa\app\Controllers\AkunController.php(38): view('dataakun/tambah...', Array)
#5 C:\xampp\htdocs\edsa\system\CodeIgniter.php(936): App\Controllers\AkunController->create()
#6 C:\xampp\htdocs\edsa\system\CodeIgniter.php(432): CodeIgniter\CodeIgniter->runController(Object(App\Controllers\AkunController))
#7 C:\xampp\htdocs\edsa\system\CodeIgniter.php(333): CodeIgniter\CodeIgniter->handleRequest(NULL, Object(Config\Cache), false)
#8 C:\xampp\htdocs\edsa\public\index.php(44): CodeIgniter\CodeIgniter->run()
#9 C:\xampp\htdocs\edsa\system\Commands\Server\rewrite.php(45): require_once('C:\\xampp\\htdocs...')
#10 {main}
CRITICAL - 2023-07-22 12:38:04 --> Undefined property: App\Controllers\AkunController::$db
#0 C:\xampp\htdocs\edsa\app\Controllers\AkunController.php(30): CodeIgniter\Debug\Exceptions->errorHandler(2, 'Undefined prope...', 'C:\\xampp\\htdocs...', 30)
#1 C:\xampp\htdocs\edsa\system\CodeIgniter.php(936): App\Controllers\AkunController->create()
#2 C:\xampp\htdocs\edsa\system\CodeIgniter.php(432): CodeIgniter\CodeIgniter->runController(Object(App\Controllers\AkunController))
#3 C:\xampp\htdocs\edsa\system\CodeIgniter.php(333): CodeIgniter\CodeIgniter->handleRequest(NULL, Object(Config\Cache), false)
#4 C:\xampp\htdocs\edsa\public\index.php(44): CodeIgniter\CodeIgniter->run()
#5 C:\xampp\htdocs\edsa\system\Commands\Server\rewrite.php(45): require_once('C:\\xampp\\htdocs...')
#6 {main}
CRITICAL - 2023-07-22 12:38:41 --> Undefined array key "nm_anggota"
#0 C:\xampp\htdocs\edsa\app\Views\dataakun\tambah_dataakun.php(44): CodeIgniter\Debug\Exceptions->errorHandler(2, 'Undefined array...', 'C:\\xampp\\htdocs...', 44)
#1 C:\xampp\htdocs\edsa\system\View\View.php(220): include('C:\\xampp\\htdocs...')
#2 C:\xampp\htdocs\edsa\system\View\View.php(222): CodeIgniter\View\View->CodeIgniter\View\{closure}()
#3 C:\xampp\htdocs\edsa\system\Common.php(1217): CodeIgniter\View\View->render('dataakun/tambah...', Array, true)
#4 C:\xampp\htdocs\edsa\app\Controllers\AkunController.php(43): view('dataakun/tambah...', Array)
#5 C:\xampp\htdocs\edsa\system\CodeIgniter.php(936): App\Controllers\AkunController->create()
#6 C:\xampp\htdocs\edsa\system\CodeIgniter.php(432): CodeIgniter\CodeIgniter->runController(Object(App\Controllers\AkunController))
#7 C:\xampp\htdocs\edsa\system\CodeIgniter.php(333): CodeIgniter\CodeIgniter->handleRequest(NULL, Object(Config\Cache), false)
#8 C:\xampp\htdocs\edsa\public\index.php(44): CodeIgniter\CodeIgniter->run()
#9 C:\xampp\htdocs\edsa\system\Commands\Server\rewrite.php(45): require_once('C:\\xampp\\htdocs...')
#10 {main}
CRITICAL - 2023-07-22 12:40:30 --> Undefined variable $anggota
#0 C:\xampp\htdocs\edsa\app\Views\dataakun\tambah_dataakun.php(44): CodeIgniter\Debug\Exceptions->errorHandler(2, 'Undefined varia...', 'C:\\xampp\\htdocs...', 44)
#1 C:\xampp\htdocs\edsa\system\View\View.php(220): include('C:\\xampp\\htdocs...')
#2 C:\xampp\htdocs\edsa\system\View\View.php(222): CodeIgniter\View\View->CodeIgniter\View\{closure}()
#3 C:\xampp\htdocs\edsa\system\Common.php(1217): CodeIgniter\View\View->render('dataakun/tambah...', Array, true)
#4 C:\xampp\htdocs\edsa\app\Controllers\AkunController.php(44): view('dataakun/tambah...', Array, Array)
#5 C:\xampp\htdocs\edsa\system\CodeIgniter.php(936): App\Controllers\AkunController->create()
#6 C:\xampp\htdocs\edsa\system\CodeIgniter.php(432): CodeIgniter\CodeIgniter->runController(Object(App\Controllers\AkunController))
#7 C:\xampp\htdocs\edsa\system\CodeIgniter.php(333): CodeIgniter\CodeIgniter->handleRequest(NULL, Object(Config\Cache), false)
#8 C:\xampp\htdocs\edsa\public\index.php(44): CodeIgniter\CodeIgniter->run()
#9 C:\xampp\htdocs\edsa\system\Commands\Server\rewrite.php(45): require_once('C:\\xampp\\htdocs...')
#10 {main}
CRITICAL - 2023-07-22 12:41:07 --> Undefined variable $title_meta
#0 C:\xampp\htdocs\edsa\app\Views\dataakun\tambah_dataakun.php(5): CodeIgniter\Debug\Exceptions->errorHandler(2, 'Undefined varia...', 'C:\\xampp\\htdocs...', 5)
#1 C:\xampp\htdocs\edsa\system\View\View.php(220): include('C:\\xampp\\htdocs...')
#2 C:\xampp\htdocs\edsa\system\View\View.php(222): CodeIgniter\View\View->CodeIgniter\View\{closure}()
#3 C:\xampp\htdocs\edsa\system\Common.php(1217): CodeIgniter\View\View->render('dataakun/tambah...', Array, true)
#4 C:\xampp\htdocs\edsa\app\Controllers\AkunController.php(44): view('dataakun/tambah...', Array)
#5 C:\xampp\htdocs\edsa\system\CodeIgniter.php(936): App\Controllers\AkunController->create()
#6 C:\xampp\htdocs\edsa\system\CodeIgniter.php(432): CodeIgniter\CodeIgniter->runController(Object(App\Controllers\AkunController))
#7 C:\xampp\htdocs\edsa\system\CodeIgniter.php(333): CodeIgniter\CodeIgniter->handleRequest(NULL, Object(Config\Cache), false)
#8 C:\xampp\htdocs\edsa\public\index.php(44): CodeIgniter\CodeIgniter->run()
#9 C:\xampp\htdocs\edsa\system\Commands\Server\rewrite.php(45): require_once('C:\\xampp\\htdocs...')
#10 {main}
CRITICAL - 2023-07-22 12:42:40 --> Undefined array key "nm_anggota"
#0 C:\xampp\htdocs\edsa\app\Views\dataakun\tambah_dataakun.php(44): CodeIgniter\Debug\Exceptions->errorHandler(2, 'Undefined array...', 'C:\\xampp\\htdocs...', 44)
#1 C:\xampp\htdocs\edsa\system\View\View.php(220): include('C:\\xampp\\htdocs...')
#2 C:\xampp\htdocs\edsa\system\View\View.php(222): CodeIgniter\View\View->CodeIgniter\View\{closure}()
#3 C:\xampp\htdocs\edsa\system\Common.php(1217): CodeIgniter\View\View->render('dataakun/tambah...', Array, true)
#4 C:\xampp\htdocs\edsa\app\Controllers\AkunController.php(38): view('dataakun/tambah...', Array)
#5 C:\xampp\htdocs\edsa\system\CodeIgniter.php(936): App\Controllers\AkunController->create()
#6 C:\xampp\htdocs\edsa\system\CodeIgniter.php(432): CodeIgniter\CodeIgniter->runController(Object(App\Controllers\AkunController))
#7 C:\xampp\htdocs\edsa\system\CodeIgniter.php(333): CodeIgniter\CodeIgniter->handleRequest(NULL, Object(Config\Cache), false)
#8 C:\xampp\htdocs\edsa\public\index.php(44): CodeIgniter\CodeIgniter->run()
#9 C:\xampp\htdocs\edsa\system\Commands\Server\rewrite.php(45): require_once('C:\\xampp\\htdocs...')
#10 {main}
CRITICAL - 2023-07-22 12:43:46 --> Undefined array key "nm_anggota"
#0 C:\xampp\htdocs\edsa\app\Views\dataakun\tambah_dataakun.php(45): CodeIgniter\Debug\Exceptions->errorHandler(2, 'Undefined array...', 'C:\\xampp\\htdocs...', 45)
#1 C:\xampp\htdocs\edsa\system\View\View.php(220): include('C:\\xampp\\htdocs...')
#2 C:\xampp\htdocs\edsa\system\View\View.php(222): CodeIgniter\View\View->CodeIgniter\View\{closure}()
#3 C:\xampp\htdocs\edsa\system\Common.php(1217): CodeIgniter\View\View->render('dataakun/tambah...', Array, true)
#4 C:\xampp\htdocs\edsa\app\Controllers\AkunController.php(38): view('dataakun/tambah...', Array)
#5 C:\xampp\htdocs\edsa\system\CodeIgniter.php(936): App\Controllers\AkunController->create()
#6 C:\xampp\htdocs\edsa\system\CodeIgniter.php(432): CodeIgniter\CodeIgniter->runController(Object(App\Controllers\AkunController))
#7 C:\xampp\htdocs\edsa\system\CodeIgniter.php(333): CodeIgniter\CodeIgniter->handleRequest(NULL, Object(Config\Cache), false)
#8 C:\xampp\htdocs\edsa\public\index.php(44): CodeIgniter\CodeIgniter->run()
#9 C:\xampp\htdocs\edsa\system\Commands\Server\rewrite.php(45): require_once('C:\\xampp\\htdocs...')
#10 {main}
CRITICAL - 2023-07-22 12:44:16 --> CodeIgniter\Database\BaseResult::getResult(): Argument #1 ($type) must be of type string, null given, called in C:\xampp\htdocs\edsa\system\Model.php on line 214
#0 C:\xampp\htdocs\edsa\system\Model.php(214): CodeIgniter\Database\BaseResult->getResult(NULL)
#1 C:\xampp\htdocs\edsa\system\BaseModel.php(583): CodeIgniter\Model->doFindAll(0, 0)
#2 C:\xampp\htdocs\edsa\app\Controllers\AkunController.php(35): CodeIgniter\BaseModel->findAll()
#3 C:\xampp\htdocs\edsa\system\CodeIgniter.php(936): App\Controllers\AkunController->create()
#4 C:\xampp\htdocs\edsa\system\CodeIgniter.php(432): CodeIgniter\CodeIgniter->runController(Object(App\Controllers\AkunController))
#5 C:\xampp\htdocs\edsa\system\CodeIgniter.php(333): CodeIgniter\CodeIgniter->handleRequest(NULL, Object(Config\Cache), false)
#6 C:\xampp\htdocs\edsa\public\index.php(44): CodeIgniter\CodeIgniter->run()
#7 C:\xampp\htdocs\edsa\system\Commands\Server\rewrite.php(45): require_once('C:\\xampp\\htdocs...')
#8 {main}
CRITICAL - 2023-07-22 12:44:21 --> CodeIgniter\Database\BaseResult::getResult(): Argument #1 ($type) must be of type string, null given, called in C:\xampp\htdocs\edsa\system\Model.php on line 214
#0 C:\xampp\htdocs\edsa\system\Model.php(214): CodeIgniter\Database\BaseResult->getResult(NULL)
#1 C:\xampp\htdocs\edsa\system\BaseModel.php(583): CodeIgniter\Model->doFindAll(0, 0)
#2 C:\xampp\htdocs\edsa\app\Controllers\AkunController.php(35): CodeIgniter\BaseModel->findAll()
#3 C:\xampp\htdocs\edsa\system\CodeIgniter.php(936): App\Controllers\AkunController->create()
#4 C:\xampp\htdocs\edsa\system\CodeIgniter.php(432): CodeIgniter\CodeIgniter->runController(Object(App\Controllers\AkunController))
#5 C:\xampp\htdocs\edsa\system\CodeIgniter.php(333): CodeIgniter\CodeIgniter->handleRequest(NULL, Object(Config\Cache), false)
#6 C:\xampp\htdocs\edsa\public\index.php(44): CodeIgniter\CodeIgniter->run()
#7 C:\xampp\htdocs\edsa\system\Commands\Server\rewrite.php(45): require_once('C:\\xampp\\htdocs...')
#8 {main}
CRITICAL - 2023-07-22 12:44:53 --> Undefined array key "nm_anggota"
#0 C:\xampp\htdocs\edsa\app\Views\dataakun\tambah_dataakun.php(45): CodeIgniter\Debug\Exceptions->errorHandler(2, 'Undefined array...', 'C:\\xampp\\htdocs...', 45)
#1 C:\xampp\htdocs\edsa\system\View\View.php(220): include('C:\\xampp\\htdocs...')
#2 C:\xampp\htdocs\edsa\system\View\View.php(222): CodeIgniter\View\View->CodeIgniter\View\{closure}()
#3 C:\xampp\htdocs\edsa\system\Common.php(1217): CodeIgniter\View\View->render('dataakun/tambah...', Array, true)
#4 C:\xampp\htdocs\edsa\app\Controllers\AkunController.php(38): view('dataakun/tambah...', Array)
#5 C:\xampp\htdocs\edsa\system\CodeIgniter.php(936): App\Controllers\AkunController->create()
#6 C:\xampp\htdocs\edsa\system\CodeIgniter.php(432): CodeIgniter\CodeIgniter->runController(Object(App\Controllers\AkunController))
#7 C:\xampp\htdocs\edsa\system\CodeIgniter.php(333): CodeIgniter\CodeIgniter->handleRequest(NULL, Object(Config\Cache), false)
#8 C:\xampp\htdocs\edsa\public\index.php(44): CodeIgniter\CodeIgniter->run()
#9 C:\xampp\htdocs\edsa\system\Commands\Server\rewrite.php(45): require_once('C:\\xampp\\htdocs...')
#10 {main}
CRITICAL - 2023-07-22 12:44:54 --> Undefined array key "nm_anggota"
#0 C:\xampp\htdocs\edsa\app\Views\dataakun\tambah_dataakun.php(45): CodeIgniter\Debug\Exceptions->errorHandler(2, 'Undefined array...', 'C:\\xampp\\htdocs...', 45)
#1 C:\xampp\htdocs\edsa\system\View\View.php(220): include('C:\\xampp\\htdocs...')
#2 C:\xampp\htdocs\edsa\system\View\View.php(222): CodeIgniter\View\View->CodeIgniter\View\{closure}()
#3 C:\xampp\htdocs\edsa\system\Common.php(1217): CodeIgniter\View\View->render('dataakun/tambah...', Array, true)
#4 C:\xampp\htdocs\edsa\app\Controllers\AkunController.php(38): view('dataakun/tambah...', Array)
#5 C:\xampp\htdocs\edsa\system\CodeIgniter.php(936): App\Controllers\AkunController->create()
#6 C:\xampp\htdocs\edsa\system\CodeIgniter.php(432): CodeIgniter\CodeIgniter->runController(Object(App\Controllers\AkunController))
#7 C:\xampp\htdocs\edsa\system\CodeIgniter.php(333): CodeIgniter\CodeIgniter->handleRequest(NULL, Object(Config\Cache), false)
#8 C:\xampp\htdocs\edsa\public\index.php(44): CodeIgniter\CodeIgniter->run()
#9 C:\xampp\htdocs\edsa\system\Commands\Server\rewrite.php(45): require_once('C:\\xampp\\htdocs...')
#10 {main}
CRITICAL - 2023-07-22 12:44:55 --> Undefined array key "nm_anggota"
#0 C:\xampp\htdocs\edsa\app\Views\dataakun\tambah_dataakun.php(45): CodeIgniter\Debug\Exceptions->errorHandler(2, 'Undefined array...', 'C:\\xampp\\htdocs...', 45)
#1 C:\xampp\htdocs\edsa\system\View\View.php(220): include('C:\\xampp\\htdocs...')
#2 C:\xampp\htdocs\edsa\system\View\View.php(222): CodeIgniter\View\View->CodeIgniter\View\{closure}()
#3 C:\xampp\htdocs\edsa\system\Common.php(1217): CodeIgniter\View\View->render('dataakun/tambah...', Array, true)
#4 C:\xampp\htdocs\edsa\app\Controllers\AkunController.php(38): view('dataakun/tambah...', Array)
#5 C:\xampp\htdocs\edsa\system\CodeIgniter.php(936): App\Controllers\AkunController->create()
#6 C:\xampp\htdocs\edsa\system\CodeIgniter.php(432): CodeIgniter\CodeIgniter->runController(Object(App\Controllers\AkunController))
#7 C:\xampp\htdocs\edsa\system\CodeIgniter.php(333): CodeIgniter\CodeIgniter->handleRequest(NULL, Object(Config\Cache), false)
#8 C:\xampp\htdocs\edsa\public\index.php(44): CodeIgniter\CodeIgniter->run()
#9 C:\xampp\htdocs\edsa\system\Commands\Server\rewrite.php(45): require_once('C:\\xampp\\htdocs...')
#10 {main}
CRITICAL - 2023-07-22 12:44:55 --> Undefined array key "nm_anggota"
#0 C:\xampp\htdocs\edsa\app\Views\dataakun\tambah_dataakun.php(45): CodeIgniter\Debug\Exceptions->errorHandler(2, 'Undefined array...', 'C:\\xampp\\htdocs...', 45)
#1 C:\xampp\htdocs\edsa\system\View\View.php(220): include('C:\\xampp\\htdocs...')
#2 C:\xampp\htdocs\edsa\system\View\View.php(222): CodeIgniter\View\View->CodeIgniter\View\{closure}()
#3 C:\xampp\htdocs\edsa\system\Common.php(1217): CodeIgniter\View\View->render('dataakun/tambah...', Array, true)
#4 C:\xampp\htdocs\edsa\app\Controllers\AkunController.php(38): view('dataakun/tambah...', Array)
#5 C:\xampp\htdocs\edsa\system\CodeIgniter.php(936): App\Controllers\AkunController->create()
#6 C:\xampp\htdocs\edsa\system\CodeIgniter.php(432): CodeIgniter\CodeIgniter->runController(Object(App\Controllers\AkunController))
#7 C:\xampp\htdocs\edsa\system\CodeIgniter.php(333): CodeIgniter\CodeIgniter->handleRequest(NULL, Object(Config\Cache), false)
#8 C:\xampp\htdocs\edsa\public\index.php(44): CodeIgniter\CodeIgniter->run()
#9 C:\xampp\htdocs\edsa\system\Commands\Server\rewrite.php(45): require_once('C:\\xampp\\htdocs...')
#10 {main}
CRITICAL - 2023-07-22 12:44:55 --> Undefined array key "nm_anggota"
#0 C:\xampp\htdocs\edsa\app\Views\dataakun\tambah_dataakun.php(45): CodeIgniter\Debug\Exceptions->errorHandler(2, 'Undefined array...', 'C:\\xampp\\htdocs...', 45)
#1 C:\xampp\htdocs\edsa\system\View\View.php(220): include('C:\\xampp\\htdocs...')
#2 C:\xampp\htdocs\edsa\system\View\View.php(222): CodeIgniter\View\View->CodeIgniter\View\{closure}()
#3 C:\xampp\htdocs\edsa\system\Common.php(1217): CodeIgniter\View\View->render('dataakun/tambah...', Array, true)
#4 C:\xampp\htdocs\edsa\app\Controllers\AkunController.php(38): view('dataakun/tambah...', Array)
#5 C:\xampp\htdocs\edsa\system\CodeIgniter.php(936): App\Controllers\AkunController->create()
#6 C:\xampp\htdocs\edsa\system\CodeIgniter.php(432): CodeIgniter\CodeIgniter->runController(Object(App\Controllers\AkunController))
#7 C:\xampp\htdocs\edsa\system\CodeIgniter.php(333): CodeIgniter\CodeIgniter->handleRequest(NULL, Object(Config\Cache), false)
#8 C:\xampp\htdocs\edsa\public\index.php(44): CodeIgniter\CodeIgniter->run()
#9 C:\xampp\htdocs\edsa\system\Commands\Server\rewrite.php(45): require_once('C:\\xampp\\htdocs...')
#10 {main}
CRITICAL - 2023-07-22 12:44:56 --> Undefined array key "nm_anggota"
#0 C:\xampp\htdocs\edsa\app\Views\dataakun\tambah_dataakun.php(45): CodeIgniter\Debug\Exceptions->errorHandler(2, 'Undefined array...', 'C:\\xampp\\htdocs...', 45)
#1 C:\xampp\htdocs\edsa\system\View\View.php(220): include('C:\\xampp\\htdocs...')
#2 C:\xampp\htdocs\edsa\system\View\View.php(222): CodeIgniter\View\View->CodeIgniter\View\{closure}()
#3 C:\xampp\htdocs\edsa\system\Common.php(1217): CodeIgniter\View\View->render('dataakun/tambah...', Array, true)
#4 C:\xampp\htdocs\edsa\app\Controllers\AkunController.php(38): view('dataakun/tambah...', Array)
#5 C:\xampp\htdocs\edsa\system\CodeIgniter.php(936): App\Controllers\AkunController->create()
#6 C:\xampp\htdocs\edsa\system\CodeIgniter.php(432): CodeIgniter\CodeIgniter->runController(Object(App\Controllers\AkunController))
#7 C:\xampp\htdocs\edsa\system\CodeIgniter.php(333): CodeIgniter\CodeIgniter->handleRequest(NULL, Object(Config\Cache), false)
#8 C:\xampp\htdocs\edsa\public\index.php(44): CodeIgniter\CodeIgniter->run()
#9 C:\xampp\htdocs\edsa\system\Commands\Server\rewrite.php(45): require_once('C:\\xampp\\htdocs...')
#10 {main}
CRITICAL - 2023-07-22 12:44:56 --> Undefined array key "nm_anggota"
#0 C:\xampp\htdocs\edsa\app\Views\dataakun\tambah_dataakun.php(45): CodeIgniter\Debug\Exceptions->errorHandler(2, 'Undefined array...', 'C:\\xampp\\htdocs...', 45)
#1 C:\xampp\htdocs\edsa\system\View\View.php(220): include('C:\\xampp\\htdocs...')
#2 C:\xampp\htdocs\edsa\system\View\View.php(222): CodeIgniter\View\View->CodeIgniter\View\{closure}()
#3 C:\xampp\htdocs\edsa\system\Common.php(1217): CodeIgniter\View\View->render('dataakun/tambah...', Array, true)
#4 C:\xampp\htdocs\edsa\app\Controllers\AkunController.php(38): view('dataakun/tambah...', Array)
#5 C:\xampp\htdocs\edsa\system\CodeIgniter.php(936): App\Controllers\AkunController->create()
#6 C:\xampp\htdocs\edsa\system\CodeIgniter.php(432): CodeIgniter\CodeIgniter->runController(Object(App\Controllers\AkunController))
#7 C:\xampp\htdocs\edsa\system\CodeIgniter.php(333): CodeIgniter\CodeIgniter->handleRequest(NULL, Object(Config\Cache), false)
#8 C:\xampp\htdocs\edsa\public\index.php(44): CodeIgniter\CodeIgniter->run()
#9 C:\xampp\htdocs\edsa\system\Commands\Server\rewrite.php(45): require_once('C:\\xampp\\htdocs...')
#10 {main}
CRITICAL - 2023-07-22 12:44:56 --> Undefined array key "nm_anggota"
#0 C:\xampp\htdocs\edsa\app\Views\dataakun\tambah_dataakun.php(45): CodeIgniter\Debug\Exceptions->errorHandler(2, 'Undefined array...', 'C:\\xampp\\htdocs...', 45)
#1 C:\xampp\htdocs\edsa\system\View\View.php(220): include('C:\\xampp\\htdocs...')
#2 C:\xampp\htdocs\edsa\system\View\View.php(222): CodeIgniter\View\View->CodeIgniter\View\{closure}()
#3 C:\xampp\htdocs\edsa\system\Common.php(1217): CodeIgniter\View\View->render('dataakun/tambah...', Array, true)
#4 C:\xampp\htdocs\edsa\app\Controllers\AkunController.php(38): view('dataakun/tambah...', Array)
#5 C:\xampp\htdocs\edsa\system\CodeIgniter.php(936): App\Controllers\AkunController->create()
#6 C:\xampp\htdocs\edsa\system\CodeIgniter.php(432): CodeIgniter\CodeIgniter->runController(Object(App\Controllers\AkunController))
#7 C:\xampp\htdocs\edsa\system\CodeIgniter.php(333): CodeIgniter\CodeIgniter->handleRequest(NULL, Object(Config\Cache), false)
#8 C:\xampp\htdocs\edsa\public\index.php(44): CodeIgniter\CodeIgniter->run()
#9 C:\xampp\htdocs\edsa\system\Commands\Server\rewrite.php(45): require_once('C:\\xampp\\htdocs...')
#10 {main}
CRITICAL - 2023-07-22 12:44:56 --> Undefined array key "nm_anggota"
#0 C:\xampp\htdocs\edsa\app\Views\dataakun\tambah_dataakun.php(45): CodeIgniter\Debug\Exceptions->errorHandler(2, 'Undefined array...', 'C:\\xampp\\htdocs...', 45)
#1 C:\xampp\htdocs\edsa\system\View\View.php(220): include('C:\\xampp\\htdocs...')
#2 C:\xampp\htdocs\edsa\system\View\View.php(222): CodeIgniter\View\View->CodeIgniter\View\{closure}()
#3 C:\xampp\htdocs\edsa\system\Common.php(1217): CodeIgniter\View\View->render('dataakun/tambah...', Array, true)
#4 C:\xampp\htdocs\edsa\app\Controllers\AkunController.php(38): view('dataakun/tambah...', Array)
#5 C:\xampp\htdocs\edsa\system\CodeIgniter.php(936): App\Controllers\AkunController->create()
#6 C:\xampp\htdocs\edsa\system\CodeIgniter.php(432): CodeIgniter\CodeIgniter->runController(Object(App\Controllers\AkunController))
#7 C:\xampp\htdocs\edsa\system\CodeIgniter.php(333): CodeIgniter\CodeIgniter->handleRequest(NULL, Object(Config\Cache), false)
#8 C:\xampp\htdocs\edsa\public\index.php(44): CodeIgniter\CodeIgniter->run()
#9 C:\xampp\htdocs\edsa\system\Commands\Server\rewrite.php(45): require_once('C:\\xampp\\htdocs...')
#10 {main}
CRITICAL - 2023-07-22 12:57:08 --> Uncaught Error: Call to undefined method CodeIgniter\Debug\Exceptions::include() in C:\xampp\htdocs\edsa\app\Views\errors\html\error_404.php:1
Stack trace:
#0 C:\xampp\htdocs\edsa\system\Debug\Exceptions.php(281): include()
#1 C:\xampp\htdocs\edsa\system\Debug\Exceptions.php(147): CodeIgniter\Debug\Exceptions->render(Object(CodeIgniter\Exceptions\PageNotFoundException), 404)
#2 [internal function]: CodeIgniter\Debug\Exceptions->exceptionHandler(Object(CodeIgniter\Exceptions\PageNotFoundException))
#3 {main}
  thrown
#0 [internal function]: CodeIgniter\Debug\Exceptions->shutdownHandler()
#1 {main}
CRITICAL - 2023-07-22 12:58:20 --> CodeIgniter\Database\BaseResult::getResult(): Argument #1 ($type) must be of type string, null given, called in C:\xampp\htdocs\edsa\system\Model.php on line 214
#0 C:\xampp\htdocs\edsa\system\Model.php(214): CodeIgniter\Database\BaseResult->getResult(NULL)
#1 C:\xampp\htdocs\edsa\system\BaseModel.php(583): CodeIgniter\Model->doFindAll(0, 0)
#2 C:\xampp\htdocs\edsa\app\Models\Regu.php(31): CodeIgniter\BaseModel->findAll()
#3 C:\xampp\htdocs\edsa\app\Controllers\ReguController.php(25): App\Models\Regu->tampilData()
#4 C:\xampp\htdocs\edsa\system\CodeIgniter.php(936): App\Controllers\ReguController->index()
#5 C:\xampp\htdocs\edsa\system\CodeIgniter.php(432): CodeIgniter\CodeIgniter->runController(Object(App\Controllers\ReguController))
#6 C:\xampp\htdocs\edsa\system\CodeIgniter.php(333): CodeIgniter\CodeIgniter->handleRequest(NULL, Object(Config\Cache), false)
#7 C:\xampp\htdocs\edsa\public\index.php(44): CodeIgniter\CodeIgniter->run()
#8 C:\xampp\htdocs\edsa\system\Commands\Server\rewrite.php(45): require_once('C:\\xampp\\htdocs...')
#9 {main}
CRITICAL - 2023-07-22 13:00:07 --> Array to string conversion
#0 C:\xampp\htdocs\edsa\app\Views\regu\regu.php(115): CodeIgniter\Debug\Exceptions->errorHandler(2, 'Array to string...', 'C:\\xampp\\htdocs...', 115)
#1 C:\xampp\htdocs\edsa\system\View\View.php(220): include('C:\\xampp\\htdocs...')
#2 C:\xampp\htdocs\edsa\system\View\View.php(222): CodeIgniter\View\View->CodeIgniter\View\{closure}()
#3 C:\xampp\htdocs\edsa\system\Common.php(1217): CodeIgniter\View\View->render('regu/regu', Array, true)
#4 C:\xampp\htdocs\edsa\app\Controllers\ReguController.php(30): view('regu/regu', Array)
#5 C:\xampp\htdocs\edsa\system\CodeIgniter.php(936): App\Controllers\ReguController->index()
#6 C:\xampp\htdocs\edsa\system\CodeIgniter.php(432): CodeIgniter\CodeIgniter->runController(Object(App\Controllers\ReguController))
#7 C:\xampp\htdocs\edsa\system\CodeIgniter.php(333): CodeIgniter\CodeIgniter->handleRequest(NULL, Object(Config\Cache), false)
#8 C:\xampp\htdocs\edsa\public\index.php(44): CodeIgniter\CodeIgniter->run()
#9 C:\xampp\htdocs\edsa\system\Commands\Server\rewrite.php(45): require_once('C:\\xampp\\htdocs...')
#10 {main}
CRITICAL - 2023-07-22 13:03:15 --> Undefined array key "id"
#0 C:\xampp\htdocs\edsa\app\Views\regu\regu.php(117): CodeIgniter\Debug\Exceptions->errorHandler(2, 'Undefined array...', 'C:\\xampp\\htdocs...', 117)
#1 C:\xampp\htdocs\edsa\system\View\View.php(220): include('C:\\xampp\\htdocs...')
#2 C:\xampp\htdocs\edsa\system\View\View.php(222): CodeIgniter\View\View->CodeIgniter\View\{closure}()
#3 C:\xampp\htdocs\edsa\system\Common.php(1217): CodeIgniter\View\View->render('regu/regu', Array, true)
#4 C:\xampp\htdocs\edsa\app\Controllers\ReguController.php(30): view('regu/regu', Array)
#5 C:\xampp\htdocs\edsa\system\CodeIgniter.php(936): App\Controllers\ReguController->index()
#6 C:\xampp\htdocs\edsa\system\CodeIgniter.php(432): CodeIgniter\CodeIgniter->runController(Object(App\Controllers\ReguController))
#7 C:\xampp\htdocs\edsa\system\CodeIgniter.php(333): CodeIgniter\CodeIgniter->handleRequest(NULL, Object(Config\Cache), false)
#8 C:\xampp\htdocs\edsa\public\index.php(44): CodeIgniter\CodeIgniter->run()
#9 C:\xampp\htdocs\edsa\system\Commands\Server\rewrite.php(45): require_once('C:\\xampp\\htdocs...')
#10 {main}
CRITICAL - 2023-07-22 13:07:25 --> Undefined variable $selectedAnggota
#0 C:\xampp\htdocs\edsa\app\Views\regu\ubah_regu.php(49): CodeIgniter\Debug\Exceptions->errorHandler(2, 'Undefined varia...', 'C:\\xampp\\htdocs...', 49)
#1 C:\xampp\htdocs\edsa\system\View\View.php(220): include('C:\\xampp\\htdocs...')
#2 C:\xampp\htdocs\edsa\system\View\View.php(222): CodeIgniter\View\View->CodeIgniter\View\{closure}()
#3 C:\xampp\htdocs\edsa\system\Common.php(1217): CodeIgniter\View\View->render('regu/ubah_regu', Array, true)
#4 C:\xampp\htdocs\edsa\app\Controllers\ReguController.php(80): view('regu/ubah_regu', Array)
#5 C:\xampp\htdocs\edsa\system\CodeIgniter.php(936): App\Controllers\ReguController->edit('12')
#6 C:\xampp\htdocs\edsa\system\CodeIgniter.php(432): CodeIgniter\CodeIgniter->runController(Object(App\Controllers\ReguController))
#7 C:\xampp\htdocs\edsa\system\CodeIgniter.php(333): CodeIgniter\CodeIgniter->handleRequest(NULL, Object(Config\Cache), false)
#8 C:\xampp\htdocs\edsa\public\index.php(44): CodeIgniter\CodeIgniter->run()
#9 C:\xampp\htdocs\edsa\system\Commands\Server\rewrite.php(45): require_once('C:\\xampp\\htdocs...')
#10 {main}
CRITICAL - 2023-07-22 13:08:12 --> CodeIgniter\Database\BaseResult::getFirstRow(): Argument #1 ($type) must be of type string, null given, called in C:\xampp\htdocs\edsa\system\Model.php on line 170
#0 C:\xampp\htdocs\edsa\system\Model.php(170): CodeIgniter\Database\BaseResult->getFirstRow(NULL)
#1 C:\xampp\htdocs\edsa\system\BaseModel.php(518): CodeIgniter\Model->doFind(true, '12')
#2 C:\xampp\htdocs\edsa\app\Controllers\ReguController.php(71): CodeIgniter\BaseModel->find('12')
#3 C:\xampp\htdocs\edsa\system\CodeIgniter.php(936): App\Controllers\ReguController->edit('12')
#4 C:\xampp\htdocs\edsa\system\CodeIgniter.php(432): CodeIgniter\CodeIgniter->runController(Object(App\Controllers\ReguController))
#5 C:\xampp\htdocs\edsa\system\CodeIgniter.php(333): CodeIgniter\CodeIgniter->handleRequest(NULL, Object(Config\Cache), false)
#6 C:\xampp\htdocs\edsa\public\index.php(44): CodeIgniter\CodeIgniter->run()
#7 C:\xampp\htdocs\edsa\system\Commands\Server\rewrite.php(45): require_once('C:\\xampp\\htdocs...')
#8 {main}
CRITICAL - 2023-07-22 13:09:54 --> CodeIgniter\Database\BaseResult::getFirstRow(): Argument #1 ($type) must be of type string, null given, called in C:\xampp\htdocs\edsa\system\Model.php on line 170
#0 C:\xampp\htdocs\edsa\system\Model.php(170): CodeIgniter\Database\BaseResult->getFirstRow(NULL)
#1 C:\xampp\htdocs\edsa\system\BaseModel.php(518): CodeIgniter\Model->doFind(true, '12')
#2 C:\xampp\htdocs\edsa\app\Controllers\ReguController.php(71): CodeIgniter\BaseModel->find('12')
#3 C:\xampp\htdocs\edsa\system\CodeIgniter.php(936): App\Controllers\ReguController->edit('12')
#4 C:\xampp\htdocs\edsa\system\CodeIgniter.php(432): CodeIgniter\CodeIgniter->runController(Object(App\Controllers\ReguController))
#5 C:\xampp\htdocs\edsa\system\CodeIgniter.php(333): CodeIgniter\CodeIgniter->handleRequest(NULL, Object(Config\Cache), false)
#6 C:\xampp\htdocs\edsa\public\index.php(44): CodeIgniter\CodeIgniter->run()
#7 C:\xampp\htdocs\edsa\system\Commands\Server\rewrite.php(45): require_once('C:\\xampp\\htdocs...')
#8 {main}
CRITICAL - 2023-07-22 13:09:55 --> CodeIgniter\Database\BaseResult::getFirstRow(): Argument #1 ($type) must be of type string, null given, called in C:\xampp\htdocs\edsa\system\Model.php on line 170
#0 C:\xampp\htdocs\edsa\system\Model.php(170): CodeIgniter\Database\BaseResult->getFirstRow(NULL)
#1 C:\xampp\htdocs\edsa\system\BaseModel.php(518): CodeIgniter\Model->doFind(true, '12')
#2 C:\xampp\htdocs\edsa\app\Controllers\ReguController.php(71): CodeIgniter\BaseModel->find('12')
#3 C:\xampp\htdocs\edsa\system\CodeIgniter.php(936): App\Controllers\ReguController->edit('12')
#4 C:\xampp\htdocs\edsa\system\CodeIgniter.php(432): CodeIgniter\CodeIgniter->runController(Object(App\Controllers\ReguController))
#5 C:\xampp\htdocs\edsa\system\CodeIgniter.php(333): CodeIgniter\CodeIgniter->handleRequest(NULL, Object(Config\Cache), false)
#6 C:\xampp\htdocs\edsa\public\index.php(44): CodeIgniter\CodeIgniter->run()
#7 C:\xampp\htdocs\edsa\system\Commands\Server\rewrite.php(45): require_once('C:\\xampp\\htdocs...')
#8 {main}
CRITICAL - 2023-07-22 13:09:55 --> CodeIgniter\Database\BaseResult::getFirstRow(): Argument #1 ($type) must be of type string, null given, called in C:\xampp\htdocs\edsa\system\Model.php on line 170
#0 C:\xampp\htdocs\edsa\system\Model.php(170): CodeIgniter\Database\BaseResult->getFirstRow(NULL)
#1 C:\xampp\htdocs\edsa\system\BaseModel.php(518): CodeIgniter\Model->doFind(true, '12')
#2 C:\xampp\htdocs\edsa\app\Controllers\ReguController.php(71): CodeIgniter\BaseModel->find('12')
#3 C:\xampp\htdocs\edsa\system\CodeIgniter.php(936): App\Controllers\ReguController->edit('12')
#4 C:\xampp\htdocs\edsa\system\CodeIgniter.php(432): CodeIgniter\CodeIgniter->runController(Object(App\Controllers\ReguController))
#5 C:\xampp\htdocs\edsa\system\CodeIgniter.php(333): CodeIgniter\CodeIgniter->handleRequest(NULL, Object(Config\Cache), false)
#6 C:\xampp\htdocs\edsa\public\index.php(44): CodeIgniter\CodeIgniter->run()
#7 C:\xampp\htdocs\edsa\system\Commands\Server\rewrite.php(45): require_once('C:\\xampp\\htdocs...')
#8 {main}
CRITICAL - 2023-07-22 13:09:55 --> CodeIgniter\Database\BaseResult::getFirstRow(): Argument #1 ($type) must be of type string, null given, called in C:\xampp\htdocs\edsa\system\Model.php on line 170
#0 C:\xampp\htdocs\edsa\system\Model.php(170): CodeIgniter\Database\BaseResult->getFirstRow(NULL)
#1 C:\xampp\htdocs\edsa\system\BaseModel.php(518): CodeIgniter\Model->doFind(true, '12')
#2 C:\xampp\htdocs\edsa\app\Controllers\ReguController.php(71): CodeIgniter\BaseModel->find('12')
#3 C:\xampp\htdocs\edsa\system\CodeIgniter.php(936): App\Controllers\ReguController->edit('12')
#4 C:\xampp\htdocs\edsa\system\CodeIgniter.php(432): CodeIgniter\CodeIgniter->runController(Object(App\Controllers\ReguController))
#5 C:\xampp\htdocs\edsa\system\CodeIgniter.php(333): CodeIgniter\CodeIgniter->handleRequest(NULL, Object(Config\Cache), false)
#6 C:\xampp\htdocs\edsa\public\index.php(44): CodeIgniter\CodeIgniter->run()
#7 C:\xampp\htdocs\edsa\system\Commands\Server\rewrite.php(45): require_once('C:\\xampp\\htdocs...')
#8 {main}
CRITICAL - 2023-07-22 13:09:55 --> CodeIgniter\Database\BaseResult::getFirstRow(): Argument #1 ($type) must be of type string, null given, called in C:\xampp\htdocs\edsa\system\Model.php on line 170
#0 C:\xampp\htdocs\edsa\system\Model.php(170): CodeIgniter\Database\BaseResult->getFirstRow(NULL)
#1 C:\xampp\htdocs\edsa\system\BaseModel.php(518): CodeIgniter\Model->doFind(true, '12')
#2 C:\xampp\htdocs\edsa\app\Controllers\ReguController.php(71): CodeIgniter\BaseModel->find('12')
#3 C:\xampp\htdocs\edsa\system\CodeIgniter.php(936): App\Controllers\ReguController->edit('12')
#4 C:\xampp\htdocs\edsa\system\CodeIgniter.php(432): CodeIgniter\CodeIgniter->runController(Object(App\Controllers\ReguController))
#5 C:\xampp\htdocs\edsa\system\CodeIgniter.php(333): CodeIgniter\CodeIgniter->handleRequest(NULL, Object(Config\Cache), false)
#6 C:\xampp\htdocs\edsa\public\index.php(44): CodeIgniter\CodeIgniter->run()
#7 C:\xampp\htdocs\edsa\system\Commands\Server\rewrite.php(45): require_once('C:\\xampp\\htdocs...')
#8 {main}
CRITICAL - 2023-07-22 13:09:56 --> CodeIgniter\Database\BaseResult::getFirstRow(): Argument #1 ($type) must be of type string, null given, called in C:\xampp\htdocs\edsa\system\Model.php on line 170
#0 C:\xampp\htdocs\edsa\system\Model.php(170): CodeIgniter\Database\BaseResult->getFirstRow(NULL)
#1 C:\xampp\htdocs\edsa\system\BaseModel.php(518): CodeIgniter\Model->doFind(true, '12')
#2 C:\xampp\htdocs\edsa\app\Controllers\ReguController.php(71): CodeIgniter\BaseModel->find('12')
#3 C:\xampp\htdocs\edsa\system\CodeIgniter.php(936): App\Controllers\ReguController->edit('12')
#4 C:\xampp\htdocs\edsa\system\CodeIgniter.php(432): CodeIgniter\CodeIgniter->runController(Object(App\Controllers\ReguController))
#5 C:\xampp\htdocs\edsa\system\CodeIgniter.php(333): CodeIgniter\CodeIgniter->handleRequest(NULL, Object(Config\Cache), false)
#6 C:\xampp\htdocs\edsa\public\index.php(44): CodeIgniter\CodeIgniter->run()
#7 C:\xampp\htdocs\edsa\system\Commands\Server\rewrite.php(45): require_once('C:\\xampp\\htdocs...')
#8 {main}
CRITICAL - 2023-07-22 13:09:56 --> CodeIgniter\Database\BaseResult::getFirstRow(): Argument #1 ($type) must be of type string, null given, called in C:\xampp\htdocs\edsa\system\Model.php on line 170
#0 C:\xampp\htdocs\edsa\system\Model.php(170): CodeIgniter\Database\BaseResult->getFirstRow(NULL)
#1 C:\xampp\htdocs\edsa\system\BaseModel.php(518): CodeIgniter\Model->doFind(true, '12')
#2 C:\xampp\htdocs\edsa\app\Controllers\ReguController.php(71): CodeIgniter\BaseModel->find('12')
#3 C:\xampp\htdocs\edsa\system\CodeIgniter.php(936): App\Controllers\ReguController->edit('12')
#4 C:\xampp\htdocs\edsa\system\CodeIgniter.php(432): CodeIgniter\CodeIgniter->runController(Object(App\Controllers\ReguController))
#5 C:\xampp\htdocs\edsa\system\CodeIgniter.php(333): CodeIgniter\CodeIgniter->handleRequest(NULL, Object(Config\Cache), false)
#6 C:\xampp\htdocs\edsa\public\index.php(44): CodeIgniter\CodeIgniter->run()
#7 C:\xampp\htdocs\edsa\system\Commands\Server\rewrite.php(45): require_once('C:\\xampp\\htdocs...')
#8 {main}
CRITICAL - 2023-07-22 13:09:56 --> CodeIgniter\Database\BaseResult::getFirstRow(): Argument #1 ($type) must be of type string, null given, called in C:\xampp\htdocs\edsa\system\Model.php on line 170
#0 C:\xampp\htdocs\edsa\system\Model.php(170): CodeIgniter\Database\BaseResult->getFirstRow(NULL)
#1 C:\xampp\htdocs\edsa\system\BaseModel.php(518): CodeIgniter\Model->doFind(true, '12')
#2 C:\xampp\htdocs\edsa\app\Controllers\ReguController.php(71): CodeIgniter\BaseModel->find('12')
#3 C:\xampp\htdocs\edsa\system\CodeIgniter.php(936): App\Controllers\ReguController->edit('12')
#4 C:\xampp\htdocs\edsa\system\CodeIgniter.php(432): CodeIgniter\CodeIgniter->runController(Object(App\Controllers\ReguController))
#5 C:\xampp\htdocs\edsa\system\CodeIgniter.php(333): CodeIgniter\CodeIgniter->handleRequest(NULL, Object(Config\Cache), false)
#6 C:\xampp\htdocs\edsa\public\index.php(44): CodeIgniter\CodeIgniter->run()
#7 C:\xampp\htdocs\edsa\system\Commands\Server\rewrite.php(45): require_once('C:\\xampp\\htdocs...')
#8 {main}
