CRITICAL - 2023-05-22 22:06:41 --> Invalid file: jabatan.php
#0 C:\xampp\htdocs\ci-ta\system\View\View.php(203): CodeIgniter\Exceptions\FrameworkException::forInvalidFile('jabatan.php')
#1 C:\xampp\htdocs\ci-ta\system\Common.php(1217): CodeIgniter\View\View->render('jabatan', Array, true)
#2 C:\xampp\htdocs\ci-ta\app\Controllers\Home.php(22): view('jabatan', Array)
#3 C:\xampp\htdocs\ci-ta\system\CodeIgniter.php(936): App\Controllers\Home->jabatan()
#4 C:\xampp\htdocs\ci-ta\system\CodeIgniter.php(432): CodeIgniter\CodeIgniter->runController(Object(App\Controllers\Home))
#5 C:\xampp\htdocs\ci-ta\system\CodeIgniter.php(333): CodeIgniter\CodeIgniter->handleRequest(NULL, Object(Config\Cache), false)
#6 C:\xampp\htdocs\ci-ta\public\index.php(44): CodeIgniter\CodeIgniter->run()
#7 C:\xampp\htdocs\ci-ta\system\Commands\Server\rewrite.php(45): require_once('C:\\xampp\\htdocs...')
#8 {main}
CRITICAL - 2023-05-22 22:07:34 --> Invalid file: jabatan.php
#0 C:\xampp\htdocs\ci-ta\system\View\View.php(203): CodeIgniter\Exceptions\FrameworkException::forInvalidFile('jabatan.php')
#1 C:\xampp\htdocs\ci-ta\system\Common.php(1217): CodeIgniter\View\View->render('jabatan', Array, true)
#2 C:\xampp\htdocs\ci-ta\app\Controllers\Home.php(22): view('jabatan', Array)
#3 C:\xampp\htdocs\ci-ta\system\CodeIgniter.php(936): App\Controllers\Home->jabatan()
#4 C:\xampp\htdocs\ci-ta\system\CodeIgniter.php(432): CodeIgniter\CodeIgniter->runController(Object(App\Controllers\Home))
#5 C:\xampp\htdocs\ci-ta\system\CodeIgniter.php(333): CodeIgniter\CodeIgniter->handleRequest(NULL, Object(Config\Cache), false)
#6 C:\xampp\htdocs\ci-ta\public\index.php(44): CodeIgniter\CodeIgniter->run()
#7 C:\xampp\htdocs\ci-ta\system\Commands\Server\rewrite.php(45): require_once('C:\\xampp\\htdocs...')
#8 {main}
