CRITICAL - 2023-07-23 19:25:47 --> Uncaught Error: Call to undefined method CodeIgniter\Debug\Exceptions::include() in C:\xampp\htdocs\edsa\app\Views\errors\html\error_404.php:1
Stack trace:
#0 C:\xampp\htdocs\edsa\system\Debug\Exceptions.php(281): include()
#1 C:\xampp\htdocs\edsa\system\Debug\Exceptions.php(147): CodeIgniter\Debug\Exceptions->render(Object(CodeIgniter\Exceptions\PageNotFoundException), 404)
#2 [internal function]: CodeIgniter\Debug\Exceptions->exceptionHandler(Object(CodeIgniter\Exceptions\PageNotFoundException))
#3 {main}
  thrown
#0 [internal function]: CodeIgniter\Debug\Exceptions->shutdownHandler()
#1 {main}
CRITICAL - 2023-07-23 19:27:29 --> Uncaught Error: Call to undefined method CodeIgniter\Debug\Exceptions::include() in C:\xampp\htdocs\edsa\app\Views\errors\html\error_404.php:1
Stack trace:
#0 C:\xampp\htdocs\edsa\system\Debug\Exceptions.php(281): include()
#1 C:\xampp\htdocs\edsa\system\Debug\Exceptions.php(147): CodeIgniter\Debug\Exceptions->render(Object(CodeIgniter\Exceptions\PageNotFoundException), 404)
#2 [internal function]: CodeIgniter\Debug\Exceptions->exceptionHandler(Object(CodeIgniter\Exceptions\PageNotFoundException))
#3 {main}
  thrown
#0 [internal function]: CodeIgniter\Debug\Exceptions->shutdownHandler()
#1 {main}
CRITICAL - 2023-07-23 19:27:29 --> Uncaught Error: Call to undefined method CodeIgniter\Debug\Exceptions::include() in C:\xampp\htdocs\edsa\app\Views\errors\html\error_404.php:1
Stack trace:
#0 C:\xampp\htdocs\edsa\system\Debug\Exceptions.php(281): include()
#1 C:\xampp\htdocs\edsa\system\Debug\Exceptions.php(147): CodeIgniter\Debug\Exceptions->render(Object(CodeIgniter\Exceptions\PageNotFoundException), 404)
#2 [internal function]: CodeIgniter\Debug\Exceptions->exceptionHandler(Object(CodeIgniter\Exceptions\PageNotFoundException))
#3 {main}
  thrown
#0 [internal function]: CodeIgniter\Debug\Exceptions->shutdownHandler()
#1 {main}
CRITICAL - 2023-07-23 19:29:19 --> Call to undefined method App\Models\Regu::getReguById
#0 C:\xampp\htdocs\edsa\app\Controllers\ReguController.php(135): CodeIgniter\Model->__call('getReguById', Array)
#1 C:\xampp\htdocs\edsa\system\CodeIgniter.php(936): App\Controllers\ReguController->detail('Regu 4')
#2 C:\xampp\htdocs\edsa\system\CodeIgniter.php(432): CodeIgniter\CodeIgniter->runController(Object(App\Controllers\ReguController))
#3 C:\xampp\htdocs\edsa\system\CodeIgniter.php(333): CodeIgniter\CodeIgniter->handleRequest(NULL, Object(Config\Cache), false)
#4 C:\xampp\htdocs\edsa\public\index.php(44): CodeIgniter\CodeIgniter->run()
#5 C:\xampp\htdocs\edsa\system\Commands\Server\rewrite.php(45): require_once('C:\\xampp\\htdocs...')
#6 {main}
CRITICAL - 2023-07-23 19:49:47 --> implode(): Argument #2 ($array) must be of type ?array, string given
#0 C:\xampp\htdocs\edsa\app\Controllers\ReguController.php(116): implode(',', '3')
#1 C:\xampp\htdocs\edsa\system\CodeIgniter.php(936): App\Controllers\ReguController->update('12')
#2 C:\xampp\htdocs\edsa\system\CodeIgniter.php(432): CodeIgniter\CodeIgniter->runController(Object(App\Controllers\ReguController))
#3 C:\xampp\htdocs\edsa\system\CodeIgniter.php(333): CodeIgniter\CodeIgniter->handleRequest(NULL, Object(Config\Cache), false)
#4 C:\xampp\htdocs\edsa\public\index.php(44): CodeIgniter\CodeIgniter->run()
#5 C:\xampp\htdocs\edsa\system\Commands\Server\rewrite.php(45): require_once('C:\\xampp\\htdocs...')
#6 {main}
CRITICAL - 2023-07-23 19:51:43 --> implode(): Argument #2 ($array) must be of type ?array, string given
#0 C:\xampp\htdocs\edsa\app\Controllers\ReguController.php(116): implode(',', '3')
#1 C:\xampp\htdocs\edsa\system\CodeIgniter.php(936): App\Controllers\ReguController->update('12')
#2 C:\xampp\htdocs\edsa\system\CodeIgniter.php(432): CodeIgniter\CodeIgniter->runController(Object(App\Controllers\ReguController))
#3 C:\xampp\htdocs\edsa\system\CodeIgniter.php(333): CodeIgniter\CodeIgniter->handleRequest(NULL, Object(Config\Cache), false)
#4 C:\xampp\htdocs\edsa\public\index.php(44): CodeIgniter\CodeIgniter->run()
#5 C:\xampp\htdocs\edsa\system\Commands\Server\rewrite.php(45): require_once('C:\\xampp\\htdocs...')
#6 {main}
CRITICAL - 2023-07-23 19:51:46 --> implode(): Argument #2 ($array) must be of type ?array, string given
#0 C:\xampp\htdocs\edsa\app\Controllers\ReguController.php(116): implode(',', '3')
#1 C:\xampp\htdocs\edsa\system\CodeIgniter.php(936): App\Controllers\ReguController->update('12')
#2 C:\xampp\htdocs\edsa\system\CodeIgniter.php(432): CodeIgniter\CodeIgniter->runController(Object(App\Controllers\ReguController))
#3 C:\xampp\htdocs\edsa\system\CodeIgniter.php(333): CodeIgniter\CodeIgniter->handleRequest(NULL, Object(Config\Cache), false)
#4 C:\xampp\htdocs\edsa\public\index.php(44): CodeIgniter\CodeIgniter->run()
#5 C:\xampp\htdocs\edsa\system\Commands\Server\rewrite.php(45): require_once('C:\\xampp\\htdocs...')
#6 {main}
CRITICAL - 2023-07-23 19:54:37 --> implode(): Argument #2 ($array) must be of type ?array, string given
#0 C:\xampp\htdocs\edsa\app\Controllers\ReguController.php(119): implode(',', '3')
#1 C:\xampp\htdocs\edsa\system\CodeIgniter.php(936): App\Controllers\ReguController->update('12')
#2 C:\xampp\htdocs\edsa\system\CodeIgniter.php(432): CodeIgniter\CodeIgniter->runController(Object(App\Controllers\ReguController))
#3 C:\xampp\htdocs\edsa\system\CodeIgniter.php(333): CodeIgniter\CodeIgniter->handleRequest(NULL, Object(Config\Cache), false)
#4 C:\xampp\htdocs\edsa\public\index.php(44): CodeIgniter\CodeIgniter->run()
#5 C:\xampp\htdocs\edsa\system\Commands\Server\rewrite.php(45): require_once('C:\\xampp\\htdocs...')
#6 {main}
CRITICAL - 2023-07-23 19:57:06 --> implode(): Argument #2 ($array) must be of type ?array, string given
#0 C:\xampp\htdocs\edsa\app\Controllers\ReguController.php(119): implode(',', '3')
#1 C:\xampp\htdocs\edsa\system\CodeIgniter.php(936): App\Controllers\ReguController->update('12')
#2 C:\xampp\htdocs\edsa\system\CodeIgniter.php(432): CodeIgniter\CodeIgniter->runController(Object(App\Controllers\ReguController))
#3 C:\xampp\htdocs\edsa\system\CodeIgniter.php(333): CodeIgniter\CodeIgniter->handleRequest(NULL, Object(Config\Cache), false)
#4 C:\xampp\htdocs\edsa\public\index.php(44): CodeIgniter\CodeIgniter->run()
#5 C:\xampp\htdocs\edsa\system\Commands\Server\rewrite.php(45): require_once('C:\\xampp\\htdocs...')
#6 {main}
