ERROR - 2023-07-15 02:10:28 --> mysqli_sql_exception: Unknown column 'tb_mutasi.id_anggota' in 'on clause' in C:\xampp\htdocs\edsa\system\Database\MySQLi\Connection.php:314
Stack trace:
#0 C:\xampp\htdocs\edsa\system\Database\MySQLi\Connection.php(314): mysqli->query('SELECT `tb_regu...')
#1 C:\xampp\htdocs\edsa\system\Database\BaseConnection.php(713): CodeIgniter\Database\MySQLi\Connection->execute('SELECT `tb_regu...')
#2 C:\xampp\htdocs\edsa\system\Database\BaseConnection.php(641): CodeIgniter\Database\BaseConnection->simpleQuery('SELECT `tb_regu...')
#3 C:\xampp\htdocs\edsa\system\Database\BaseBuilder.php(1866): CodeIgniter\Database\BaseConnection->query('SELECT `tb_regu...', Array, false)
#4 C:\xampp\htdocs\edsa\app\Models\Regu.php(25): CodeIgniter\Database\BaseBuilder->get()
#5 C:\xampp\htdocs\edsa\app\Controllers\ReguController.php(24): App\Models\Regu->tampilData()
#6 C:\xampp\htdocs\edsa\system\CodeIgniter.php(936): App\Controllers\ReguController->index()
#7 C:\xampp\htdocs\edsa\system\CodeIgniter.php(432): CodeIgniter\CodeIgniter->runController(Object(App\Controllers\ReguController))
#8 C:\xampp\htdocs\edsa\system\CodeIgniter.php(333): CodeIgniter\CodeIgniter->handleRequest(NULL, Object(Config\Cache), false)
#9 C:\xampp\htdocs\edsa\public\index.php(44): CodeIgniter\CodeIgniter->run()
#10 C:\xampp\htdocs\edsa\system\Commands\Server\rewrite.php(45): require_once('C:\\xampp\\htdocs...')
#11 {main}
CRITICAL - 2023-07-15 02:10:46 --> Undefined variable $anggota
#0 C:\xampp\htdocs\edsa\app\Views\regu\tambah_regu.php(50): CodeIgniter\Debug\Exceptions->errorHandler(2, 'Undefined varia...', 'C:\\xampp\\htdocs...', 50)
#1 C:\xampp\htdocs\edsa\system\View\View.php(220): include('C:\\xampp\\htdocs...')
#2 C:\xampp\htdocs\edsa\system\View\View.php(222): CodeIgniter\View\View->CodeIgniter\View\{closure}()
#3 C:\xampp\htdocs\edsa\system\Common.php(1217): CodeIgniter\View\View->render('regu/tambah_reg...', Array, true)
#4 C:\xampp\htdocs\edsa\app\Controllers\ReguController.php(39): view('regu/tambah_reg...', Array)
#5 C:\xampp\htdocs\edsa\system\CodeIgniter.php(936): App\Controllers\ReguController->create()
#6 C:\xampp\htdocs\edsa\system\CodeIgniter.php(432): CodeIgniter\CodeIgniter->runController(Object(App\Controllers\ReguController))
#7 C:\xampp\htdocs\edsa\system\CodeIgniter.php(333): CodeIgniter\CodeIgniter->handleRequest(NULL, Object(Config\Cache), false)
#8 C:\xampp\htdocs\edsa\public\index.php(44): CodeIgniter\CodeIgniter->run()
#9 C:\xampp\htdocs\edsa\system\Commands\Server\rewrite.php(45): require_once('C:\\xampp\\htdocs...')
#10 {main}
CRITICAL - 2023-07-15 02:15:52 --> Undefined variable $anggota
#0 C:\xampp\htdocs\edsa\app\Views\regu\tambah_regu.php(50): CodeIgniter\Debug\Exceptions->errorHandler(2, 'Undefined varia...', 'C:\\xampp\\htdocs...', 50)
#1 C:\xampp\htdocs\edsa\system\View\View.php(220): include('C:\\xampp\\htdocs...')
#2 C:\xampp\htdocs\edsa\system\View\View.php(222): CodeIgniter\View\View->CodeIgniter\View\{closure}()
#3 C:\xampp\htdocs\edsa\system\Common.php(1217): CodeIgniter\View\View->render('regu/tambah_reg...', Array, true)
#4 C:\xampp\htdocs\edsa\app\Controllers\ReguController.php(39): view('regu/tambah_reg...', Array)
#5 C:\xampp\htdocs\edsa\system\CodeIgniter.php(936): App\Controllers\ReguController->create()
#6 C:\xampp\htdocs\edsa\system\CodeIgniter.php(432): CodeIgniter\CodeIgniter->runController(Object(App\Controllers\ReguController))
#7 C:\xampp\htdocs\edsa\system\CodeIgniter.php(333): CodeIgniter\CodeIgniter->handleRequest(NULL, Object(Config\Cache), false)
#8 C:\xampp\htdocs\edsa\public\index.php(44): CodeIgniter\CodeIgniter->run()
#9 C:\xampp\htdocs\edsa\system\Commands\Server\rewrite.php(45): require_once('C:\\xampp\\htdocs...')
#10 {main}
CRITICAL - 2023-07-15 02:15:54 --> Undefined variable $anggota
#0 C:\xampp\htdocs\edsa\app\Views\regu\tambah_regu.php(50): CodeIgniter\Debug\Exceptions->errorHandler(2, 'Undefined varia...', 'C:\\xampp\\htdocs...', 50)
#1 C:\xampp\htdocs\edsa\system\View\View.php(220): include('C:\\xampp\\htdocs...')
#2 C:\xampp\htdocs\edsa\system\View\View.php(222): CodeIgniter\View\View->CodeIgniter\View\{closure}()
#3 C:\xampp\htdocs\edsa\system\Common.php(1217): CodeIgniter\View\View->render('regu/tambah_reg...', Array, true)
#4 C:\xampp\htdocs\edsa\app\Controllers\ReguController.php(39): view('regu/tambah_reg...', Array)
#5 C:\xampp\htdocs\edsa\system\CodeIgniter.php(936): App\Controllers\ReguController->create()
#6 C:\xampp\htdocs\edsa\system\CodeIgniter.php(432): CodeIgniter\CodeIgniter->runController(Object(App\Controllers\ReguController))
#7 C:\xampp\htdocs\edsa\system\CodeIgniter.php(333): CodeIgniter\CodeIgniter->handleRequest(NULL, Object(Config\Cache), false)
#8 C:\xampp\htdocs\edsa\public\index.php(44): CodeIgniter\CodeIgniter->run()
#9 C:\xampp\htdocs\edsa\system\Commands\Server\rewrite.php(45): require_once('C:\\xampp\\htdocs...')
#10 {main}
CRITICAL - 2023-07-15 02:18:24 --> Undefined variable $anggota
#0 C:\xampp\htdocs\edsa\app\Views\regu\tambah_regu.php(50): CodeIgniter\Debug\Exceptions->errorHandler(2, 'Undefined varia...', 'C:\\xampp\\htdocs...', 50)
#1 C:\xampp\htdocs\edsa\system\View\View.php(220): include('C:\\xampp\\htdocs...')
#2 C:\xampp\htdocs\edsa\system\View\View.php(222): CodeIgniter\View\View->CodeIgniter\View\{closure}()
#3 C:\xampp\htdocs\edsa\system\Common.php(1217): CodeIgniter\View\View->render('regu/tambah_reg...', Array, true)
#4 C:\xampp\htdocs\edsa\app\Controllers\ReguController.php(39): view('regu/tambah_reg...', Array)
#5 C:\xampp\htdocs\edsa\system\CodeIgniter.php(936): App\Controllers\ReguController->create()
#6 C:\xampp\htdocs\edsa\system\CodeIgniter.php(432): CodeIgniter\CodeIgniter->runController(Object(App\Controllers\ReguController))
#7 C:\xampp\htdocs\edsa\system\CodeIgniter.php(333): CodeIgniter\CodeIgniter->handleRequest(NULL, Object(Config\Cache), false)
#8 C:\xampp\htdocs\edsa\public\index.php(44): CodeIgniter\CodeIgniter->run()
#9 C:\xampp\htdocs\edsa\system\Commands\Server\rewrite.php(45): require_once('C:\\xampp\\htdocs...')
#10 {main}
CRITICAL - 2023-07-15 02:18:25 --> Undefined variable $anggota
#0 C:\xampp\htdocs\edsa\app\Views\regu\tambah_regu.php(50): CodeIgniter\Debug\Exceptions->errorHandler(2, 'Undefined varia...', 'C:\\xampp\\htdocs...', 50)
#1 C:\xampp\htdocs\edsa\system\View\View.php(220): include('C:\\xampp\\htdocs...')
#2 C:\xampp\htdocs\edsa\system\View\View.php(222): CodeIgniter\View\View->CodeIgniter\View\{closure}()
#3 C:\xampp\htdocs\edsa\system\Common.php(1217): CodeIgniter\View\View->render('regu/tambah_reg...', Array, true)
#4 C:\xampp\htdocs\edsa\app\Controllers\ReguController.php(39): view('regu/tambah_reg...', Array)
#5 C:\xampp\htdocs\edsa\system\CodeIgniter.php(936): App\Controllers\ReguController->create()
#6 C:\xampp\htdocs\edsa\system\CodeIgniter.php(432): CodeIgniter\CodeIgniter->runController(Object(App\Controllers\ReguController))
#7 C:\xampp\htdocs\edsa\system\CodeIgniter.php(333): CodeIgniter\CodeIgniter->handleRequest(NULL, Object(Config\Cache), false)
#8 C:\xampp\htdocs\edsa\public\index.php(44): CodeIgniter\CodeIgniter->run()
#9 C:\xampp\htdocs\edsa\system\Commands\Server\rewrite.php(45): require_once('C:\\xampp\\htdocs...')
#10 {main}
CRITICAL - 2023-07-15 02:18:25 --> Undefined variable $anggota
#0 C:\xampp\htdocs\edsa\app\Views\regu\tambah_regu.php(50): CodeIgniter\Debug\Exceptions->errorHandler(2, 'Undefined varia...', 'C:\\xampp\\htdocs...', 50)
#1 C:\xampp\htdocs\edsa\system\View\View.php(220): include('C:\\xampp\\htdocs...')
#2 C:\xampp\htdocs\edsa\system\View\View.php(222): CodeIgniter\View\View->CodeIgniter\View\{closure}()
#3 C:\xampp\htdocs\edsa\system\Common.php(1217): CodeIgniter\View\View->render('regu/tambah_reg...', Array, true)
#4 C:\xampp\htdocs\edsa\app\Controllers\ReguController.php(39): view('regu/tambah_reg...', Array)
#5 C:\xampp\htdocs\edsa\system\CodeIgniter.php(936): App\Controllers\ReguController->create()
#6 C:\xampp\htdocs\edsa\system\CodeIgniter.php(432): CodeIgniter\CodeIgniter->runController(Object(App\Controllers\ReguController))
#7 C:\xampp\htdocs\edsa\system\CodeIgniter.php(333): CodeIgniter\CodeIgniter->handleRequest(NULL, Object(Config\Cache), false)
#8 C:\xampp\htdocs\edsa\public\index.php(44): CodeIgniter\CodeIgniter->run()
#9 C:\xampp\htdocs\edsa\system\Commands\Server\rewrite.php(45): require_once('C:\\xampp\\htdocs...')
#10 {main}
CRITICAL - 2023-07-15 02:42:01 --> Undefined variable $anggota
#0 C:\xampp\htdocs\edsa\app\Views\regu\tambah_regu.php(50): CodeIgniter\Debug\Exceptions->errorHandler(2, 'Undefined varia...', 'C:\\xampp\\htdocs...', 50)
#1 C:\xampp\htdocs\edsa\system\View\View.php(220): include('C:\\xampp\\htdocs...')
#2 C:\xampp\htdocs\edsa\system\View\View.php(222): CodeIgniter\View\View->CodeIgniter\View\{closure}()
#3 C:\xampp\htdocs\edsa\system\Common.php(1217): CodeIgniter\View\View->render('regu/tambah_reg...', Array, true)
#4 C:\xampp\htdocs\edsa\app\Controllers\ReguController.php(39): view('regu/tambah_reg...', Array)
#5 C:\xampp\htdocs\edsa\system\CodeIgniter.php(936): App\Controllers\ReguController->create()
#6 C:\xampp\htdocs\edsa\system\CodeIgniter.php(432): CodeIgniter\CodeIgniter->runController(Object(App\Controllers\ReguController))
#7 C:\xampp\htdocs\edsa\system\CodeIgniter.php(333): CodeIgniter\CodeIgniter->handleRequest(NULL, Object(Config\Cache), false)
#8 C:\xampp\htdocs\edsa\public\index.php(44): CodeIgniter\CodeIgniter->run()
#9 C:\xampp\htdocs\edsa\system\Commands\Server\rewrite.php(45): require_once('C:\\xampp\\htdocs...')
#10 {main}
CRITICAL - 2023-07-15 02:42:18 --> Undefined variable $anggota
#0 C:\xampp\htdocs\edsa\app\Views\regu\tambah_regu.php(50): CodeIgniter\Debug\Exceptions->errorHandler(2, 'Undefined varia...', 'C:\\xampp\\htdocs...', 50)
#1 C:\xampp\htdocs\edsa\system\View\View.php(220): include('C:\\xampp\\htdocs...')
#2 C:\xampp\htdocs\edsa\system\View\View.php(222): CodeIgniter\View\View->CodeIgniter\View\{closure}()
#3 C:\xampp\htdocs\edsa\system\Common.php(1217): CodeIgniter\View\View->render('regu/tambah_reg...', Array, true)
#4 C:\xampp\htdocs\edsa\app\Controllers\ReguController.php(39): view('regu/tambah_reg...', Array)
#5 C:\xampp\htdocs\edsa\system\CodeIgniter.php(936): App\Controllers\ReguController->create()
#6 C:\xampp\htdocs\edsa\system\CodeIgniter.php(432): CodeIgniter\CodeIgniter->runController(Object(App\Controllers\ReguController))
#7 C:\xampp\htdocs\edsa\system\CodeIgniter.php(333): CodeIgniter\CodeIgniter->handleRequest(NULL, Object(Config\Cache), false)
#8 C:\xampp\htdocs\edsa\public\index.php(44): CodeIgniter\CodeIgniter->run()
#9 C:\xampp\htdocs\edsa\system\Commands\Server\rewrite.php(45): require_once('C:\\xampp\\htdocs...')
#10 {main}
CRITICAL - 2023-07-15 02:43:19 --> Undefined variable $anggota
#0 C:\xampp\htdocs\edsa\app\Views\regu\tambah_regu.php(50): CodeIgniter\Debug\Exceptions->errorHandler(2, 'Undefined varia...', 'C:\\xampp\\htdocs...', 50)
#1 C:\xampp\htdocs\edsa\system\View\View.php(220): include('C:\\xampp\\htdocs...')
#2 C:\xampp\htdocs\edsa\system\View\View.php(222): CodeIgniter\View\View->CodeIgniter\View\{closure}()
#3 C:\xampp\htdocs\edsa\system\Common.php(1217): CodeIgniter\View\View->render('regu/tambah_reg...', Array, true)
#4 C:\xampp\htdocs\edsa\app\Controllers\ReguController.php(39): view('regu/tambah_reg...', Array)
#5 C:\xampp\htdocs\edsa\system\CodeIgniter.php(936): App\Controllers\ReguController->create()
#6 C:\xampp\htdocs\edsa\system\CodeIgniter.php(432): CodeIgniter\CodeIgniter->runController(Object(App\Controllers\ReguController))
#7 C:\xampp\htdocs\edsa\system\CodeIgniter.php(333): CodeIgniter\CodeIgniter->handleRequest(NULL, Object(Config\Cache), false)
#8 C:\xampp\htdocs\edsa\public\index.php(44): CodeIgniter\CodeIgniter->run()
#9 C:\xampp\htdocs\edsa\system\Commands\Server\rewrite.php(45): require_once('C:\\xampp\\htdocs...')
#10 {main}
CRITICAL - 2023-07-15 02:43:20 --> Undefined variable $anggota
#0 C:\xampp\htdocs\edsa\app\Views\regu\tambah_regu.php(50): CodeIgniter\Debug\Exceptions->errorHandler(2, 'Undefined varia...', 'C:\\xampp\\htdocs...', 50)
#1 C:\xampp\htdocs\edsa\system\View\View.php(220): include('C:\\xampp\\htdocs...')
#2 C:\xampp\htdocs\edsa\system\View\View.php(222): CodeIgniter\View\View->CodeIgniter\View\{closure}()
#3 C:\xampp\htdocs\edsa\system\Common.php(1217): CodeIgniter\View\View->render('regu/tambah_reg...', Array, true)
#4 C:\xampp\htdocs\edsa\app\Controllers\ReguController.php(39): view('regu/tambah_reg...', Array)
#5 C:\xampp\htdocs\edsa\system\CodeIgniter.php(936): App\Controllers\ReguController->create()
#6 C:\xampp\htdocs\edsa\system\CodeIgniter.php(432): CodeIgniter\CodeIgniter->runController(Object(App\Controllers\ReguController))
#7 C:\xampp\htdocs\edsa\system\CodeIgniter.php(333): CodeIgniter\CodeIgniter->handleRequest(NULL, Object(Config\Cache), false)
#8 C:\xampp\htdocs\edsa\public\index.php(44): CodeIgniter\CodeIgniter->run()
#9 C:\xampp\htdocs\edsa\system\Commands\Server\rewrite.php(45): require_once('C:\\xampp\\htdocs...')
#10 {main}
CRITICAL - 2023-07-15 02:47:35 --> Undefined variable $anggota
#0 C:\xampp\htdocs\edsa\app\Views\regu\tambah_regu.php(50): CodeIgniter\Debug\Exceptions->errorHandler(2, 'Undefined varia...', 'C:\\xampp\\htdocs...', 50)
#1 C:\xampp\htdocs\edsa\system\View\View.php(220): include('C:\\xampp\\htdocs...')
#2 C:\xampp\htdocs\edsa\system\View\View.php(222): CodeIgniter\View\View->CodeIgniter\View\{closure}()
#3 C:\xampp\htdocs\edsa\system\Common.php(1217): CodeIgniter\View\View->render('regu/tambah_reg...', Array, true)
#4 C:\xampp\htdocs\edsa\app\Controllers\ReguController.php(39): view('regu/tambah_reg...', Array)
#5 C:\xampp\htdocs\edsa\system\CodeIgniter.php(936): App\Controllers\ReguController->create()
#6 C:\xampp\htdocs\edsa\system\CodeIgniter.php(432): CodeIgniter\CodeIgniter->runController(Object(App\Controllers\ReguController))
#7 C:\xampp\htdocs\edsa\system\CodeIgniter.php(333): CodeIgniter\CodeIgniter->handleRequest(NULL, Object(Config\Cache), false)
#8 C:\xampp\htdocs\edsa\public\index.php(44): CodeIgniter\CodeIgniter->run()
#9 C:\xampp\htdocs\edsa\system\Commands\Server\rewrite.php(45): require_once('C:\\xampp\\htdocs...')
#10 {main}
CRITICAL - 2023-07-15 02:47:35 --> Undefined variable $anggota
#0 C:\xampp\htdocs\edsa\app\Views\regu\tambah_regu.php(50): CodeIgniter\Debug\Exceptions->errorHandler(2, 'Undefined varia...', 'C:\\xampp\\htdocs...', 50)
#1 C:\xampp\htdocs\edsa\system\View\View.php(220): include('C:\\xampp\\htdocs...')
#2 C:\xampp\htdocs\edsa\system\View\View.php(222): CodeIgniter\View\View->CodeIgniter\View\{closure}()
#3 C:\xampp\htdocs\edsa\system\Common.php(1217): CodeIgniter\View\View->render('regu/tambah_reg...', Array, true)
#4 C:\xampp\htdocs\edsa\app\Controllers\ReguController.php(39): view('regu/tambah_reg...', Array)
#5 C:\xampp\htdocs\edsa\system\CodeIgniter.php(936): App\Controllers\ReguController->create()
#6 C:\xampp\htdocs\edsa\system\CodeIgniter.php(432): CodeIgniter\CodeIgniter->runController(Object(App\Controllers\ReguController))
#7 C:\xampp\htdocs\edsa\system\CodeIgniter.php(333): CodeIgniter\CodeIgniter->handleRequest(NULL, Object(Config\Cache), false)
#8 C:\xampp\htdocs\edsa\public\index.php(44): CodeIgniter\CodeIgniter->run()
#9 C:\xampp\htdocs\edsa\system\Commands\Server\rewrite.php(45): require_once('C:\\xampp\\htdocs...')
#10 {main}
CRITICAL - 2023-07-15 02:47:36 --> Undefined variable $anggota
#0 C:\xampp\htdocs\edsa\app\Views\regu\tambah_regu.php(50): CodeIgniter\Debug\Exceptions->errorHandler(2, 'Undefined varia...', 'C:\\xampp\\htdocs...', 50)
#1 C:\xampp\htdocs\edsa\system\View\View.php(220): include('C:\\xampp\\htdocs...')
#2 C:\xampp\htdocs\edsa\system\View\View.php(222): CodeIgniter\View\View->CodeIgniter\View\{closure}()
#3 C:\xampp\htdocs\edsa\system\Common.php(1217): CodeIgniter\View\View->render('regu/tambah_reg...', Array, true)
#4 C:\xampp\htdocs\edsa\app\Controllers\ReguController.php(39): view('regu/tambah_reg...', Array)
#5 C:\xampp\htdocs\edsa\system\CodeIgniter.php(936): App\Controllers\ReguController->create()
#6 C:\xampp\htdocs\edsa\system\CodeIgniter.php(432): CodeIgniter\CodeIgniter->runController(Object(App\Controllers\ReguController))
#7 C:\xampp\htdocs\edsa\system\CodeIgniter.php(333): CodeIgniter\CodeIgniter->handleRequest(NULL, Object(Config\Cache), false)
#8 C:\xampp\htdocs\edsa\public\index.php(44): CodeIgniter\CodeIgniter->run()
#9 C:\xampp\htdocs\edsa\system\Commands\Server\rewrite.php(45): require_once('C:\\xampp\\htdocs...')
#10 {main}
CRITICAL - 2023-07-15 02:47:36 --> Undefined variable $anggota
#0 C:\xampp\htdocs\edsa\app\Views\regu\tambah_regu.php(50): CodeIgniter\Debug\Exceptions->errorHandler(2, 'Undefined varia...', 'C:\\xampp\\htdocs...', 50)
#1 C:\xampp\htdocs\edsa\system\View\View.php(220): include('C:\\xampp\\htdocs...')
#2 C:\xampp\htdocs\edsa\system\View\View.php(222): CodeIgniter\View\View->CodeIgniter\View\{closure}()
#3 C:\xampp\htdocs\edsa\system\Common.php(1217): CodeIgniter\View\View->render('regu/tambah_reg...', Array, true)
#4 C:\xampp\htdocs\edsa\app\Controllers\ReguController.php(39): view('regu/tambah_reg...', Array)
#5 C:\xampp\htdocs\edsa\system\CodeIgniter.php(936): App\Controllers\ReguController->create()
#6 C:\xampp\htdocs\edsa\system\CodeIgniter.php(432): CodeIgniter\CodeIgniter->runController(Object(App\Controllers\ReguController))
#7 C:\xampp\htdocs\edsa\system\CodeIgniter.php(333): CodeIgniter\CodeIgniter->handleRequest(NULL, Object(Config\Cache), false)
#8 C:\xampp\htdocs\edsa\public\index.php(44): CodeIgniter\CodeIgniter->run()
#9 C:\xampp\htdocs\edsa\system\Commands\Server\rewrite.php(45): require_once('C:\\xampp\\htdocs...')
#10 {main}
CRITICAL - 2023-07-15 02:47:36 --> Undefined variable $anggota
#0 C:\xampp\htdocs\edsa\app\Views\regu\tambah_regu.php(50): CodeIgniter\Debug\Exceptions->errorHandler(2, 'Undefined varia...', 'C:\\xampp\\htdocs...', 50)
#1 C:\xampp\htdocs\edsa\system\View\View.php(220): include('C:\\xampp\\htdocs...')
#2 C:\xampp\htdocs\edsa\system\View\View.php(222): CodeIgniter\View\View->CodeIgniter\View\{closure}()
#3 C:\xampp\htdocs\edsa\system\Common.php(1217): CodeIgniter\View\View->render('regu/tambah_reg...', Array, true)
#4 C:\xampp\htdocs\edsa\app\Controllers\ReguController.php(39): view('regu/tambah_reg...', Array)
#5 C:\xampp\htdocs\edsa\system\CodeIgniter.php(936): App\Controllers\ReguController->create()
#6 C:\xampp\htdocs\edsa\system\CodeIgniter.php(432): CodeIgniter\CodeIgniter->runController(Object(App\Controllers\ReguController))
#7 C:\xampp\htdocs\edsa\system\CodeIgniter.php(333): CodeIgniter\CodeIgniter->handleRequest(NULL, Object(Config\Cache), false)
#8 C:\xampp\htdocs\edsa\public\index.php(44): CodeIgniter\CodeIgniter->run()
#9 C:\xampp\htdocs\edsa\system\Commands\Server\rewrite.php(45): require_once('C:\\xampp\\htdocs...')
#10 {main}
CRITICAL - 2023-07-15 02:52:30 --> Undefined variable $anggota
#0 C:\xampp\htdocs\edsa\app\Views\regu\tambah_regu.php(50): CodeIgniter\Debug\Exceptions->errorHandler(2, 'Undefined varia...', 'C:\\xampp\\htdocs...', 50)
#1 C:\xampp\htdocs\edsa\system\View\View.php(220): include('C:\\xampp\\htdocs...')
#2 C:\xampp\htdocs\edsa\system\View\View.php(222): CodeIgniter\View\View->CodeIgniter\View\{closure}()
#3 C:\xampp\htdocs\edsa\system\Common.php(1217): CodeIgniter\View\View->render('regu/tambah_reg...', Array, true)
#4 C:\xampp\htdocs\edsa\app\Controllers\ReguController.php(39): view('regu/tambah_reg...', Array)
#5 C:\xampp\htdocs\edsa\system\CodeIgniter.php(936): App\Controllers\ReguController->create()
#6 C:\xampp\htdocs\edsa\system\CodeIgniter.php(432): CodeIgniter\CodeIgniter->runController(Object(App\Controllers\ReguController))
#7 C:\xampp\htdocs\edsa\system\CodeIgniter.php(333): CodeIgniter\CodeIgniter->handleRequest(NULL, Object(Config\Cache), false)
#8 C:\xampp\htdocs\edsa\public\index.php(44): CodeIgniter\CodeIgniter->run()
#9 C:\xampp\htdocs\edsa\system\Commands\Server\rewrite.php(45): require_once('C:\\xampp\\htdocs...')
#10 {main}
CRITICAL - 2023-07-15 02:52:32 --> Undefined variable $anggota
#0 C:\xampp\htdocs\edsa\app\Views\regu\tambah_regu.php(50): CodeIgniter\Debug\Exceptions->errorHandler(2, 'Undefined varia...', 'C:\\xampp\\htdocs...', 50)
#1 C:\xampp\htdocs\edsa\system\View\View.php(220): include('C:\\xampp\\htdocs...')
#2 C:\xampp\htdocs\edsa\system\View\View.php(222): CodeIgniter\View\View->CodeIgniter\View\{closure}()
#3 C:\xampp\htdocs\edsa\system\Common.php(1217): CodeIgniter\View\View->render('regu/tambah_reg...', Array, true)
#4 C:\xampp\htdocs\edsa\app\Controllers\ReguController.php(39): view('regu/tambah_reg...', Array)
#5 C:\xampp\htdocs\edsa\system\CodeIgniter.php(936): App\Controllers\ReguController->create()
#6 C:\xampp\htdocs\edsa\system\CodeIgniter.php(432): CodeIgniter\CodeIgniter->runController(Object(App\Controllers\ReguController))
#7 C:\xampp\htdocs\edsa\system\CodeIgniter.php(333): CodeIgniter\CodeIgniter->handleRequest(NULL, Object(Config\Cache), false)
#8 C:\xampp\htdocs\edsa\public\index.php(44): CodeIgniter\CodeIgniter->run()
#9 C:\xampp\htdocs\edsa\system\Commands\Server\rewrite.php(45): require_once('C:\\xampp\\htdocs...')
#10 {main}
CRITICAL - 2023-07-15 02:52:51 --> Undefined array key "nm_anggota"
#0 C:\xampp\htdocs\edsa\app\Views\regu\tambah_regu.php(51): CodeIgniter\Debug\Exceptions->errorHandler(2, 'Undefined array...', 'C:\\xampp\\htdocs...', 51)
#1 C:\xampp\htdocs\edsa\system\View\View.php(220): include('C:\\xampp\\htdocs...')
#2 C:\xampp\htdocs\edsa\system\View\View.php(222): CodeIgniter\View\View->CodeIgniter\View\{closure}()
#3 C:\xampp\htdocs\edsa\system\Common.php(1217): CodeIgniter\View\View->render('regu/tambah_reg...', Array, true)
#4 C:\xampp\htdocs\edsa\app\Controllers\ReguController.php(40): view('regu/tambah_reg...', Array)
#5 C:\xampp\htdocs\edsa\system\CodeIgniter.php(936): App\Controllers\ReguController->create()
#6 C:\xampp\htdocs\edsa\system\CodeIgniter.php(432): CodeIgniter\CodeIgniter->runController(Object(App\Controllers\ReguController))
#7 C:\xampp\htdocs\edsa\system\CodeIgniter.php(333): CodeIgniter\CodeIgniter->handleRequest(NULL, Object(Config\Cache), false)
#8 C:\xampp\htdocs\edsa\public\index.php(44): CodeIgniter\CodeIgniter->run()
#9 C:\xampp\htdocs\edsa\system\Commands\Server\rewrite.php(45): require_once('C:\\xampp\\htdocs...')
#10 {main}
CRITICAL - 2023-07-15 03:15:37 --> Undefined property: CodeIgniter\View\View::$anggota
#0 C:\xampp\htdocs\edsa\app\Views\regu\regu.php(95): CodeIgniter\Debug\Exceptions->errorHandler(2, 'Undefined prope...', 'C:\\xampp\\htdocs...', 95)
#1 C:\xampp\htdocs\edsa\system\View\View.php(220): include('C:\\xampp\\htdocs...')
#2 C:\xampp\htdocs\edsa\system\View\View.php(222): CodeIgniter\View\View->CodeIgniter\View\{closure}()
#3 C:\xampp\htdocs\edsa\system\Common.php(1217): CodeIgniter\View\View->render('regu/regu', Array, true)
#4 C:\xampp\htdocs\edsa\app\Controllers\ReguController.php(29): view('regu/regu', Array)
#5 C:\xampp\htdocs\edsa\system\CodeIgniter.php(936): App\Controllers\ReguController->index()
#6 C:\xampp\htdocs\edsa\system\CodeIgniter.php(432): CodeIgniter\CodeIgniter->runController(Object(App\Controllers\ReguController))
#7 C:\xampp\htdocs\edsa\system\CodeIgniter.php(333): CodeIgniter\CodeIgniter->handleRequest(NULL, Object(Config\Cache), false)
#8 C:\xampp\htdocs\edsa\public\index.php(44): CodeIgniter\CodeIgniter->run()
#9 C:\xampp\htdocs\edsa\system\Commands\Server\rewrite.php(45): require_once('C:\\xampp\\htdocs...')
#10 {main}
CRITICAL - 2023-07-15 03:16:27 --> Undefined property: CodeIgniter\View\View::$anggota
#0 C:\xampp\htdocs\edsa\app\Views\regu\regu.php(95): CodeIgniter\Debug\Exceptions->errorHandler(2, 'Undefined prope...', 'C:\\xampp\\htdocs...', 95)
#1 C:\xampp\htdocs\edsa\system\View\View.php(220): include('C:\\xampp\\htdocs...')
#2 C:\xampp\htdocs\edsa\system\View\View.php(222): CodeIgniter\View\View->CodeIgniter\View\{closure}()
#3 C:\xampp\htdocs\edsa\system\Common.php(1217): CodeIgniter\View\View->render('regu/regu', Array, true)
#4 C:\xampp\htdocs\edsa\app\Controllers\ReguController.php(29): view('regu/regu', Array)
#5 C:\xampp\htdocs\edsa\system\CodeIgniter.php(936): App\Controllers\ReguController->index()
#6 C:\xampp\htdocs\edsa\system\CodeIgniter.php(432): CodeIgniter\CodeIgniter->runController(Object(App\Controllers\ReguController))
#7 C:\xampp\htdocs\edsa\system\CodeIgniter.php(333): CodeIgniter\CodeIgniter->handleRequest(NULL, Object(Config\Cache), false)
#8 C:\xampp\htdocs\edsa\public\index.php(44): CodeIgniter\CodeIgniter->run()
#9 C:\xampp\htdocs\edsa\system\Commands\Server\rewrite.php(45): require_once('C:\\xampp\\htdocs...')
#10 {main}
CRITICAL - 2023-07-15 03:16:28 --> Undefined property: CodeIgniter\View\View::$anggota
#0 C:\xampp\htdocs\edsa\app\Views\regu\regu.php(95): CodeIgniter\Debug\Exceptions->errorHandler(2, 'Undefined prope...', 'C:\\xampp\\htdocs...', 95)
#1 C:\xampp\htdocs\edsa\system\View\View.php(220): include('C:\\xampp\\htdocs...')
#2 C:\xampp\htdocs\edsa\system\View\View.php(222): CodeIgniter\View\View->CodeIgniter\View\{closure}()
#3 C:\xampp\htdocs\edsa\system\Common.php(1217): CodeIgniter\View\View->render('regu/regu', Array, true)
#4 C:\xampp\htdocs\edsa\app\Controllers\ReguController.php(29): view('regu/regu', Array)
#5 C:\xampp\htdocs\edsa\system\CodeIgniter.php(936): App\Controllers\ReguController->index()
#6 C:\xampp\htdocs\edsa\system\CodeIgniter.php(432): CodeIgniter\CodeIgniter->runController(Object(App\Controllers\ReguController))
#7 C:\xampp\htdocs\edsa\system\CodeIgniter.php(333): CodeIgniter\CodeIgniter->handleRequest(NULL, Object(Config\Cache), false)
#8 C:\xampp\htdocs\edsa\public\index.php(44): CodeIgniter\CodeIgniter->run()
#9 C:\xampp\htdocs\edsa\system\Commands\Server\rewrite.php(45): require_once('C:\\xampp\\htdocs...')
#10 {main}
CRITICAL - 2023-07-15 03:16:28 --> Undefined property: CodeIgniter\View\View::$anggota
#0 C:\xampp\htdocs\edsa\app\Views\regu\regu.php(95): CodeIgniter\Debug\Exceptions->errorHandler(2, 'Undefined prope...', 'C:\\xampp\\htdocs...', 95)
#1 C:\xampp\htdocs\edsa\system\View\View.php(220): include('C:\\xampp\\htdocs...')
#2 C:\xampp\htdocs\edsa\system\View\View.php(222): CodeIgniter\View\View->CodeIgniter\View\{closure}()
#3 C:\xampp\htdocs\edsa\system\Common.php(1217): CodeIgniter\View\View->render('regu/regu', Array, true)
#4 C:\xampp\htdocs\edsa\app\Controllers\ReguController.php(29): view('regu/regu', Array)
#5 C:\xampp\htdocs\edsa\system\CodeIgniter.php(936): App\Controllers\ReguController->index()
#6 C:\xampp\htdocs\edsa\system\CodeIgniter.php(432): CodeIgniter\CodeIgniter->runController(Object(App\Controllers\ReguController))
#7 C:\xampp\htdocs\edsa\system\CodeIgniter.php(333): CodeIgniter\CodeIgniter->handleRequest(NULL, Object(Config\Cache), false)
#8 C:\xampp\htdocs\edsa\public\index.php(44): CodeIgniter\CodeIgniter->run()
#9 C:\xampp\htdocs\edsa\system\Commands\Server\rewrite.php(45): require_once('C:\\xampp\\htdocs...')
#10 {main}
CRITICAL - 2023-07-15 03:18:19 --> Undefined property: CodeIgniter\View\View::$anggota
#0 C:\xampp\htdocs\edsa\app\Views\regu\regu.php(95): CodeIgniter\Debug\Exceptions->errorHandler(2, 'Undefined prope...', 'C:\\xampp\\htdocs...', 95)
#1 C:\xampp\htdocs\edsa\system\View\View.php(220): include('C:\\xampp\\htdocs...')
#2 C:\xampp\htdocs\edsa\system\View\View.php(222): CodeIgniter\View\View->CodeIgniter\View\{closure}()
#3 C:\xampp\htdocs\edsa\system\Common.php(1217): CodeIgniter\View\View->render('regu/regu', Array, true)
#4 C:\xampp\htdocs\edsa\app\Controllers\ReguController.php(29): view('regu/regu', Array)
#5 C:\xampp\htdocs\edsa\system\CodeIgniter.php(936): App\Controllers\ReguController->index()
#6 C:\xampp\htdocs\edsa\system\CodeIgniter.php(432): CodeIgniter\CodeIgniter->runController(Object(App\Controllers\ReguController))
#7 C:\xampp\htdocs\edsa\system\CodeIgniter.php(333): CodeIgniter\CodeIgniter->handleRequest(NULL, Object(Config\Cache), false)
#8 C:\xampp\htdocs\edsa\public\index.php(44): CodeIgniter\CodeIgniter->run()
#9 C:\xampp\htdocs\edsa\system\Commands\Server\rewrite.php(45): require_once('C:\\xampp\\htdocs...')
#10 {main}
CRITICAL - 2023-07-15 03:19:43 --> Undefined property: CodeIgniter\View\View::$anggota
#0 C:\xampp\htdocs\edsa\app\Views\regu\regu.php(95): CodeIgniter\Debug\Exceptions->errorHandler(2, 'Undefined prope...', 'C:\\xampp\\htdocs...', 95)
#1 C:\xampp\htdocs\edsa\system\View\View.php(220): include('C:\\xampp\\htdocs...')
#2 C:\xampp\htdocs\edsa\system\View\View.php(222): CodeIgniter\View\View->CodeIgniter\View\{closure}()
#3 C:\xampp\htdocs\edsa\system\Common.php(1217): CodeIgniter\View\View->render('regu/regu', Array, true)
#4 C:\xampp\htdocs\edsa\app\Controllers\ReguController.php(29): view('regu/regu', Array)
#5 C:\xampp\htdocs\edsa\system\CodeIgniter.php(936): App\Controllers\ReguController->index()
#6 C:\xampp\htdocs\edsa\system\CodeIgniter.php(432): CodeIgniter\CodeIgniter->runController(Object(App\Controllers\ReguController))
#7 C:\xampp\htdocs\edsa\system\CodeIgniter.php(333): CodeIgniter\CodeIgniter->handleRequest(NULL, Object(Config\Cache), false)
#8 C:\xampp\htdocs\edsa\public\index.php(44): CodeIgniter\CodeIgniter->run()
#9 C:\xampp\htdocs\edsa\system\Commands\Server\rewrite.php(45): require_once('C:\\xampp\\htdocs...')
#10 {main}
CRITICAL - 2023-07-15 03:19:43 --> Undefined property: CodeIgniter\View\View::$anggota
#0 C:\xampp\htdocs\edsa\app\Views\regu\regu.php(95): CodeIgniter\Debug\Exceptions->errorHandler(2, 'Undefined prope...', 'C:\\xampp\\htdocs...', 95)
#1 C:\xampp\htdocs\edsa\system\View\View.php(220): include('C:\\xampp\\htdocs...')
#2 C:\xampp\htdocs\edsa\system\View\View.php(222): CodeIgniter\View\View->CodeIgniter\View\{closure}()
#3 C:\xampp\htdocs\edsa\system\Common.php(1217): CodeIgniter\View\View->render('regu/regu', Array, true)
#4 C:\xampp\htdocs\edsa\app\Controllers\ReguController.php(29): view('regu/regu', Array)
#5 C:\xampp\htdocs\edsa\system\CodeIgniter.php(936): App\Controllers\ReguController->index()
#6 C:\xampp\htdocs\edsa\system\CodeIgniter.php(432): CodeIgniter\CodeIgniter->runController(Object(App\Controllers\ReguController))
#7 C:\xampp\htdocs\edsa\system\CodeIgniter.php(333): CodeIgniter\CodeIgniter->handleRequest(NULL, Object(Config\Cache), false)
#8 C:\xampp\htdocs\edsa\public\index.php(44): CodeIgniter\CodeIgniter->run()
#9 C:\xampp\htdocs\edsa\system\Commands\Server\rewrite.php(45): require_once('C:\\xampp\\htdocs...')
#10 {main}
CRITICAL - 2023-07-15 03:19:44 --> Undefined property: CodeIgniter\View\View::$anggota
#0 C:\xampp\htdocs\edsa\app\Views\regu\regu.php(95): CodeIgniter\Debug\Exceptions->errorHandler(2, 'Undefined prope...', 'C:\\xampp\\htdocs...', 95)
#1 C:\xampp\htdocs\edsa\system\View\View.php(220): include('C:\\xampp\\htdocs...')
#2 C:\xampp\htdocs\edsa\system\View\View.php(222): CodeIgniter\View\View->CodeIgniter\View\{closure}()
#3 C:\xampp\htdocs\edsa\system\Common.php(1217): CodeIgniter\View\View->render('regu/regu', Array, true)
#4 C:\xampp\htdocs\edsa\app\Controllers\ReguController.php(29): view('regu/regu', Array)
#5 C:\xampp\htdocs\edsa\system\CodeIgniter.php(936): App\Controllers\ReguController->index()
#6 C:\xampp\htdocs\edsa\system\CodeIgniter.php(432): CodeIgniter\CodeIgniter->runController(Object(App\Controllers\ReguController))
#7 C:\xampp\htdocs\edsa\system\CodeIgniter.php(333): CodeIgniter\CodeIgniter->handleRequest(NULL, Object(Config\Cache), false)
#8 C:\xampp\htdocs\edsa\public\index.php(44): CodeIgniter\CodeIgniter->run()
#9 C:\xampp\htdocs\edsa\system\Commands\Server\rewrite.php(45): require_once('C:\\xampp\\htdocs...')
#10 {main}
CRITICAL - 2023-07-15 03:27:41 --> Undefined property: CodeIgniter\View\View::$anggota
#0 C:\xampp\htdocs\edsa\app\Views\regu\regu.php(95): CodeIgniter\Debug\Exceptions->errorHandler(2, 'Undefined prope...', 'C:\\xampp\\htdocs...', 95)
#1 C:\xampp\htdocs\edsa\system\View\View.php(220): include('C:\\xampp\\htdocs...')
#2 C:\xampp\htdocs\edsa\system\View\View.php(222): CodeIgniter\View\View->CodeIgniter\View\{closure}()
#3 C:\xampp\htdocs\edsa\system\Common.php(1217): CodeIgniter\View\View->render('regu/regu', Array, true)
#4 C:\xampp\htdocs\edsa\app\Controllers\ReguController.php(29): view('regu/regu', Array)
#5 C:\xampp\htdocs\edsa\system\CodeIgniter.php(936): App\Controllers\ReguController->index()
#6 C:\xampp\htdocs\edsa\system\CodeIgniter.php(432): CodeIgniter\CodeIgniter->runController(Object(App\Controllers\ReguController))
#7 C:\xampp\htdocs\edsa\system\CodeIgniter.php(333): CodeIgniter\CodeIgniter->handleRequest(NULL, Object(Config\Cache), false)
#8 C:\xampp\htdocs\edsa\public\index.php(44): CodeIgniter\CodeIgniter->run()
#9 C:\xampp\htdocs\edsa\system\Commands\Server\rewrite.php(45): require_once('C:\\xampp\\htdocs...')
#10 {main}
CRITICAL - 2023-07-15 03:27:42 --> Undefined property: CodeIgniter\View\View::$anggota
#0 C:\xampp\htdocs\edsa\app\Views\regu\regu.php(95): CodeIgniter\Debug\Exceptions->errorHandler(2, 'Undefined prope...', 'C:\\xampp\\htdocs...', 95)
#1 C:\xampp\htdocs\edsa\system\View\View.php(220): include('C:\\xampp\\htdocs...')
#2 C:\xampp\htdocs\edsa\system\View\View.php(222): CodeIgniter\View\View->CodeIgniter\View\{closure}()
#3 C:\xampp\htdocs\edsa\system\Common.php(1217): CodeIgniter\View\View->render('regu/regu', Array, true)
#4 C:\xampp\htdocs\edsa\app\Controllers\ReguController.php(29): view('regu/regu', Array)
#5 C:\xampp\htdocs\edsa\system\CodeIgniter.php(936): App\Controllers\ReguController->index()
#6 C:\xampp\htdocs\edsa\system\CodeIgniter.php(432): CodeIgniter\CodeIgniter->runController(Object(App\Controllers\ReguController))
#7 C:\xampp\htdocs\edsa\system\CodeIgniter.php(333): CodeIgniter\CodeIgniter->handleRequest(NULL, Object(Config\Cache), false)
#8 C:\xampp\htdocs\edsa\public\index.php(44): CodeIgniter\CodeIgniter->run()
#9 C:\xampp\htdocs\edsa\system\Commands\Server\rewrite.php(45): require_once('C:\\xampp\\htdocs...')
#10 {main}
CRITICAL - 2023-07-15 03:27:43 --> Undefined property: CodeIgniter\View\View::$anggota
#0 C:\xampp\htdocs\edsa\app\Views\regu\regu.php(95): CodeIgniter\Debug\Exceptions->errorHandler(2, 'Undefined prope...', 'C:\\xampp\\htdocs...', 95)
#1 C:\xampp\htdocs\edsa\system\View\View.php(220): include('C:\\xampp\\htdocs...')
#2 C:\xampp\htdocs\edsa\system\View\View.php(222): CodeIgniter\View\View->CodeIgniter\View\{closure}()
#3 C:\xampp\htdocs\edsa\system\Common.php(1217): CodeIgniter\View\View->render('regu/regu', Array, true)
#4 C:\xampp\htdocs\edsa\app\Controllers\ReguController.php(29): view('regu/regu', Array)
#5 C:\xampp\htdocs\edsa\system\CodeIgniter.php(936): App\Controllers\ReguController->index()
#6 C:\xampp\htdocs\edsa\system\CodeIgniter.php(432): CodeIgniter\CodeIgniter->runController(Object(App\Controllers\ReguController))
#7 C:\xampp\htdocs\edsa\system\CodeIgniter.php(333): CodeIgniter\CodeIgniter->handleRequest(NULL, Object(Config\Cache), false)
#8 C:\xampp\htdocs\edsa\public\index.php(44): CodeIgniter\CodeIgniter->run()
#9 C:\xampp\htdocs\edsa\system\Commands\Server\rewrite.php(45): require_once('C:\\xampp\\htdocs...')
#10 {main}
CRITICAL - 2023-07-15 03:29:13 --> Undefined property: CodeIgniter\View\View::$anggota
#0 C:\xampp\htdocs\edsa\app\Views\regu\regu.php(95): CodeIgniter\Debug\Exceptions->errorHandler(2, 'Undefined prope...', 'C:\\xampp\\htdocs...', 95)
#1 C:\xampp\htdocs\edsa\system\View\View.php(220): include('C:\\xampp\\htdocs...')
#2 C:\xampp\htdocs\edsa\system\View\View.php(222): CodeIgniter\View\View->CodeIgniter\View\{closure}()
#3 C:\xampp\htdocs\edsa\system\Common.php(1217): CodeIgniter\View\View->render('regu/regu', Array, true)
#4 C:\xampp\htdocs\edsa\app\Controllers\ReguController.php(29): view('regu/regu', Array)
#5 C:\xampp\htdocs\edsa\system\CodeIgniter.php(936): App\Controllers\ReguController->index()
#6 C:\xampp\htdocs\edsa\system\CodeIgniter.php(432): CodeIgniter\CodeIgniter->runController(Object(App\Controllers\ReguController))
#7 C:\xampp\htdocs\edsa\system\CodeIgniter.php(333): CodeIgniter\CodeIgniter->handleRequest(NULL, Object(Config\Cache), false)
#8 C:\xampp\htdocs\edsa\public\index.php(44): CodeIgniter\CodeIgniter->run()
#9 C:\xampp\htdocs\edsa\system\Commands\Server\rewrite.php(45): require_once('C:\\xampp\\htdocs...')
#10 {main}
CRITICAL - 2023-07-15 03:29:13 --> Undefined property: CodeIgniter\View\View::$anggota
#0 C:\xampp\htdocs\edsa\app\Views\regu\regu.php(95): CodeIgniter\Debug\Exceptions->errorHandler(2, 'Undefined prope...', 'C:\\xampp\\htdocs...', 95)
#1 C:\xampp\htdocs\edsa\system\View\View.php(220): include('C:\\xampp\\htdocs...')
#2 C:\xampp\htdocs\edsa\system\View\View.php(222): CodeIgniter\View\View->CodeIgniter\View\{closure}()
#3 C:\xampp\htdocs\edsa\system\Common.php(1217): CodeIgniter\View\View->render('regu/regu', Array, true)
#4 C:\xampp\htdocs\edsa\app\Controllers\ReguController.php(29): view('regu/regu', Array)
#5 C:\xampp\htdocs\edsa\system\CodeIgniter.php(936): App\Controllers\ReguController->index()
#6 C:\xampp\htdocs\edsa\system\CodeIgniter.php(432): CodeIgniter\CodeIgniter->runController(Object(App\Controllers\ReguController))
#7 C:\xampp\htdocs\edsa\system\CodeIgniter.php(333): CodeIgniter\CodeIgniter->handleRequest(NULL, Object(Config\Cache), false)
#8 C:\xampp\htdocs\edsa\public\index.php(44): CodeIgniter\CodeIgniter->run()
#9 C:\xampp\htdocs\edsa\system\Commands\Server\rewrite.php(45): require_once('C:\\xampp\\htdocs...')
#10 {main}
CRITICAL - 2023-07-15 03:29:14 --> Undefined property: CodeIgniter\View\View::$anggota
#0 C:\xampp\htdocs\edsa\app\Views\regu\regu.php(95): CodeIgniter\Debug\Exceptions->errorHandler(2, 'Undefined prope...', 'C:\\xampp\\htdocs...', 95)
#1 C:\xampp\htdocs\edsa\system\View\View.php(220): include('C:\\xampp\\htdocs...')
#2 C:\xampp\htdocs\edsa\system\View\View.php(222): CodeIgniter\View\View->CodeIgniter\View\{closure}()
#3 C:\xampp\htdocs\edsa\system\Common.php(1217): CodeIgniter\View\View->render('regu/regu', Array, true)
#4 C:\xampp\htdocs\edsa\app\Controllers\ReguController.php(29): view('regu/regu', Array)
#5 C:\xampp\htdocs\edsa\system\CodeIgniter.php(936): App\Controllers\ReguController->index()
#6 C:\xampp\htdocs\edsa\system\CodeIgniter.php(432): CodeIgniter\CodeIgniter->runController(Object(App\Controllers\ReguController))
#7 C:\xampp\htdocs\edsa\system\CodeIgniter.php(333): CodeIgniter\CodeIgniter->handleRequest(NULL, Object(Config\Cache), false)
#8 C:\xampp\htdocs\edsa\public\index.php(44): CodeIgniter\CodeIgniter->run()
#9 C:\xampp\htdocs\edsa\system\Commands\Server\rewrite.php(45): require_once('C:\\xampp\\htdocs...')
#10 {main}
CRITICAL - 2023-07-15 03:29:14 --> Undefined property: CodeIgniter\View\View::$anggota
#0 C:\xampp\htdocs\edsa\app\Views\regu\regu.php(95): CodeIgniter\Debug\Exceptions->errorHandler(2, 'Undefined prope...', 'C:\\xampp\\htdocs...', 95)
#1 C:\xampp\htdocs\edsa\system\View\View.php(220): include('C:\\xampp\\htdocs...')
#2 C:\xampp\htdocs\edsa\system\View\View.php(222): CodeIgniter\View\View->CodeIgniter\View\{closure}()
#3 C:\xampp\htdocs\edsa\system\Common.php(1217): CodeIgniter\View\View->render('regu/regu', Array, true)
#4 C:\xampp\htdocs\edsa\app\Controllers\ReguController.php(29): view('regu/regu', Array)
#5 C:\xampp\htdocs\edsa\system\CodeIgniter.php(936): App\Controllers\ReguController->index()
#6 C:\xampp\htdocs\edsa\system\CodeIgniter.php(432): CodeIgniter\CodeIgniter->runController(Object(App\Controllers\ReguController))
#7 C:\xampp\htdocs\edsa\system\CodeIgniter.php(333): CodeIgniter\CodeIgniter->handleRequest(NULL, Object(Config\Cache), false)
#8 C:\xampp\htdocs\edsa\public\index.php(44): CodeIgniter\CodeIgniter->run()
#9 C:\xampp\htdocs\edsa\system\Commands\Server\rewrite.php(45): require_once('C:\\xampp\\htdocs...')
#10 {main}
CRITICAL - 2023-07-15 03:30:09 --> Undefined property: CodeIgniter\View\View::$anggota
#0 C:\xampp\htdocs\edsa\app\Views\regu\regu.php(95): CodeIgniter\Debug\Exceptions->errorHandler(2, 'Undefined prope...', 'C:\\xampp\\htdocs...', 95)
#1 C:\xampp\htdocs\edsa\system\View\View.php(220): include('C:\\xampp\\htdocs...')
#2 C:\xampp\htdocs\edsa\system\View\View.php(222): CodeIgniter\View\View->CodeIgniter\View\{closure}()
#3 C:\xampp\htdocs\edsa\system\Common.php(1217): CodeIgniter\View\View->render('regu/regu', Array, true)
#4 C:\xampp\htdocs\edsa\app\Controllers\ReguController.php(29): view('regu/regu', Array)
#5 C:\xampp\htdocs\edsa\system\CodeIgniter.php(936): App\Controllers\ReguController->index()
#6 C:\xampp\htdocs\edsa\system\CodeIgniter.php(432): CodeIgniter\CodeIgniter->runController(Object(App\Controllers\ReguController))
#7 C:\xampp\htdocs\edsa\system\CodeIgniter.php(333): CodeIgniter\CodeIgniter->handleRequest(NULL, Object(Config\Cache), false)
#8 C:\xampp\htdocs\edsa\public\index.php(44): CodeIgniter\CodeIgniter->run()
#9 C:\xampp\htdocs\edsa\system\Commands\Server\rewrite.php(45): require_once('C:\\xampp\\htdocs...')
#10 {main}
CRITICAL - 2023-07-15 03:30:09 --> Undefined property: CodeIgniter\View\View::$anggota
#0 C:\xampp\htdocs\edsa\app\Views\regu\regu.php(95): CodeIgniter\Debug\Exceptions->errorHandler(2, 'Undefined prope...', 'C:\\xampp\\htdocs...', 95)
#1 C:\xampp\htdocs\edsa\system\View\View.php(220): include('C:\\xampp\\htdocs...')
#2 C:\xampp\htdocs\edsa\system\View\View.php(222): CodeIgniter\View\View->CodeIgniter\View\{closure}()
#3 C:\xampp\htdocs\edsa\system\Common.php(1217): CodeIgniter\View\View->render('regu/regu', Array, true)
#4 C:\xampp\htdocs\edsa\app\Controllers\ReguController.php(29): view('regu/regu', Array)
#5 C:\xampp\htdocs\edsa\system\CodeIgniter.php(936): App\Controllers\ReguController->index()
#6 C:\xampp\htdocs\edsa\system\CodeIgniter.php(432): CodeIgniter\CodeIgniter->runController(Object(App\Controllers\ReguController))
#7 C:\xampp\htdocs\edsa\system\CodeIgniter.php(333): CodeIgniter\CodeIgniter->handleRequest(NULL, Object(Config\Cache), false)
#8 C:\xampp\htdocs\edsa\public\index.php(44): CodeIgniter\CodeIgniter->run()
#9 C:\xampp\htdocs\edsa\system\Commands\Server\rewrite.php(45): require_once('C:\\xampp\\htdocs...')
#10 {main}
CRITICAL - 2023-07-15 03:30:10 --> Undefined property: CodeIgniter\View\View::$anggota
#0 C:\xampp\htdocs\edsa\app\Views\regu\regu.php(95): CodeIgniter\Debug\Exceptions->errorHandler(2, 'Undefined prope...', 'C:\\xampp\\htdocs...', 95)
#1 C:\xampp\htdocs\edsa\system\View\View.php(220): include('C:\\xampp\\htdocs...')
#2 C:\xampp\htdocs\edsa\system\View\View.php(222): CodeIgniter\View\View->CodeIgniter\View\{closure}()
#3 C:\xampp\htdocs\edsa\system\Common.php(1217): CodeIgniter\View\View->render('regu/regu', Array, true)
#4 C:\xampp\htdocs\edsa\app\Controllers\ReguController.php(29): view('regu/regu', Array)
#5 C:\xampp\htdocs\edsa\system\CodeIgniter.php(936): App\Controllers\ReguController->index()
#6 C:\xampp\htdocs\edsa\system\CodeIgniter.php(432): CodeIgniter\CodeIgniter->runController(Object(App\Controllers\ReguController))
#7 C:\xampp\htdocs\edsa\system\CodeIgniter.php(333): CodeIgniter\CodeIgniter->handleRequest(NULL, Object(Config\Cache), false)
#8 C:\xampp\htdocs\edsa\public\index.php(44): CodeIgniter\CodeIgniter->run()
#9 C:\xampp\htdocs\edsa\system\Commands\Server\rewrite.php(45): require_once('C:\\xampp\\htdocs...')
#10 {main}
CRITICAL - 2023-07-15 03:30:10 --> Undefined property: CodeIgniter\View\View::$anggota
#0 C:\xampp\htdocs\edsa\app\Views\regu\regu.php(95): CodeIgniter\Debug\Exceptions->errorHandler(2, 'Undefined prope...', 'C:\\xampp\\htdocs...', 95)
#1 C:\xampp\htdocs\edsa\system\View\View.php(220): include('C:\\xampp\\htdocs...')
#2 C:\xampp\htdocs\edsa\system\View\View.php(222): CodeIgniter\View\View->CodeIgniter\View\{closure}()
#3 C:\xampp\htdocs\edsa\system\Common.php(1217): CodeIgniter\View\View->render('regu/regu', Array, true)
#4 C:\xampp\htdocs\edsa\app\Controllers\ReguController.php(29): view('regu/regu', Array)
#5 C:\xampp\htdocs\edsa\system\CodeIgniter.php(936): App\Controllers\ReguController->index()
#6 C:\xampp\htdocs\edsa\system\CodeIgniter.php(432): CodeIgniter\CodeIgniter->runController(Object(App\Controllers\ReguController))
#7 C:\xampp\htdocs\edsa\system\CodeIgniter.php(333): CodeIgniter\CodeIgniter->handleRequest(NULL, Object(Config\Cache), false)
#8 C:\xampp\htdocs\edsa\public\index.php(44): CodeIgniter\CodeIgniter->run()
#9 C:\xampp\htdocs\edsa\system\Commands\Server\rewrite.php(45): require_once('C:\\xampp\\htdocs...')
#10 {main}
CRITICAL - 2023-07-15 03:30:10 --> Undefined property: CodeIgniter\View\View::$anggota
#0 C:\xampp\htdocs\edsa\app\Views\regu\regu.php(95): CodeIgniter\Debug\Exceptions->errorHandler(2, 'Undefined prope...', 'C:\\xampp\\htdocs...', 95)
#1 C:\xampp\htdocs\edsa\system\View\View.php(220): include('C:\\xampp\\htdocs...')
#2 C:\xampp\htdocs\edsa\system\View\View.php(222): CodeIgniter\View\View->CodeIgniter\View\{closure}()
#3 C:\xampp\htdocs\edsa\system\Common.php(1217): CodeIgniter\View\View->render('regu/regu', Array, true)
#4 C:\xampp\htdocs\edsa\app\Controllers\ReguController.php(29): view('regu/regu', Array)
#5 C:\xampp\htdocs\edsa\system\CodeIgniter.php(936): App\Controllers\ReguController->index()
#6 C:\xampp\htdocs\edsa\system\CodeIgniter.php(432): CodeIgniter\CodeIgniter->runController(Object(App\Controllers\ReguController))
#7 C:\xampp\htdocs\edsa\system\CodeIgniter.php(333): CodeIgniter\CodeIgniter->handleRequest(NULL, Object(Config\Cache), false)
#8 C:\xampp\htdocs\edsa\public\index.php(44): CodeIgniter\CodeIgniter->run()
#9 C:\xampp\htdocs\edsa\system\Commands\Server\rewrite.php(45): require_once('C:\\xampp\\htdocs...')
#10 {main}
CRITICAL - 2023-07-15 03:32:05 --> Undefined property: CodeIgniter\View\View::$anggota
#0 C:\xampp\htdocs\edsa\app\Views\regu\regu.php(95): CodeIgniter\Debug\Exceptions->errorHandler(2, 'Undefined prope...', 'C:\\xampp\\htdocs...', 95)
#1 C:\xampp\htdocs\edsa\system\View\View.php(220): include('C:\\xampp\\htdocs...')
#2 C:\xampp\htdocs\edsa\system\View\View.php(222): CodeIgniter\View\View->CodeIgniter\View\{closure}()
#3 C:\xampp\htdocs\edsa\system\Common.php(1217): CodeIgniter\View\View->render('regu/regu', Array, true)
#4 C:\xampp\htdocs\edsa\app\Controllers\ReguController.php(32): view('regu/regu', Array)
#5 C:\xampp\htdocs\edsa\system\CodeIgniter.php(936): App\Controllers\ReguController->index()
#6 C:\xampp\htdocs\edsa\system\CodeIgniter.php(432): CodeIgniter\CodeIgniter->runController(Object(App\Controllers\ReguController))
#7 C:\xampp\htdocs\edsa\system\CodeIgniter.php(333): CodeIgniter\CodeIgniter->handleRequest(NULL, Object(Config\Cache), false)
#8 C:\xampp\htdocs\edsa\public\index.php(44): CodeIgniter\CodeIgniter->run()
#9 C:\xampp\htdocs\edsa\system\Commands\Server\rewrite.php(45): require_once('C:\\xampp\\htdocs...')
#10 {main}
CRITICAL - 2023-07-15 03:33:32 --> Undefined property: CodeIgniter\View\View::$anggota
#0 C:\xampp\htdocs\edsa\app\Views\regu\regu.php(95): CodeIgniter\Debug\Exceptions->errorHandler(2, 'Undefined prope...', 'C:\\xampp\\htdocs...', 95)
#1 C:\xampp\htdocs\edsa\system\View\View.php(220): include('C:\\xampp\\htdocs...')
#2 C:\xampp\htdocs\edsa\system\View\View.php(222): CodeIgniter\View\View->CodeIgniter\View\{closure}()
#3 C:\xampp\htdocs\edsa\system\Common.php(1217): CodeIgniter\View\View->render('regu/regu', Array, true)
#4 C:\xampp\htdocs\edsa\app\Controllers\ReguController.php(32): view('regu/regu', Array)
#5 C:\xampp\htdocs\edsa\system\CodeIgniter.php(936): App\Controllers\ReguController->index()
#6 C:\xampp\htdocs\edsa\system\CodeIgniter.php(432): CodeIgniter\CodeIgniter->runController(Object(App\Controllers\ReguController))
#7 C:\xampp\htdocs\edsa\system\CodeIgniter.php(333): CodeIgniter\CodeIgniter->handleRequest(NULL, Object(Config\Cache), false)
#8 C:\xampp\htdocs\edsa\public\index.php(44): CodeIgniter\CodeIgniter->run()
#9 C:\xampp\htdocs\edsa\system\Commands\Server\rewrite.php(45): require_once('C:\\xampp\\htdocs...')
#10 {main}
CRITICAL - 2023-07-15 03:33:33 --> Undefined property: CodeIgniter\View\View::$anggota
#0 C:\xampp\htdocs\edsa\app\Views\regu\regu.php(95): CodeIgniter\Debug\Exceptions->errorHandler(2, 'Undefined prope...', 'C:\\xampp\\htdocs...', 95)
#1 C:\xampp\htdocs\edsa\system\View\View.php(220): include('C:\\xampp\\htdocs...')
#2 C:\xampp\htdocs\edsa\system\View\View.php(222): CodeIgniter\View\View->CodeIgniter\View\{closure}()
#3 C:\xampp\htdocs\edsa\system\Common.php(1217): CodeIgniter\View\View->render('regu/regu', Array, true)
#4 C:\xampp\htdocs\edsa\app\Controllers\ReguController.php(32): view('regu/regu', Array)
#5 C:\xampp\htdocs\edsa\system\CodeIgniter.php(936): App\Controllers\ReguController->index()
#6 C:\xampp\htdocs\edsa\system\CodeIgniter.php(432): CodeIgniter\CodeIgniter->runController(Object(App\Controllers\ReguController))
#7 C:\xampp\htdocs\edsa\system\CodeIgniter.php(333): CodeIgniter\CodeIgniter->handleRequest(NULL, Object(Config\Cache), false)
#8 C:\xampp\htdocs\edsa\public\index.php(44): CodeIgniter\CodeIgniter->run()
#9 C:\xampp\htdocs\edsa\system\Commands\Server\rewrite.php(45): require_once('C:\\xampp\\htdocs...')
#10 {main}
CRITICAL - 2023-07-15 03:34:58 --> Undefined property: CodeIgniter\View\View::$anggota
#0 C:\xampp\htdocs\edsa\app\Views\regu\regu.php(95): CodeIgniter\Debug\Exceptions->errorHandler(2, 'Undefined prope...', 'C:\\xampp\\htdocs...', 95)
#1 C:\xampp\htdocs\edsa\system\View\View.php(220): include('C:\\xampp\\htdocs...')
#2 C:\xampp\htdocs\edsa\system\View\View.php(222): CodeIgniter\View\View->CodeIgniter\View\{closure}()
#3 C:\xampp\htdocs\edsa\system\Common.php(1217): CodeIgniter\View\View->render('regu/regu', Array, true)
#4 C:\xampp\htdocs\edsa\app\Controllers\ReguController.php(32): view('regu/regu', Array)
#5 C:\xampp\htdocs\edsa\system\CodeIgniter.php(936): App\Controllers\ReguController->index()
#6 C:\xampp\htdocs\edsa\system\CodeIgniter.php(432): CodeIgniter\CodeIgniter->runController(Object(App\Controllers\ReguController))
#7 C:\xampp\htdocs\edsa\system\CodeIgniter.php(333): CodeIgniter\CodeIgniter->handleRequest(NULL, Object(Config\Cache), false)
#8 C:\xampp\htdocs\edsa\public\index.php(44): CodeIgniter\CodeIgniter->run()
#9 C:\xampp\htdocs\edsa\system\Commands\Server\rewrite.php(45): require_once('C:\\xampp\\htdocs...')
#10 {main}
CRITICAL - 2023-07-15 03:35:34 --> Undefined property: CodeIgniter\View\View::$anggota
#0 C:\xampp\htdocs\edsa\app\Views\regu\regu.php(95): CodeIgniter\Debug\Exceptions->errorHandler(2, 'Undefined prope...', 'C:\\xampp\\htdocs...', 95)
#1 C:\xampp\htdocs\edsa\system\View\View.php(220): include('C:\\xampp\\htdocs...')
#2 C:\xampp\htdocs\edsa\system\View\View.php(222): CodeIgniter\View\View->CodeIgniter\View\{closure}()
#3 C:\xampp\htdocs\edsa\system\Common.php(1217): CodeIgniter\View\View->render('regu/regu', Array, true)
#4 C:\xampp\htdocs\edsa\app\Controllers\ReguController.php(32): view('regu/regu', Array)
#5 C:\xampp\htdocs\edsa\system\CodeIgniter.php(936): App\Controllers\ReguController->index()
#6 C:\xampp\htdocs\edsa\system\CodeIgniter.php(432): CodeIgniter\CodeIgniter->runController(Object(App\Controllers\ReguController))
#7 C:\xampp\htdocs\edsa\system\CodeIgniter.php(333): CodeIgniter\CodeIgniter->handleRequest(NULL, Object(Config\Cache), false)
#8 C:\xampp\htdocs\edsa\public\index.php(44): CodeIgniter\CodeIgniter->run()
#9 C:\xampp\htdocs\edsa\system\Commands\Server\rewrite.php(45): require_once('C:\\xampp\\htdocs...')
#10 {main}
CRITICAL - 2023-07-15 03:35:36 --> Undefined property: CodeIgniter\View\View::$anggota
#0 C:\xampp\htdocs\edsa\app\Views\regu\regu.php(95): CodeIgniter\Debug\Exceptions->errorHandler(2, 'Undefined prope...', 'C:\\xampp\\htdocs...', 95)
#1 C:\xampp\htdocs\edsa\system\View\View.php(220): include('C:\\xampp\\htdocs...')
#2 C:\xampp\htdocs\edsa\system\View\View.php(222): CodeIgniter\View\View->CodeIgniter\View\{closure}()
#3 C:\xampp\htdocs\edsa\system\Common.php(1217): CodeIgniter\View\View->render('regu/regu', Array, true)
#4 C:\xampp\htdocs\edsa\app\Controllers\ReguController.php(32): view('regu/regu', Array)
#5 C:\xampp\htdocs\edsa\system\CodeIgniter.php(936): App\Controllers\ReguController->index()
#6 C:\xampp\htdocs\edsa\system\CodeIgniter.php(432): CodeIgniter\CodeIgniter->runController(Object(App\Controllers\ReguController))
#7 C:\xampp\htdocs\edsa\system\CodeIgniter.php(333): CodeIgniter\CodeIgniter->handleRequest(NULL, Object(Config\Cache), false)
#8 C:\xampp\htdocs\edsa\public\index.php(44): CodeIgniter\CodeIgniter->run()
#9 C:\xampp\htdocs\edsa\system\Commands\Server\rewrite.php(45): require_once('C:\\xampp\\htdocs...')
#10 {main}
CRITICAL - 2023-07-15 03:36:35 --> CodeIgniter\Database\BaseResult::getFirstRow(): Argument #1 ($type) must be of type string, null given, called in C:\xampp\htdocs\edsa\system\Model.php on line 170
#0 C:\xampp\htdocs\edsa\system\Model.php(170): CodeIgniter\Database\BaseResult->getFirstRow(NULL)
#1 C:\xampp\htdocs\edsa\system\BaseModel.php(518): CodeIgniter\Model->doFind(true, '3')
#2 C:\xampp\htdocs\edsa\app\Views\regu\regu.php(96): CodeIgniter\BaseModel->find('3')
#3 C:\xampp\htdocs\edsa\system\View\View.php(220): include('C:\\xampp\\htdocs...')
#4 C:\xampp\htdocs\edsa\system\View\View.php(222): CodeIgniter\View\View->CodeIgniter\View\{closure}()
#5 C:\xampp\htdocs\edsa\system\Common.php(1217): CodeIgniter\View\View->render('regu/regu', Array, true)
#6 C:\xampp\htdocs\edsa\app\Controllers\ReguController.php(32): view('regu/regu', Array)
#7 C:\xampp\htdocs\edsa\system\CodeIgniter.php(936): App\Controllers\ReguController->index()
#8 C:\xampp\htdocs\edsa\system\CodeIgniter.php(432): CodeIgniter\CodeIgniter->runController(Object(App\Controllers\ReguController))
#9 C:\xampp\htdocs\edsa\system\CodeIgniter.php(333): CodeIgniter\CodeIgniter->handleRequest(NULL, Object(Config\Cache), false)
#10 C:\xampp\htdocs\edsa\public\index.php(44): CodeIgniter\CodeIgniter->run()
#11 C:\xampp\htdocs\edsa\system\Commands\Server\rewrite.php(45): require_once('C:\\xampp\\htdocs...')
#12 {main}
CRITICAL - 2023-07-15 03:36:36 --> CodeIgniter\Database\BaseResult::getFirstRow(): Argument #1 ($type) must be of type string, null given, called in C:\xampp\htdocs\edsa\system\Model.php on line 170
#0 C:\xampp\htdocs\edsa\system\Model.php(170): CodeIgniter\Database\BaseResult->getFirstRow(NULL)
#1 C:\xampp\htdocs\edsa\system\BaseModel.php(518): CodeIgniter\Model->doFind(true, '3')
#2 C:\xampp\htdocs\edsa\app\Views\regu\regu.php(96): CodeIgniter\BaseModel->find('3')
#3 C:\xampp\htdocs\edsa\system\View\View.php(220): include('C:\\xampp\\htdocs...')
#4 C:\xampp\htdocs\edsa\system\View\View.php(222): CodeIgniter\View\View->CodeIgniter\View\{closure}()
#5 C:\xampp\htdocs\edsa\system\Common.php(1217): CodeIgniter\View\View->render('regu/regu', Array, true)
#6 C:\xampp\htdocs\edsa\app\Controllers\ReguController.php(32): view('regu/regu', Array)
#7 C:\xampp\htdocs\edsa\system\CodeIgniter.php(936): App\Controllers\ReguController->index()
#8 C:\xampp\htdocs\edsa\system\CodeIgniter.php(432): CodeIgniter\CodeIgniter->runController(Object(App\Controllers\ReguController))
#9 C:\xampp\htdocs\edsa\system\CodeIgniter.php(333): CodeIgniter\CodeIgniter->handleRequest(NULL, Object(Config\Cache), false)
#10 C:\xampp\htdocs\edsa\public\index.php(44): CodeIgniter\CodeIgniter->run()
#11 C:\xampp\htdocs\edsa\system\Commands\Server\rewrite.php(45): require_once('C:\\xampp\\htdocs...')
#12 {main}
CRITICAL - 2023-07-15 03:36:37 --> CodeIgniter\Database\BaseResult::getFirstRow(): Argument #1 ($type) must be of type string, null given, called in C:\xampp\htdocs\edsa\system\Model.php on line 170
#0 C:\xampp\htdocs\edsa\system\Model.php(170): CodeIgniter\Database\BaseResult->getFirstRow(NULL)
#1 C:\xampp\htdocs\edsa\system\BaseModel.php(518): CodeIgniter\Model->doFind(true, '3')
#2 C:\xampp\htdocs\edsa\app\Views\regu\regu.php(96): CodeIgniter\BaseModel->find('3')
#3 C:\xampp\htdocs\edsa\system\View\View.php(220): include('C:\\xampp\\htdocs...')
#4 C:\xampp\htdocs\edsa\system\View\View.php(222): CodeIgniter\View\View->CodeIgniter\View\{closure}()
#5 C:\xampp\htdocs\edsa\system\Common.php(1217): CodeIgniter\View\View->render('regu/regu', Array, true)
#6 C:\xampp\htdocs\edsa\app\Controllers\ReguController.php(32): view('regu/regu', Array)
#7 C:\xampp\htdocs\edsa\system\CodeIgniter.php(936): App\Controllers\ReguController->index()
#8 C:\xampp\htdocs\edsa\system\CodeIgniter.php(432): CodeIgniter\CodeIgniter->runController(Object(App\Controllers\ReguController))
#9 C:\xampp\htdocs\edsa\system\CodeIgniter.php(333): CodeIgniter\CodeIgniter->handleRequest(NULL, Object(Config\Cache), false)
#10 C:\xampp\htdocs\edsa\public\index.php(44): CodeIgniter\CodeIgniter->run()
#11 C:\xampp\htdocs\edsa\system\Commands\Server\rewrite.php(45): require_once('C:\\xampp\\htdocs...')
#12 {main}
CRITICAL - 2023-07-15 08:17:28 --> Declaration of App\Models\Regu::save($data) must be compatible with CodeIgniter\BaseModel::save($data): bool
#0 [internal function]: CodeIgniter\Debug\Exceptions->shutdownHandler()
#1 {main}
CRITICAL - 2023-07-15 08:17:29 --> Declaration of App\Models\Regu::save($data) must be compatible with CodeIgniter\BaseModel::save($data): bool
#0 [internal function]: CodeIgniter\Debug\Exceptions->shutdownHandler()
#1 {main}
CRITICAL - 2023-07-15 08:19:46 --> Declaration of App\Models\Regu::save($data = null, bool $validate = true) must be compatible with CodeIgniter\BaseModel::save($data): bool
#0 [internal function]: CodeIgniter\Debug\Exceptions->shutdownHandler()
#1 {main}
CRITICAL - 2023-07-15 08:19:46 --> Declaration of App\Models\Regu::save($data = null, bool $validate = true) must be compatible with CodeIgniter\BaseModel::save($data): bool
#0 [internal function]: CodeIgniter\Debug\Exceptions->shutdownHandler()
#1 {main}
CRITICAL - 2023-07-15 08:19:47 --> Declaration of App\Models\Regu::save($data = null, bool $validate = true) must be compatible with CodeIgniter\BaseModel::save($data): bool
#0 [internal function]: CodeIgniter\Debug\Exceptions->shutdownHandler()
#1 {main}
CRITICAL - 2023-07-15 08:19:47 --> Declaration of App\Models\Regu::save($data = null, bool $validate = true) must be compatible with CodeIgniter\BaseModel::save($data): bool
#0 [internal function]: CodeIgniter\Debug\Exceptions->shutdownHandler()
#1 {main}
CRITICAL - 2023-07-15 08:19:47 --> Declaration of App\Models\Regu::save($data = null, bool $validate = true) must be compatible with CodeIgniter\BaseModel::save($data): bool
#0 [internal function]: CodeIgniter\Debug\Exceptions->shutdownHandler()
#1 {main}
CRITICAL - 2023-07-15 08:20:46 --> Undefined property: CodeIgniter\View\View::$anggota
#0 C:\xampp\htdocs\edsa\app\Views\regu\regu.php(98): CodeIgniter\Debug\Exceptions->errorHandler(2, 'Undefined prope...', 'C:\\xampp\\htdocs...', 98)
#1 C:\xampp\htdocs\edsa\system\View\View.php(220): include('C:\\xampp\\htdocs...')
#2 C:\xampp\htdocs\edsa\system\View\View.php(222): CodeIgniter\View\View->CodeIgniter\View\{closure}()
#3 C:\xampp\htdocs\edsa\system\Common.php(1217): CodeIgniter\View\View->render('regu/regu', Array, true)
#4 C:\xampp\htdocs\edsa\app\Controllers\ReguController.php(29): view('regu/regu', Array)
#5 C:\xampp\htdocs\edsa\system\CodeIgniter.php(936): App\Controllers\ReguController->index()
#6 C:\xampp\htdocs\edsa\system\CodeIgniter.php(432): CodeIgniter\CodeIgniter->runController(Object(App\Controllers\ReguController))
#7 C:\xampp\htdocs\edsa\system\CodeIgniter.php(333): CodeIgniter\CodeIgniter->handleRequest(NULL, Object(Config\Cache), false)
#8 C:\xampp\htdocs\edsa\public\index.php(44): CodeIgniter\CodeIgniter->run()
#9 C:\xampp\htdocs\edsa\system\Commands\Server\rewrite.php(45): require_once('C:\\xampp\\htdocs...')
#10 {main}
CRITICAL - 2023-07-15 08:20:47 --> Undefined property: CodeIgniter\View\View::$anggota
#0 C:\xampp\htdocs\edsa\app\Views\regu\regu.php(98): CodeIgniter\Debug\Exceptions->errorHandler(2, 'Undefined prope...', 'C:\\xampp\\htdocs...', 98)
#1 C:\xampp\htdocs\edsa\system\View\View.php(220): include('C:\\xampp\\htdocs...')
#2 C:\xampp\htdocs\edsa\system\View\View.php(222): CodeIgniter\View\View->CodeIgniter\View\{closure}()
#3 C:\xampp\htdocs\edsa\system\Common.php(1217): CodeIgniter\View\View->render('regu/regu', Array, true)
#4 C:\xampp\htdocs\edsa\app\Controllers\ReguController.php(29): view('regu/regu', Array)
#5 C:\xampp\htdocs\edsa\system\CodeIgniter.php(936): App\Controllers\ReguController->index()
#6 C:\xampp\htdocs\edsa\system\CodeIgniter.php(432): CodeIgniter\CodeIgniter->runController(Object(App\Controllers\ReguController))
#7 C:\xampp\htdocs\edsa\system\CodeIgniter.php(333): CodeIgniter\CodeIgniter->handleRequest(NULL, Object(Config\Cache), false)
#8 C:\xampp\htdocs\edsa\public\index.php(44): CodeIgniter\CodeIgniter->run()
#9 C:\xampp\htdocs\edsa\system\Commands\Server\rewrite.php(45): require_once('C:\\xampp\\htdocs...')
#10 {main}
CRITICAL - 2023-07-15 08:22:00 --> Undefined property: CodeIgniter\View\View::$anggota
#0 C:\xampp\htdocs\edsa\app\Views\regu\regu.php(98): CodeIgniter\Debug\Exceptions->errorHandler(2, 'Undefined prope...', 'C:\\xampp\\htdocs...', 98)
#1 C:\xampp\htdocs\edsa\system\View\View.php(220): include('C:\\xampp\\htdocs...')
#2 C:\xampp\htdocs\edsa\system\View\View.php(222): CodeIgniter\View\View->CodeIgniter\View\{closure}()
#3 C:\xampp\htdocs\edsa\system\Common.php(1217): CodeIgniter\View\View->render('regu/regu', Array, true)
#4 C:\xampp\htdocs\edsa\app\Controllers\ReguController.php(29): view('regu/regu', Array)
#5 C:\xampp\htdocs\edsa\system\CodeIgniter.php(936): App\Controllers\ReguController->index()
#6 C:\xampp\htdocs\edsa\system\CodeIgniter.php(432): CodeIgniter\CodeIgniter->runController(Object(App\Controllers\ReguController))
#7 C:\xampp\htdocs\edsa\system\CodeIgniter.php(333): CodeIgniter\CodeIgniter->handleRequest(NULL, Object(Config\Cache), false)
#8 C:\xampp\htdocs\edsa\public\index.php(44): CodeIgniter\CodeIgniter->run()
#9 C:\xampp\htdocs\edsa\system\Commands\Server\rewrite.php(45): require_once('C:\\xampp\\htdocs...')
#10 {main}
CRITICAL - 2023-07-15 08:22:01 --> Undefined property: CodeIgniter\View\View::$anggota
#0 C:\xampp\htdocs\edsa\app\Views\regu\regu.php(98): CodeIgniter\Debug\Exceptions->errorHandler(2, 'Undefined prope...', 'C:\\xampp\\htdocs...', 98)
#1 C:\xampp\htdocs\edsa\system\View\View.php(220): include('C:\\xampp\\htdocs...')
#2 C:\xampp\htdocs\edsa\system\View\View.php(222): CodeIgniter\View\View->CodeIgniter\View\{closure}()
#3 C:\xampp\htdocs\edsa\system\Common.php(1217): CodeIgniter\View\View->render('regu/regu', Array, true)
#4 C:\xampp\htdocs\edsa\app\Controllers\ReguController.php(29): view('regu/regu', Array)
#5 C:\xampp\htdocs\edsa\system\CodeIgniter.php(936): App\Controllers\ReguController->index()
#6 C:\xampp\htdocs\edsa\system\CodeIgniter.php(432): CodeIgniter\CodeIgniter->runController(Object(App\Controllers\ReguController))
#7 C:\xampp\htdocs\edsa\system\CodeIgniter.php(333): CodeIgniter\CodeIgniter->handleRequest(NULL, Object(Config\Cache), false)
#8 C:\xampp\htdocs\edsa\public\index.php(44): CodeIgniter\CodeIgniter->run()
#9 C:\xampp\htdocs\edsa\system\Commands\Server\rewrite.php(45): require_once('C:\\xampp\\htdocs...')
#10 {main}
CRITICAL - 2023-07-15 08:22:01 --> Undefined property: CodeIgniter\View\View::$anggota
#0 C:\xampp\htdocs\edsa\app\Views\regu\regu.php(98): CodeIgniter\Debug\Exceptions->errorHandler(2, 'Undefined prope...', 'C:\\xampp\\htdocs...', 98)
#1 C:\xampp\htdocs\edsa\system\View\View.php(220): include('C:\\xampp\\htdocs...')
#2 C:\xampp\htdocs\edsa\system\View\View.php(222): CodeIgniter\View\View->CodeIgniter\View\{closure}()
#3 C:\xampp\htdocs\edsa\system\Common.php(1217): CodeIgniter\View\View->render('regu/regu', Array, true)
#4 C:\xampp\htdocs\edsa\app\Controllers\ReguController.php(29): view('regu/regu', Array)
#5 C:\xampp\htdocs\edsa\system\CodeIgniter.php(936): App\Controllers\ReguController->index()
#6 C:\xampp\htdocs\edsa\system\CodeIgniter.php(432): CodeIgniter\CodeIgniter->runController(Object(App\Controllers\ReguController))
#7 C:\xampp\htdocs\edsa\system\CodeIgniter.php(333): CodeIgniter\CodeIgniter->handleRequest(NULL, Object(Config\Cache), false)
#8 C:\xampp\htdocs\edsa\public\index.php(44): CodeIgniter\CodeIgniter->run()
#9 C:\xampp\htdocs\edsa\system\Commands\Server\rewrite.php(45): require_once('C:\\xampp\\htdocs...')
#10 {main}
CRITICAL - 2023-07-15 08:22:01 --> Undefined property: CodeIgniter\View\View::$anggota
#0 C:\xampp\htdocs\edsa\app\Views\regu\regu.php(98): CodeIgniter\Debug\Exceptions->errorHandler(2, 'Undefined prope...', 'C:\\xampp\\htdocs...', 98)
#1 C:\xampp\htdocs\edsa\system\View\View.php(220): include('C:\\xampp\\htdocs...')
#2 C:\xampp\htdocs\edsa\system\View\View.php(222): CodeIgniter\View\View->CodeIgniter\View\{closure}()
#3 C:\xampp\htdocs\edsa\system\Common.php(1217): CodeIgniter\View\View->render('regu/regu', Array, true)
#4 C:\xampp\htdocs\edsa\app\Controllers\ReguController.php(29): view('regu/regu', Array)
#5 C:\xampp\htdocs\edsa\system\CodeIgniter.php(936): App\Controllers\ReguController->index()
#6 C:\xampp\htdocs\edsa\system\CodeIgniter.php(432): CodeIgniter\CodeIgniter->runController(Object(App\Controllers\ReguController))
#7 C:\xampp\htdocs\edsa\system\CodeIgniter.php(333): CodeIgniter\CodeIgniter->handleRequest(NULL, Object(Config\Cache), false)
#8 C:\xampp\htdocs\edsa\public\index.php(44): CodeIgniter\CodeIgniter->run()
#9 C:\xampp\htdocs\edsa\system\Commands\Server\rewrite.php(45): require_once('C:\\xampp\\htdocs...')
#10 {main}
CRITICAL - 2023-07-15 08:22:01 --> Undefined property: CodeIgniter\View\View::$anggota
#0 C:\xampp\htdocs\edsa\app\Views\regu\regu.php(98): CodeIgniter\Debug\Exceptions->errorHandler(2, 'Undefined prope...', 'C:\\xampp\\htdocs...', 98)
#1 C:\xampp\htdocs\edsa\system\View\View.php(220): include('C:\\xampp\\htdocs...')
#2 C:\xampp\htdocs\edsa\system\View\View.php(222): CodeIgniter\View\View->CodeIgniter\View\{closure}()
#3 C:\xampp\htdocs\edsa\system\Common.php(1217): CodeIgniter\View\View->render('regu/regu', Array, true)
#4 C:\xampp\htdocs\edsa\app\Controllers\ReguController.php(29): view('regu/regu', Array)
#5 C:\xampp\htdocs\edsa\system\CodeIgniter.php(936): App\Controllers\ReguController->index()
#6 C:\xampp\htdocs\edsa\system\CodeIgniter.php(432): CodeIgniter\CodeIgniter->runController(Object(App\Controllers\ReguController))
#7 C:\xampp\htdocs\edsa\system\CodeIgniter.php(333): CodeIgniter\CodeIgniter->handleRequest(NULL, Object(Config\Cache), false)
#8 C:\xampp\htdocs\edsa\public\index.php(44): CodeIgniter\CodeIgniter->run()
#9 C:\xampp\htdocs\edsa\system\Commands\Server\rewrite.php(45): require_once('C:\\xampp\\htdocs...')
#10 {main}
CRITICAL - 2023-07-15 08:22:01 --> Undefined property: CodeIgniter\View\View::$anggota
#0 C:\xampp\htdocs\edsa\app\Views\regu\regu.php(98): CodeIgniter\Debug\Exceptions->errorHandler(2, 'Undefined prope...', 'C:\\xampp\\htdocs...', 98)
#1 C:\xampp\htdocs\edsa\system\View\View.php(220): include('C:\\xampp\\htdocs...')
#2 C:\xampp\htdocs\edsa\system\View\View.php(222): CodeIgniter\View\View->CodeIgniter\View\{closure}()
#3 C:\xampp\htdocs\edsa\system\Common.php(1217): CodeIgniter\View\View->render('regu/regu', Array, true)
#4 C:\xampp\htdocs\edsa\app\Controllers\ReguController.php(29): view('regu/regu', Array)
#5 C:\xampp\htdocs\edsa\system\CodeIgniter.php(936): App\Controllers\ReguController->index()
#6 C:\xampp\htdocs\edsa\system\CodeIgniter.php(432): CodeIgniter\CodeIgniter->runController(Object(App\Controllers\ReguController))
#7 C:\xampp\htdocs\edsa\system\CodeIgniter.php(333): CodeIgniter\CodeIgniter->handleRequest(NULL, Object(Config\Cache), false)
#8 C:\xampp\htdocs\edsa\public\index.php(44): CodeIgniter\CodeIgniter->run()
#9 C:\xampp\htdocs\edsa\system\Commands\Server\rewrite.php(45): require_once('C:\\xampp\\htdocs...')
#10 {main}
CRITICAL - 2023-07-15 08:25:26 --> Call to undefined method App\Models\Regu::beforeSave
#0 C:\xampp\htdocs\edsa\app\Models\Regu.php(42): CodeIgniter\Model->__call('beforeSave', Array)
#1 C:\xampp\htdocs\edsa\app\Controllers\ReguController.php(76): App\Models\Regu->save(Array)
#2 C:\xampp\htdocs\edsa\system\CodeIgniter.php(936): App\Controllers\ReguController->save()
#3 C:\xampp\htdocs\edsa\system\CodeIgniter.php(432): CodeIgniter\CodeIgniter->runController(Object(App\Controllers\ReguController))
#4 C:\xampp\htdocs\edsa\system\CodeIgniter.php(333): CodeIgniter\CodeIgniter->handleRequest(NULL, Object(Config\Cache), false)
#5 C:\xampp\htdocs\edsa\public\index.php(44): CodeIgniter\CodeIgniter->run()
#6 C:\xampp\htdocs\edsa\system\Commands\Server\rewrite.php(45): require_once('C:\\xampp\\htdocs...')
#7 {main}
ERROR - 2023-07-15 08:26:53 --> mysqli_sql_exception: Unknown column 'created_at' in 'field list' in C:\xampp\htdocs\edsa\system\Database\MySQLi\Connection.php:314
Stack trace:
#0 C:\xampp\htdocs\edsa\system\Database\MySQLi\Connection.php(314): mysqli->query('INSERT INTO `tb...')
#1 C:\xampp\htdocs\edsa\system\Database\BaseConnection.php(713): CodeIgniter\Database\MySQLi\Connection->execute('INSERT INTO `tb...')
#2 C:\xampp\htdocs\edsa\system\Database\BaseConnection.php(641): CodeIgniter\Database\BaseConnection->simpleQuery('INSERT INTO `tb...')
#3 C:\xampp\htdocs\edsa\system\Database\BaseBuilder.php(2263): CodeIgniter\Database\BaseConnection->query('INSERT INTO `tb...', Array, false)
#4 C:\xampp\htdocs\edsa\app\Models\Regu.php(59): CodeIgniter\Database\BaseBuilder->insert(Array)
#5 C:\xampp\htdocs\edsa\app\Controllers\ReguController.php(76): App\Models\Regu->save(Array)
#6 C:\xampp\htdocs\edsa\system\CodeIgniter.php(936): App\Controllers\ReguController->save()
#7 C:\xampp\htdocs\edsa\system\CodeIgniter.php(432): CodeIgniter\CodeIgniter->runController(Object(App\Controllers\ReguController))
#8 C:\xampp\htdocs\edsa\system\CodeIgniter.php(333): CodeIgniter\CodeIgniter->handleRequest(NULL, Object(Config\Cache), false)
#9 C:\xampp\htdocs\edsa\public\index.php(44): CodeIgniter\CodeIgniter->run()
#10 C:\xampp\htdocs\edsa\system\Commands\Server\rewrite.php(45): require_once('C:\\xampp\\htdocs...')
#11 {main}
CRITICAL - 2023-07-15 08:26:53 --> Call to undefined method App\Models\Regu::resetData
#0 C:\xampp\htdocs\edsa\app\Models\Regu.php(62): CodeIgniter\Model->__call('resetData', Array)
#1 C:\xampp\htdocs\edsa\app\Controllers\ReguController.php(76): App\Models\Regu->save(Array)
#2 C:\xampp\htdocs\edsa\system\CodeIgniter.php(936): App\Controllers\ReguController->save()
#3 C:\xampp\htdocs\edsa\system\CodeIgniter.php(432): CodeIgniter\CodeIgniter->runController(Object(App\Controllers\ReguController))
#4 C:\xampp\htdocs\edsa\system\CodeIgniter.php(333): CodeIgniter\CodeIgniter->handleRequest(NULL, Object(Config\Cache), false)
#5 C:\xampp\htdocs\edsa\public\index.php(44): CodeIgniter\CodeIgniter->run()
#6 C:\xampp\htdocs\edsa\system\Commands\Server\rewrite.php(45): require_once('C:\\xampp\\htdocs...')
#7 {main}
ERROR - 2023-07-15 08:26:55 --> mysqli_sql_exception: Unknown column 'created_at' in 'field list' in C:\xampp\htdocs\edsa\system\Database\MySQLi\Connection.php:314
Stack trace:
#0 C:\xampp\htdocs\edsa\system\Database\MySQLi\Connection.php(314): mysqli->query('INSERT INTO `tb...')
#1 C:\xampp\htdocs\edsa\system\Database\BaseConnection.php(713): CodeIgniter\Database\MySQLi\Connection->execute('INSERT INTO `tb...')
#2 C:\xampp\htdocs\edsa\system\Database\BaseConnection.php(641): CodeIgniter\Database\BaseConnection->simpleQuery('INSERT INTO `tb...')
#3 C:\xampp\htdocs\edsa\system\Database\BaseBuilder.php(2263): CodeIgniter\Database\BaseConnection->query('INSERT INTO `tb...', Array, false)
#4 C:\xampp\htdocs\edsa\app\Models\Regu.php(59): CodeIgniter\Database\BaseBuilder->insert(Array)
#5 C:\xampp\htdocs\edsa\app\Controllers\ReguController.php(76): App\Models\Regu->save(Array)
#6 C:\xampp\htdocs\edsa\system\CodeIgniter.php(936): App\Controllers\ReguController->save()
#7 C:\xampp\htdocs\edsa\system\CodeIgniter.php(432): CodeIgniter\CodeIgniter->runController(Object(App\Controllers\ReguController))
#8 C:\xampp\htdocs\edsa\system\CodeIgniter.php(333): CodeIgniter\CodeIgniter->handleRequest(NULL, Object(Config\Cache), false)
#9 C:\xampp\htdocs\edsa\public\index.php(44): CodeIgniter\CodeIgniter->run()
#10 C:\xampp\htdocs\edsa\system\Commands\Server\rewrite.php(45): require_once('C:\\xampp\\htdocs...')
#11 {main}
CRITICAL - 2023-07-15 08:26:55 --> Call to undefined method App\Models\Regu::resetData
#0 C:\xampp\htdocs\edsa\app\Models\Regu.php(62): CodeIgniter\Model->__call('resetData', Array)
#1 C:\xampp\htdocs\edsa\app\Controllers\ReguController.php(76): App\Models\Regu->save(Array)
#2 C:\xampp\htdocs\edsa\system\CodeIgniter.php(936): App\Controllers\ReguController->save()
#3 C:\xampp\htdocs\edsa\system\CodeIgniter.php(432): CodeIgniter\CodeIgniter->runController(Object(App\Controllers\ReguController))
#4 C:\xampp\htdocs\edsa\system\CodeIgniter.php(333): CodeIgniter\CodeIgniter->handleRequest(NULL, Object(Config\Cache), false)
#5 C:\xampp\htdocs\edsa\public\index.php(44): CodeIgniter\CodeIgniter->run()
#6 C:\xampp\htdocs\edsa\system\Commands\Server\rewrite.php(45): require_once('C:\\xampp\\htdocs...')
#7 {main}
ERROR - 2023-07-15 08:27:44 --> mysqli_sql_exception: Unknown column 'created_at' in 'field list' in C:\xampp\htdocs\edsa\system\Database\MySQLi\Connection.php:314
Stack trace:
#0 C:\xampp\htdocs\edsa\system\Database\MySQLi\Connection.php(314): mysqli->query('INSERT INTO `tb...')
#1 C:\xampp\htdocs\edsa\system\Database\BaseConnection.php(713): CodeIgniter\Database\MySQLi\Connection->execute('INSERT INTO `tb...')
#2 C:\xampp\htdocs\edsa\system\Database\BaseConnection.php(641): CodeIgniter\Database\BaseConnection->simpleQuery('INSERT INTO `tb...')
#3 C:\xampp\htdocs\edsa\system\Database\BaseBuilder.php(2263): CodeIgniter\Database\BaseConnection->query('INSERT INTO `tb...', Array, false)
#4 C:\xampp\htdocs\edsa\app\Models\Regu.php(59): CodeIgniter\Database\BaseBuilder->insert(Array)
#5 C:\xampp\htdocs\edsa\app\Controllers\ReguController.php(76): App\Models\Regu->save(Array)
#6 C:\xampp\htdocs\edsa\system\CodeIgniter.php(936): App\Controllers\ReguController->save()
#7 C:\xampp\htdocs\edsa\system\CodeIgniter.php(432): CodeIgniter\CodeIgniter->runController(Object(App\Controllers\ReguController))
#8 C:\xampp\htdocs\edsa\system\CodeIgniter.php(333): CodeIgniter\CodeIgniter->handleRequest(NULL, Object(Config\Cache), false)
#9 C:\xampp\htdocs\edsa\public\index.php(44): CodeIgniter\CodeIgniter->run()
#10 C:\xampp\htdocs\edsa\system\Commands\Server\rewrite.php(45): require_once('C:\\xampp\\htdocs...')
#11 {main}
ERROR - 2023-07-15 08:28:01 --> mysqli_sql_exception: Unknown column 'created_at' in 'field list' in C:\xampp\htdocs\edsa\system\Database\MySQLi\Connection.php:314
Stack trace:
#0 C:\xampp\htdocs\edsa\system\Database\MySQLi\Connection.php(314): mysqli->query('INSERT INTO `tb...')
#1 C:\xampp\htdocs\edsa\system\Database\BaseConnection.php(713): CodeIgniter\Database\MySQLi\Connection->execute('INSERT INTO `tb...')
#2 C:\xampp\htdocs\edsa\system\Database\BaseConnection.php(641): CodeIgniter\Database\BaseConnection->simpleQuery('INSERT INTO `tb...')
#3 C:\xampp\htdocs\edsa\system\Database\BaseBuilder.php(2263): CodeIgniter\Database\BaseConnection->query('INSERT INTO `tb...', Array, false)
#4 C:\xampp\htdocs\edsa\app\Models\Regu.php(59): CodeIgniter\Database\BaseBuilder->insert(Array)
#5 C:\xampp\htdocs\edsa\app\Controllers\ReguController.php(76): App\Models\Regu->save(Array)
#6 C:\xampp\htdocs\edsa\system\CodeIgniter.php(936): App\Controllers\ReguController->save()
#7 C:\xampp\htdocs\edsa\system\CodeIgniter.php(432): CodeIgniter\CodeIgniter->runController(Object(App\Controllers\ReguController))
#8 C:\xampp\htdocs\edsa\system\CodeIgniter.php(333): CodeIgniter\CodeIgniter->handleRequest(NULL, Object(Config\Cache), false)
#9 C:\xampp\htdocs\edsa\public\index.php(44): CodeIgniter\CodeIgniter->run()
#10 C:\xampp\htdocs\edsa\system\Commands\Server\rewrite.php(45): require_once('C:\\xampp\\htdocs...')
#11 {main}
CRITICAL - 2023-07-15 09:21:26 --> Uncaught Error: Call to undefined method CodeIgniter\Debug\Exceptions::include() in C:\xampp\htdocs\edsa\app\Views\errors\html\error_404.php:1
Stack trace:
#0 C:\xampp\htdocs\edsa\system\Debug\Exceptions.php(281): include()
#1 C:\xampp\htdocs\edsa\system\Debug\Exceptions.php(147): CodeIgniter\Debug\Exceptions->render(Object(CodeIgniter\Exceptions\PageNotFoundException), 404)
#2 [internal function]: CodeIgniter\Debug\Exceptions->exceptionHandler(Object(CodeIgniter\Exceptions\PageNotFoundException))
#3 {main}
  thrown
#0 [internal function]: CodeIgniter\Debug\Exceptions->shutdownHandler()
#1 {main}
CRITICAL - 2023-07-15 09:22:56 --> Uncaught Error: Call to undefined method CodeIgniter\Debug\Exceptions::include() in C:\xampp\htdocs\edsa\app\Views\errors\html\error_404.php:1
Stack trace:
#0 C:\xampp\htdocs\edsa\system\Debug\Exceptions.php(281): include()
#1 C:\xampp\htdocs\edsa\system\Debug\Exceptions.php(147): CodeIgniter\Debug\Exceptions->render(Object(CodeIgniter\Exceptions\PageNotFoundException), 404)
#2 [internal function]: CodeIgniter\Debug\Exceptions->exceptionHandler(Object(CodeIgniter\Exceptions\PageNotFoundException))
#3 {main}
  thrown
#0 [internal function]: CodeIgniter\Debug\Exceptions->shutdownHandler()
#1 {main}
CRITICAL - 2023-07-15 09:22:57 --> Uncaught Error: Call to undefined method CodeIgniter\Debug\Exceptions::include() in C:\xampp\htdocs\edsa\app\Views\errors\html\error_404.php:1
Stack trace:
#0 C:\xampp\htdocs\edsa\system\Debug\Exceptions.php(281): include()
#1 C:\xampp\htdocs\edsa\system\Debug\Exceptions.php(147): CodeIgniter\Debug\Exceptions->render(Object(CodeIgniter\Exceptions\PageNotFoundException), 404)
#2 [internal function]: CodeIgniter\Debug\Exceptions->exceptionHandler(Object(CodeIgniter\Exceptions\PageNotFoundException))
#3 {main}
  thrown
#0 [internal function]: CodeIgniter\Debug\Exceptions->shutdownHandler()
#1 {main}
CRITICAL - 2023-07-15 09:22:58 --> Uncaught Error: Call to undefined method CodeIgniter\Debug\Exceptions::include() in C:\xampp\htdocs\edsa\app\Views\errors\html\error_404.php:1
Stack trace:
#0 C:\xampp\htdocs\edsa\system\Debug\Exceptions.php(281): include()
#1 C:\xampp\htdocs\edsa\system\Debug\Exceptions.php(147): CodeIgniter\Debug\Exceptions->render(Object(CodeIgniter\Exceptions\PageNotFoundException), 404)
#2 [internal function]: CodeIgniter\Debug\Exceptions->exceptionHandler(Object(CodeIgniter\Exceptions\PageNotFoundException))
#3 {main}
  thrown
#0 [internal function]: CodeIgniter\Debug\Exceptions->shutdownHandler()
#1 {main}
CRITICAL - 2023-07-15 09:23:00 --> Uncaught Error: Call to undefined method CodeIgniter\Debug\Exceptions::include() in C:\xampp\htdocs\edsa\app\Views\errors\html\error_404.php:1
Stack trace:
#0 C:\xampp\htdocs\edsa\system\Debug\Exceptions.php(281): include()
#1 C:\xampp\htdocs\edsa\system\Debug\Exceptions.php(147): CodeIgniter\Debug\Exceptions->render(Object(CodeIgniter\Exceptions\PageNotFoundException), 404)
#2 [internal function]: CodeIgniter\Debug\Exceptions->exceptionHandler(Object(CodeIgniter\Exceptions\PageNotFoundException))
#3 {main}
  thrown
#0 [internal function]: CodeIgniter\Debug\Exceptions->shutdownHandler()
#1 {main}
CRITICAL - 2023-07-15 09:23:07 --> Uncaught Error: Call to undefined method CodeIgniter\Debug\Exceptions::include() in C:\xampp\htdocs\edsa\app\Views\errors\html\error_404.php:1
Stack trace:
#0 C:\xampp\htdocs\edsa\system\Debug\Exceptions.php(281): include()
#1 C:\xampp\htdocs\edsa\system\Debug\Exceptions.php(147): CodeIgniter\Debug\Exceptions->render(Object(CodeIgniter\Exceptions\PageNotFoundException), 404)
#2 [internal function]: CodeIgniter\Debug\Exceptions->exceptionHandler(Object(CodeIgniter\Exceptions\PageNotFoundException))
#3 {main}
  thrown
#0 [internal function]: CodeIgniter\Debug\Exceptions->shutdownHandler()
#1 {main}
CRITICAL - 2023-07-15 09:23:09 --> Uncaught Error: Call to undefined method CodeIgniter\Debug\Exceptions::include() in C:\xampp\htdocs\edsa\app\Views\errors\html\error_404.php:1
Stack trace:
#0 C:\xampp\htdocs\edsa\system\Debug\Exceptions.php(281): include()
#1 C:\xampp\htdocs\edsa\system\Debug\Exceptions.php(147): CodeIgniter\Debug\Exceptions->render(Object(CodeIgniter\Exceptions\PageNotFoundException), 404)
#2 [internal function]: CodeIgniter\Debug\Exceptions->exceptionHandler(Object(CodeIgniter\Exceptions\PageNotFoundException))
#3 {main}
  thrown
#0 [internal function]: CodeIgniter\Debug\Exceptions->shutdownHandler()
#1 {main}
CRITICAL - 2023-07-15 09:23:09 --> Uncaught Error: Call to undefined method CodeIgniter\Debug\Exceptions::include() in C:\xampp\htdocs\edsa\app\Views\errors\html\error_404.php:1
Stack trace:
#0 C:\xampp\htdocs\edsa\system\Debug\Exceptions.php(281): include()
#1 C:\xampp\htdocs\edsa\system\Debug\Exceptions.php(147): CodeIgniter\Debug\Exceptions->render(Object(CodeIgniter\Exceptions\PageNotFoundException), 404)
#2 [internal function]: CodeIgniter\Debug\Exceptions->exceptionHandler(Object(CodeIgniter\Exceptions\PageNotFoundException))
#3 {main}
  thrown
#0 [internal function]: CodeIgniter\Debug\Exceptions->shutdownHandler()
#1 {main}
